#
# There is insufficient memory for the Java Runtime Environment to continue.
# Native memory allocation (malloc) failed to allocate 170736 bytes. Error detail: Chunk::new
# Possible reasons:
#   The system is out of physical RAM or swap space
#   This process is running with CompressedOops enabled, and the Java Heap may be blocking the growth of the native heap
# Possible solutions:
#   Reduce memory load on the system
#   Increase physical memory or swap space
#   Check if swap backing store is full
#   Decrease Java heap size (-Xmx/-Xms)
#   Decrease number of Java threads
#   Decrease Java thread stack sizes (-Xss)
#   Set larger code cache with -XX:ReservedCodeCacheSize=
#   JVM is running with Unscaled Compressed Oops mode in which the Java heap is
#     placed in the first 4GB address space. The Java Heap base address is the
#     maximum limit for the native heap growth. Please use -XX:HeapBaseMinAddress
#     to set the Java Heap base and to place the Java Heap above 4GB virtual address.
# This output file may be truncated or incomplete.
#
#  Out of Memory Error (arena.cpp:168), pid=7352, tid=1532
#
# JRE version: OpenJDK Runtime Environment (21.0.5) (build 21.0.5+-12932927-b750.29)
# Java VM: OpenJDK 64-Bit Server VM (21.0.5+-12932927-b750.29, mixed mode, tiered, compressed oops, compressed class ptrs, g1 gc, windows-amd64)
# No core dump will be written. Minidumps are not enabled by default on client versions of Windows
#

---------------  S U M M A R Y ------------

Command Line: --add-opens=java.base/java.util=ALL-UNNAMED --add-opens=java.base/java.lang=ALL-UNNAMED --add-opens=java.base/java.lang.invoke=ALL-UNNAMED --add-opens=java.prefs/java.util.prefs=ALL-UNNAMED --add-exports=jdk.compiler/com.sun.tools.javac.api=ALL-UNNAMED --add-exports=jdk.compiler/com.sun.tools.javac.util=ALL-UNNAMED --add-opens=java.base/java.nio.charset=ALL-UNNAMED --add-opens=java.base/java.net=ALL-UNNAMED --add-opens=java.base/java.util.concurrent.atomic=ALL-UNNAMED -Xmx2048m -Dfile.encoding=UTF-8 -Duser.country=ID -Duser.language=en -Duser.variant -javaagent:C:\Users\LENOVO\.gradle\wrapper\dists\gradle-8.10.2-bin\a04bxjujx95o3nb99gddekhwo\gradle-8.10.2\lib\agents\gradle-instrumentation-agent-8.10.2.jar org.gradle.launcher.daemon.bootstrap.GradleDaemon 8.10.2

Host: AMD Ryzen 7 7730U with Radeon Graphics         , 16 cores, 13G,  Windows 11 , 64 bit Build 22621 (10.0.22621.3672)
Time: Sun May 11 10:30:12 2025 SE Asia Standard Time elapsed time: 7.083899 seconds (0d 0h 0m 7s)

---------------  T H R E A D  ---------------

Current thread (0x0000021bf90c5220):  JavaThread "C2 CompilerThread6" daemon [_thread_in_native, id=1532, stack(0x000000f988c00000,0x000000f988d00000) (1024K)]


Current CompileTask:
C2:7084 8240       4       java.util.function.Predicate$$Lambda/0x000000010026c680::test (15 bytes)

Stack: [0x000000f988c00000,0x000000f988d00000]
Native frames: (J=compiled Java code, j=interpreted, Vv=VM code, C=native code)
V  [jvm.dll+0x6cfb29]
V  [jvm.dll+0x85ded3]
V  [jvm.dll+0x86042e]
V  [jvm.dll+0x860b13]
V  [jvm.dll+0x27e6b6]
V  [jvm.dll+0xbff6d]
V  [jvm.dll+0xc04a3]
V  [jvm.dll+0x3b5ffb]
V  [jvm.dll+0x1de852]
V  [jvm.dll+0x247db4]
V  [jvm.dll+0x247231]
V  [jvm.dll+0x1c5ee4]
V  [jvm.dll+0x25697c]
V  [jvm.dll+0x254ec6]
V  [jvm.dll+0x3f0ce6]
V  [jvm.dll+0x806368]
V  [jvm.dll+0x6ce3fd]
C  [ucrtbase.dll+0x29333]
C  [KERNEL32.DLL+0x1257d]
C  [ntdll.dll+0x5af28]


---------------  P R O C E S S  ---------------

Threads class SMR info:
_java_thread_list=0x0000021bf91dad80, length=86, elements={
0x0000021bd7163c00, 0x0000021bf18d7730, 0x0000021bf18d8b50, 0x0000021bf18faf60,
0x0000021bf18fbd20, 0x0000021bf18f04b0, 0x0000021bf18f0b10, 0x0000021bf18f1890,
0x0000021bf18f2450, 0x0000021bf1903e80, 0x0000021bf1a91680, 0x0000021bf1a91d50,
0x0000021bf615c830, 0x0000021bf1a8fb40, 0x0000021bf1a90fb0, 0x0000021bf7e022f0,
0x0000021bf807db80, 0x0000021bf824b420, 0x0000021bf80e11b0, 0x0000021bf80d5690,
0x0000021bf7e70ef0, 0x0000021bf7ec4a90, 0x0000021bf7ebf800, 0x0000021bf7116ad0,
0x0000021bf7118ba0, 0x0000021bf7117e80, 0x0000021bf7117160, 0x0000021bf71177f0,
0x0000021bf1a92420, 0x0000021bf83179d0, 0x0000021bf83131a0, 0x0000021bf8312480,
0x0000021bf8316cb0, 0x0000021bf8314550, 0x0000021bf8317340, 0x0000021bf8318d80,
0x0000021bf8312b10, 0x0000021bf87854d0, 0x0000021bf8786f10, 0x0000021bf878b740,
0x0000021bf878aa20, 0x0000021bf878bdd0, 0x0000021bf87861f0, 0x0000021bf8788950,
0x0000021bf8784e40, 0x0000021bf878c460, 0x0000021bf8786880, 0x0000021bf87875a0,
0x0000021bf8787c30, 0x0000021bf87882c0, 0x0000021bf878a390, 0x0000021bf878b0b0,
0x0000021bf8788fe0, 0x0000021bf8789670, 0x0000021bf8789d00, 0x0000021bf8319aa0,
0x0000021bfcbea3e0, 0x0000021bfcbeb100, 0x0000021bfcbee580, 0x0000021bfcbe9030,
0x0000021bfcbe9d50, 0x0000021bfcbef2a0, 0x0000021bfcbedef0, 0x0000021bfcbe8310,
0x0000021bfcbeaa70, 0x0000021bfcbeb790, 0x0000021bfcbef930, 0x0000021bf1a90210,
0x0000021bfcbe89a0, 0x0000021bfcbed1d0, 0x0000021bfcbebe20, 0x0000021bfcbec4b0,
0x0000021bfcbecb40, 0x0000021bfcbeec10, 0x0000021bfcbed860, 0x0000021bfcbe96c0,
0x0000021bf927d1d0, 0x0000021bf92847f0, 0x0000021bf927d860, 0x0000021bf927def0,
0x0000021bf9281a00, 0x0000021bf9281370, 0x0000021bf9283440, 0x0000021bf90c2940,
0x0000021bf90c4b50, 0x0000021bf90c5220
}

Java Threads: ( => current thread )
  0x0000021bd7163c00 JavaThread "main"                              [_thread_blocked, id=3504, stack(0x000000f982200000,0x000000f982300000) (1024K)]
  0x0000021bf18d7730 JavaThread "Reference Handler"          daemon [_thread_blocked, id=3844, stack(0x000000f982a00000,0x000000f982b00000) (1024K)]
  0x0000021bf18d8b50 JavaThread "Finalizer"                  daemon [_thread_blocked, id=3856, stack(0x000000f982b00000,0x000000f982c00000) (1024K)]
  0x0000021bf18faf60 JavaThread "Signal Dispatcher"          daemon [_thread_blocked, id=4052, stack(0x000000f982c00000,0x000000f982d00000) (1024K)]
  0x0000021bf18fbd20 JavaThread "Attach Listener"            daemon [_thread_blocked, id=3436, stack(0x000000f982d00000,0x000000f982e00000) (1024K)]
  0x0000021bf18f04b0 JavaThread "Service Thread"             daemon [_thread_blocked, id=5068, stack(0x000000f982e00000,0x000000f982f00000) (1024K)]
  0x0000021bf18f0b10 JavaThread "Monitor Deflation Thread"   daemon [_thread_blocked, id=21524, stack(0x000000f982f00000,0x000000f983000000) (1024K)]
  0x0000021bf18f1890 JavaThread "C2 CompilerThread0"         daemon [_thread_in_native, id=20276, stack(0x000000f983000000,0x000000f983100000) (1024K)]
  0x0000021bf18f2450 JavaThread "C1 CompilerThread0"         daemon [_thread_blocked, id=2444, stack(0x000000f983100000,0x000000f983200000) (1024K)]
  0x0000021bf1903e80 JavaThread "Common-Cleaner"             daemon [_thread_blocked, id=4312, stack(0x000000f983200000,0x000000f983300000) (1024K)]
  0x0000021bf1a91680 JavaThread "C1 CompilerThread1"         daemon [_thread_blocked, id=11728, stack(0x000000f983300000,0x000000f983400000) (1024K)]
  0x0000021bf1a91d50 JavaThread "C1 CompilerThread2"         daemon [_thread_blocked, id=10392, stack(0x000000f983400000,0x000000f983500000) (1024K)]
  0x0000021bf615c830 JavaThread "Notification Thread"        daemon [_thread_blocked, id=16192, stack(0x000000f983500000,0x000000f983600000) (1024K)]
  0x0000021bf1a8fb40 JavaThread "C2 CompilerThread1"         daemon [_thread_in_native, id=11456, stack(0x000000f983600000,0x000000f983700000) (1024K)]
  0x0000021bf1a90fb0 JavaThread "C1 CompilerThread3"         daemon [_thread_blocked, id=9204, stack(0x000000f983c00000,0x000000f983d00000) (1024K)]
  0x0000021bf7e022f0 JavaThread "Daemon health stats"               [_thread_blocked, id=7844, stack(0x000000f983f00000,0x000000f984000000) (1024K)]
  0x0000021bf807db80 JavaThread "Incoming local TCP Connector on port 61066"        [_thread_in_native, id=21984, stack(0x000000f984000000,0x000000f984100000) (1024K)]
  0x0000021bf824b420 JavaThread "Daemon periodic checks"            [_thread_blocked, id=17096, stack(0x000000f984100000,0x000000f984200000) (1024K)]
  0x0000021bf80e11b0 JavaThread "Daemon"                            [_thread_blocked, id=21748, stack(0x000000f984200000,0x000000f984300000) (1024K)]
  0x0000021bf80d5690 JavaThread "Handler for socket connection from /127.0.0.1:61066 to /127.0.0.1:61067"        [_thread_in_native, id=3996, stack(0x000000f984300000,0x000000f984400000) (1024K)]
  0x0000021bf7e70ef0 JavaThread "Cancel handler"                    [_thread_blocked, id=20456, stack(0x000000f984400000,0x000000f984500000) (1024K)]
  0x0000021bf7ec4a90 JavaThread "Daemon worker"                     [_thread_blocked, id=9460, stack(0x000000f984500000,0x000000f984600000) (1024K)]
  0x0000021bf7ebf800 JavaThread "Asynchronous log dispatcher for DefaultDaemonConnection: socket connection from /127.0.0.1:61066 to /127.0.0.1:61067"        [_thread_blocked, id=2404, stack(0x000000f984600000,0x000000f984700000) (1024K)]
  0x0000021bf7116ad0 JavaThread "Stdin handler"                     [_thread_blocked, id=22356, stack(0x000000f984700000,0x000000f984800000) (1024K)]
  0x0000021bf7118ba0 JavaThread "Daemon client event forwarder"        [_thread_blocked, id=21252, stack(0x000000f984800000,0x000000f984900000) (1024K)]
  0x0000021bf7117e80 JavaThread "Cache worker for journal cache (C:\Users\LENOVO\.gradle\caches\journal-1)"        [_thread_blocked, id=19724, stack(0x000000f985000000,0x000000f985100000) (1024K)]
  0x0000021bf7117160 JavaThread "File lock request listener"        [_thread_in_native, id=14520, stack(0x000000f985100000,0x000000f985200000) (1024K)]
  0x0000021bf71177f0 JavaThread "Cache worker for file hash cache (C:\Users\LENOVO\.gradle\caches\8.10.2\fileHashes)"        [_thread_in_vm, id=21328, stack(0x000000f985200000,0x000000f985300000) (1024K)]
  0x0000021bf1a92420 JavaThread "C2 CompilerThread2"         daemon [_thread_in_native, id=3760, stack(0x000000f985300000,0x000000f985400000) (1024K)]
  0x0000021bf83179d0 JavaThread "Cache worker for file hash cache (C:\Users\LENOVO\AndroidStudioProjects\FragmentFerdilan\.gradle\8.10.2\fileHashes)"        [_thread_blocked, id=4788, stack(0x000000f985500000,0x000000f985600000) (1024K)]
  0x0000021bf83131a0 JavaThread "Cache worker for Build Output Cleanup Cache (C:\Users\LENOVO\AndroidStudioProjects\FragmentFerdilan\.gradle\buildOutputCleanup)"        [_thread_blocked, id=10856, stack(0x000000f985600000,0x000000f985700000) (1024K)]
  0x0000021bf8312480 JavaThread "File watcher server"        daemon [_thread_in_native, id=21752, stack(0x000000f985800000,0x000000f985900000) (1024K)]
  0x0000021bf8316cb0 JavaThread "File watcher consumer"      daemon [_thread_blocked, id=10788, stack(0x000000f985900000,0x000000f985a00000) (1024K)]
  0x0000021bf8314550 JavaThread "Cache worker for checksums cache (C:\Users\LENOVO\AndroidStudioProjects\FragmentFerdilan\.gradle\8.10.2\checksums)"        [_thread_blocked, id=9332, stack(0x000000f985a00000,0x000000f985b00000) (1024K)]
  0x0000021bf8317340 JavaThread "Cache worker for file content cache (C:\Users\LENOVO\.gradle\caches\8.10.2\fileContent)"        [_thread_blocked, id=21268, stack(0x000000f985b00000,0x000000f985c00000) (1024K)]
  0x0000021bf8318d80 JavaThread "Cache worker for cache directory md-rule (C:\Users\LENOVO\.gradle\caches\8.10.2\md-rule)"        [_thread_blocked, id=17888, stack(0x000000f985c00000,0x000000f985d00000) (1024K)]
  0x0000021bf8312b10 JavaThread "Cache worker for cache directory md-supplier (C:\Users\LENOVO\.gradle\caches\8.10.2\md-supplier)"        [_thread_blocked, id=21988, stack(0x000000f985d00000,0x000000f985e00000) (1024K)]
  0x0000021bf87854d0 JavaThread "Unconstrained build operations"        [_thread_blocked, id=3252, stack(0x000000f985400000,0x000000f985500000) (1024K)]
  0x0000021bf8786f10 JavaThread "Unconstrained build operations Thread 2"        [_thread_blocked, id=18844, stack(0x000000f985700000,0x000000f985800000) (1024K)]
  0x0000021bf878b740 JavaThread "Unconstrained build operations Thread 3"        [_thread_blocked, id=20676, stack(0x000000f985e00000,0x000000f985f00000) (1024K)]
  0x0000021bf878aa20 JavaThread "Unconstrained build operations Thread 4"        [_thread_blocked, id=22344, stack(0x000000f985f00000,0x000000f986000000) (1024K)]
  0x0000021bf878bdd0 JavaThread "Unconstrained build operations Thread 5"        [_thread_blocked, id=14084, stack(0x000000f986000000,0x000000f986100000) (1024K)]
  0x0000021bf87861f0 JavaThread "Unconstrained build operations Thread 6"        [_thread_blocked, id=13240, stack(0x000000f986100000,0x000000f986200000) (1024K)]
  0x0000021bf8788950 JavaThread "Unconstrained build operations Thread 7"        [_thread_blocked, id=5660, stack(0x000000f986200000,0x000000f986300000) (1024K)]
  0x0000021bf8784e40 JavaThread "Unconstrained build operations Thread 8"        [_thread_blocked, id=17848, stack(0x000000f986300000,0x000000f986400000) (1024K)]
  0x0000021bf878c460 JavaThread "Unconstrained build operations Thread 9"        [_thread_blocked, id=8796, stack(0x000000f986400000,0x000000f986500000) (1024K)]
  0x0000021bf8786880 JavaThread "Unconstrained build operations Thread 10"        [_thread_blocked, id=18552, stack(0x000000f986500000,0x000000f986600000) (1024K)]
  0x0000021bf87875a0 JavaThread "Unconstrained build operations Thread 11"        [_thread_blocked, id=16300, stack(0x000000f986600000,0x000000f986700000) (1024K)]
  0x0000021bf8787c30 JavaThread "Unconstrained build operations Thread 12"        [_thread_blocked, id=3236, stack(0x000000f986700000,0x000000f986800000) (1024K)]
  0x0000021bf87882c0 JavaThread "Unconstrained build operations Thread 13"        [_thread_blocked, id=11076, stack(0x000000f986800000,0x000000f986900000) (1024K)]
  0x0000021bf878a390 JavaThread "Unconstrained build operations Thread 14"        [_thread_blocked, id=3432, stack(0x000000f986900000,0x000000f986a00000) (1024K)]
  0x0000021bf878b0b0 JavaThread "Unconstrained build operations Thread 15"        [_thread_blocked, id=19292, stack(0x000000f986a00000,0x000000f986b00000) (1024K)]
  0x0000021bf8788fe0 JavaThread "Unconstrained build operations Thread 16"        [_thread_blocked, id=21256, stack(0x000000f986b00000,0x000000f986c00000) (1024K)]
  0x0000021bf8789670 JavaThread "Unconstrained build operations Thread 17"        [_thread_blocked, id=20372, stack(0x000000f986c00000,0x000000f986d00000) (1024K)]
  0x0000021bf8789d00 JavaThread "Unconstrained build operations Thread 18"        [_thread_blocked, id=5768, stack(0x000000f986d00000,0x000000f986e00000) (1024K)]
  0x0000021bf8319aa0 JavaThread "Unconstrained build operations Thread 19"        [_thread_blocked, id=20976, stack(0x000000f986e00000,0x000000f986f00000) (1024K)]
  0x0000021bfcbea3e0 JavaThread "Unconstrained build operations Thread 20"        [_thread_blocked, id=14932, stack(0x000000f986f00000,0x000000f987000000) (1024K)]
  0x0000021bfcbeb100 JavaThread "Unconstrained build operations Thread 21"        [_thread_blocked, id=21708, stack(0x000000f987000000,0x000000f987100000) (1024K)]
  0x0000021bfcbee580 JavaThread "Unconstrained build operations Thread 22"        [_thread_blocked, id=19608, stack(0x000000f987100000,0x000000f987200000) (1024K)]
  0x0000021bfcbe9030 JavaThread "Unconstrained build operations Thread 23"        [_thread_blocked, id=22216, stack(0x000000f987200000,0x000000f987300000) (1024K)]
  0x0000021bfcbe9d50 JavaThread "Unconstrained build operations Thread 24"        [_thread_blocked, id=22324, stack(0x000000f987300000,0x000000f987400000) (1024K)]
  0x0000021bfcbef2a0 JavaThread "Unconstrained build operations Thread 25"        [_thread_blocked, id=11476, stack(0x000000f987400000,0x000000f987500000) (1024K)]
  0x0000021bfcbedef0 JavaThread "Unconstrained build operations Thread 26"        [_thread_blocked, id=17556, stack(0x000000f987500000,0x000000f987600000) (1024K)]
  0x0000021bfcbe8310 JavaThread "Unconstrained build operations Thread 27"        [_thread_blocked, id=15740, stack(0x000000f987600000,0x000000f987700000) (1024K)]
  0x0000021bfcbeaa70 JavaThread "Unconstrained build operations Thread 28"        [_thread_blocked, id=3688, stack(0x000000f987700000,0x000000f987800000) (1024K)]
  0x0000021bfcbeb790 JavaThread "Unconstrained build operations Thread 29"        [_thread_blocked, id=19592, stack(0x000000f987800000,0x000000f987900000) (1024K)]
  0x0000021bfcbef930 JavaThread "Unconstrained build operations Thread 30"        [_thread_blocked, id=7348, stack(0x000000f987900000,0x000000f987a00000) (1024K)]
  0x0000021bf1a90210 JavaThread "C2 CompilerThread3"         daemon [_thread_in_native, id=18772, stack(0x000000f987a00000,0x000000f987b00000) (1024K)]
  0x0000021bfcbe89a0 JavaThread "Unconstrained build operations Thread 31"        [_thread_in_Java, id=11936, stack(0x000000f987b00000,0x000000f987c00000) (1024K)]
  0x0000021bfcbed1d0 JavaThread "Unconstrained build operations Thread 32"        [_thread_in_Java, id=12132, stack(0x000000f987c00000,0x000000f987d00000) (1024K)]
  0x0000021bfcbebe20 JavaThread "Unconstrained build operations Thread 33"        [_thread_blocked, id=18212, stack(0x000000f987d00000,0x000000f987e00000) (1024K)]
  0x0000021bfcbec4b0 JavaThread "Unconstrained build operations Thread 34"        [_thread_blocked, id=18304, stack(0x000000f987e00000,0x000000f987f00000) (1024K)]
  0x0000021bfcbecb40 JavaThread "Unconstrained build operations Thread 35"        [_thread_blocked, id=2044, stack(0x000000f987f00000,0x000000f988000000) (1024K)]
  0x0000021bfcbeec10 JavaThread "Unconstrained build operations Thread 36"        [_thread_blocked, id=2216, stack(0x000000f988000000,0x000000f988100000) (1024K)]
  0x0000021bfcbed860 JavaThread "Unconstrained build operations Thread 37"        [_thread_in_vm, id=17112, stack(0x000000f988100000,0x000000f988200000) (1024K)]
  0x0000021bfcbe96c0 JavaThread "Unconstrained build operations Thread 38"        [_thread_in_Java, id=12564, stack(0x000000f988200000,0x000000f988300000) (1024K)]
  0x0000021bf927d1d0 JavaThread "Unconstrained build operations Thread 39"        [_thread_in_Java, id=2816, stack(0x000000f988300000,0x000000f988400000) (1024K)]
  0x0000021bf92847f0 JavaThread "Unconstrained build operations Thread 40"        [_thread_in_vm, id=17132, stack(0x000000f988400000,0x000000f988500000) (1024K)]
  0x0000021bf927d860 JavaThread "Unconstrained build operations Thread 41"        [_thread_blocked, id=2772, stack(0x000000f988500000,0x000000f988600000) (1024K)]
  0x0000021bf927def0 JavaThread "Unconstrained build operations Thread 42"        [_thread_blocked, id=4032, stack(0x000000f988600000,0x000000f988700000) (1024K)]
  0x0000021bf9281a00 JavaThread "Unconstrained build operations Thread 43"        [_thread_blocked, id=3220, stack(0x000000f988700000,0x000000f988800000) (1024K)]
  0x0000021bf9281370 JavaThread "Unconstrained build operations Thread 44"        [_thread_in_native, id=13048, stack(0x000000f988800000,0x000000f988900000) (1024K)]
  0x0000021bf9283440 JavaThread "Unconstrained build operations Thread 45"        [_thread_in_native, id=15124, stack(0x000000f988900000,0x000000f988a00000) (1024K)]
  0x0000021bf90c2940 JavaThread "C2 CompilerThread4"         daemon [_thread_in_native, id=1060, stack(0x000000f988a00000,0x000000f988b00000) (1024K)]
  0x0000021bf90c4b50 JavaThread "C2 CompilerThread5"         daemon [_thread_in_native, id=21820, stack(0x000000f988b00000,0x000000f988c00000) (1024K)]
=>0x0000021bf90c5220 JavaThread "C2 CompilerThread6"         daemon [_thread_in_native, id=1532, stack(0x000000f988c00000,0x000000f988d00000) (1024K)]
Total: 86

Other Threads:
  0x0000021bf168e550 VMThread "VM Thread"                           [id=3852, stack(0x000000f982900000,0x000000f982a00000) (1024K)]
  0x0000021bf167a110 WatcherThread "VM Periodic Task Thread"        [id=3500, stack(0x000000f982800000,0x000000f982900000) (1024K)]
  0x0000021bd9548500 WorkerThread "GC Thread#0"                     [id=3508, stack(0x000000f982300000,0x000000f982400000) (1024K)]
  0x0000021bf65e03c0 WorkerThread "GC Thread#1"                     [id=21192, stack(0x000000f983800000,0x000000f983900000) (1024K)]
  0x0000021bf62e3a60 WorkerThread "GC Thread#2"                     [id=3140, stack(0x000000f983900000,0x000000f983a00000) (1024K)]
  0x0000021bf6223950 WorkerThread "GC Thread#3"                     [id=2264, stack(0x000000f983a00000,0x000000f983b00000) (1024K)]
  0x0000021bf62240f0 WorkerThread "GC Thread#4"                     [id=17292, stack(0x000000f983b00000,0x000000f983c00000) (1024K)]
  0x0000021bf7ed9280 WorkerThread "GC Thread#5"                     [id=9348, stack(0x000000f983700000,0x000000f983800000) (1024K)]
  0x0000021bf7c84da0 WorkerThread "GC Thread#6"                     [id=388, stack(0x000000f983d00000,0x000000f983e00000) (1024K)]
  0x0000021bf7bca120 WorkerThread "GC Thread#7"                     [id=19664, stack(0x000000f983e00000,0x000000f983f00000) (1024K)]
  0x0000021bf7bc9d80 WorkerThread "GC Thread#8"                     [id=21912, stack(0x000000f984900000,0x000000f984a00000) (1024K)]
  0x0000021bf7bc8f00 WorkerThread "GC Thread#9"                     [id=21540, stack(0x000000f984a00000,0x000000f984b00000) (1024K)]
  0x0000021bf7bc8b60 WorkerThread "GC Thread#10"                    [id=22428, stack(0x000000f984b00000,0x000000f984c00000) (1024K)]
  0x0000021bf7bca4c0 WorkerThread "GC Thread#11"                    [id=20896, stack(0x000000f984c00000,0x000000f984d00000) (1024K)]
  0x0000021bf7bc92a0 WorkerThread "GC Thread#12"                    [id=15280, stack(0x000000f984d00000,0x000000f984e00000) (1024K)]
  0x0000021bd95594e0 ConcurrentGCThread "G1 Main Marker"            [id=3148, stack(0x000000f982400000,0x000000f982500000) (1024K)]
  0x0000021bd955a150 WorkerThread "G1 Conc#0"                       [id=3624, stack(0x000000f982500000,0x000000f982600000) (1024K)]
  0x0000021bf7bc9640 WorkerThread "G1 Conc#1"                       [id=9200, stack(0x000000f984e00000,0x000000f984f00000) (1024K)]
  0x0000021bf7bc99e0 WorkerThread "G1 Conc#2"                       [id=21908, stack(0x000000f984f00000,0x000000f985000000) (1024K)]
  0x0000021bf154eb00 ConcurrentGCThread "G1 Refine#0"               [id=3636, stack(0x000000f982600000,0x000000f982700000) (1024K)]
  0x0000021bf154f580 ConcurrentGCThread "G1 Service"                [id=3840, stack(0x000000f982700000,0x000000f982800000) (1024K)]
Total: 21

Threads with active compile tasks:
C2 CompilerThread0  7113 8260       4       com.google.common.collect.Interners$InternerImpl::intern (54 bytes)
C2 CompilerThread1  7114 7181       4       java.lang.invoke.MethodType::makeImpl (109 bytes)
C2 CompilerThread2  7114 8212       4       org.gradle.cache.internal.btree.CachingBlockStore::read (56 bytes)
C2 CompilerThread3  7114 8389       4       org.gradle.api.internal.cache.StringInterner::intern (9 bytes)
C2 CompilerThread4  7114 8364       4       com.google.common.collect.ImmutableMap$Builder::put (35 bytes)
C2 CompilerThread5  7114 8326       4       org.gradle.cache.internal.btree.FreeListBlockStore::read (12 bytes)
C2 CompilerThread6  7114 8240       4       java.util.function.Predicate$$Lambda/0x000000010026c680::test (15 bytes)
Total: 7

VM state: not at safepoint (normal execution)

VM Mutex/Monitor currently owned by a thread: None

Heap address: 0x0000000080000000, size: 2048 MB, Compressed Oops mode: 32-bit

CDS archive(s) not mapped
Compressed class space mapped at: 0x0000000100000000-0x0000000140000000, reserved size: 1073741824
Narrow klass base: 0x0000000000000000, Narrow klass shift: 3, Narrow klass range: 0x140000000

GC Precious Log:
 CardTable entry size: 512
 Card Set container configuration: InlinePtr #cards 5 size 8 Array Of Cards #cards 12 size 40 Howl #buckets 4 coarsen threshold 1843 Howl Bitmap #cards 512 size 80 coarsen threshold 460 Card regions per heap region 1 cards per card region 2048
 CPUs: 16 total, 16 available
 Memory: 14173M
 Large Page Support: Disabled
 NUMA Support: Disabled
 Compressed Oops: Enabled (32-bit)
 Heap Region Size: 1M
 Heap Min Capacity: 8M
 Heap Initial Capacity: 222M
 Heap Max Capacity: 2G
 Pre-touch: Disabled
 Parallel Workers: 13
 Concurrent Workers: 3
 Concurrent Refinement Workers: 13
 Periodic GC: Disabled

Heap:
 garbage-first heap   total 104448K, used 80353K [0x0000000080000000, 0x0000000100000000)
  region size 1024K, 37 young (37888K), 4 survivors (4096K)
 Metaspace       used 66818K, committed 68480K, reserved 1114112K
  class space    used 9059K, committed 9856K, reserved 1048576K

Heap Regions: E=young(eden), S=young(survivor), O=old, HS=humongous(starts), HC=humongous(continues), CS=collection set, F=free, TAMS=top-at-mark-start, PB=parsable bottom
|   0|0x0000000080000000, 0x0000000080100000, 0x0000000080100000|100%| O|  |TAMS 0x0000000080000000| PB 0x0000000080000000| Untracked 
|   1|0x0000000080100000, 0x0000000080200000, 0x0000000080200000|100%|HS|  |TAMS 0x0000000080100000| PB 0x0000000080100000| Complete 
|   2|0x0000000080200000, 0x0000000080300000, 0x0000000080300000|100%|HC|  |TAMS 0x0000000080200000| PB 0x0000000080200000| Complete 
|   3|0x0000000080300000, 0x0000000080400000, 0x0000000080400000|100%|HC|  |TAMS 0x0000000080300000| PB 0x0000000080300000| Complete 
|   4|0x0000000080400000, 0x0000000080500000, 0x0000000080500000|100%|HC|  |TAMS 0x0000000080400000| PB 0x0000000080400000| Complete 
|   5|0x0000000080500000, 0x0000000080600000, 0x0000000080600000|100%| O|  |TAMS 0x0000000080500000| PB 0x0000000080500000| Untracked 
|   6|0x0000000080600000, 0x0000000080700000, 0x0000000080700000|100%| O|  |TAMS 0x0000000080600000| PB 0x0000000080600000| Untracked 
|   7|0x0000000080700000, 0x0000000080800000, 0x0000000080800000|100%| O|  |TAMS 0x0000000080700000| PB 0x0000000080700000| Untracked 
|   8|0x0000000080800000, 0x0000000080900000, 0x0000000080900000|100%|HS|  |TAMS 0x0000000080800000| PB 0x0000000080800000| Complete 
|   9|0x0000000080900000, 0x0000000080a00000, 0x0000000080a00000|100%| O|  |TAMS 0x0000000080900000| PB 0x0000000080900000| Untracked 
|  10|0x0000000080a00000, 0x0000000080b00000, 0x0000000080b00000|100%| O|  |TAMS 0x0000000080a00000| PB 0x0000000080a00000| Untracked 
|  11|0x0000000080b00000, 0x0000000080c00000, 0x0000000080c00000|100%| O|  |TAMS 0x0000000080b00000| PB 0x0000000080b00000| Untracked 
|  12|0x0000000080c00000, 0x0000000080d00000, 0x0000000080d00000|100%| O|  |TAMS 0x0000000080c00000| PB 0x0000000080c00000| Untracked 
|  13|0x0000000080d00000, 0x0000000080e00000, 0x0000000080e00000|100%| O|  |TAMS 0x0000000080d00000| PB 0x0000000080d00000| Untracked 
|  14|0x0000000080e00000, 0x0000000080f00000, 0x0000000080f00000|100%| O|  |TAMS 0x0000000080e00000| PB 0x0000000080e00000| Untracked 
|  15|0x0000000080f00000, 0x0000000081000000, 0x0000000081000000|100%| O|  |TAMS 0x0000000080f00000| PB 0x0000000080f00000| Untracked 
|  16|0x0000000081000000, 0x0000000081100000, 0x0000000081100000|100%| O|  |TAMS 0x0000000081000000| PB 0x0000000081000000| Untracked 
|  17|0x0000000081100000, 0x0000000081200000, 0x0000000081200000|100%| O|  |TAMS 0x0000000081100000| PB 0x0000000081100000| Untracked 
|  18|0x0000000081200000, 0x0000000081300000, 0x0000000081300000|100%| O|  |TAMS 0x0000000081200000| PB 0x0000000081200000| Untracked 
|  19|0x0000000081300000, 0x0000000081400000, 0x0000000081400000|100%| O|  |TAMS 0x0000000081300000| PB 0x0000000081300000| Untracked 
|  20|0x0000000081400000, 0x0000000081500000, 0x0000000081500000|100%| O|  |TAMS 0x0000000081400000| PB 0x0000000081400000| Untracked 
|  21|0x0000000081500000, 0x0000000081600000, 0x0000000081600000|100%| O|  |TAMS 0x0000000081500000| PB 0x0000000081500000| Untracked 
|  22|0x0000000081600000, 0x0000000081700000, 0x0000000081700000|100%| O|  |TAMS 0x0000000081600000| PB 0x0000000081600000| Untracked 
|  23|0x0000000081700000, 0x0000000081800000, 0x0000000081800000|100%| O|  |TAMS 0x0000000081700000| PB 0x0000000081700000| Untracked 
|  24|0x0000000081800000, 0x0000000081900000, 0x0000000081900000|100%| O|  |TAMS 0x0000000081800000| PB 0x0000000081800000| Untracked 
|  25|0x0000000081900000, 0x0000000081a00000, 0x0000000081a00000|100%| O|  |TAMS 0x0000000081900000| PB 0x0000000081900000| Untracked 
|  26|0x0000000081a00000, 0x0000000081b00000, 0x0000000081b00000|100%| O|  |TAMS 0x0000000081a00000| PB 0x0000000081a00000| Untracked 
|  27|0x0000000081b00000, 0x0000000081c00000, 0x0000000081c00000|100%| O|  |TAMS 0x0000000081b00000| PB 0x0000000081b00000| Untracked 
|  28|0x0000000081c00000, 0x0000000081d00000, 0x0000000081d00000|100%| O|  |TAMS 0x0000000081c00000| PB 0x0000000081c00000| Untracked 
|  29|0x0000000081d00000, 0x0000000081e00000, 0x0000000081e00000|100%| O|  |TAMS 0x0000000081d00000| PB 0x0000000081d00000| Untracked 
|  30|0x0000000081e00000, 0x0000000081f00000, 0x0000000081f00000|100%| O|  |TAMS 0x0000000081e00000| PB 0x0000000081e00000| Untracked 
|  31|0x0000000081f00000, 0x0000000082000000, 0x0000000082000000|100%| O|  |TAMS 0x0000000081f00000| PB 0x0000000081f00000| Untracked 
|  32|0x0000000082000000, 0x0000000082100000, 0x0000000082100000|100%| O|  |TAMS 0x0000000082000000| PB 0x0000000082000000| Untracked 
|  33|0x0000000082100000, 0x0000000082200000, 0x0000000082200000|100%| O|  |TAMS 0x0000000082100000| PB 0x0000000082100000| Untracked 
|  34|0x0000000082200000, 0x0000000082300000, 0x0000000082300000|100%| O|  |TAMS 0x0000000082200000| PB 0x0000000082200000| Untracked 
|  35|0x0000000082300000, 0x0000000082400000, 0x0000000082400000|100%| O|  |TAMS 0x0000000082300000| PB 0x0000000082300000| Untracked 
|  36|0x0000000082400000, 0x0000000082500000, 0x0000000082500000|100%| O|  |TAMS 0x0000000082400000| PB 0x0000000082400000| Untracked 
|  37|0x0000000082500000, 0x0000000082600000, 0x0000000082600000|100%| O|  |TAMS 0x0000000082500000| PB 0x0000000082500000| Untracked 
|  38|0x0000000082600000, 0x00000000826aae08, 0x0000000082700000| 66%| O|  |TAMS 0x0000000082600000| PB 0x0000000082600000| Untracked 
|  39|0x0000000082700000, 0x0000000082700000, 0x0000000082800000|  0%| F|  |TAMS 0x0000000082700000| PB 0x0000000082700000| Untracked 
|  40|0x0000000082800000, 0x0000000082800000, 0x0000000082900000|  0%| F|  |TAMS 0x0000000082800000| PB 0x0000000082800000| Untracked 
|  41|0x0000000082900000, 0x0000000082900000, 0x0000000082a00000|  0%| F|  |TAMS 0x0000000082900000| PB 0x0000000082900000| Untracked 
|  42|0x0000000082a00000, 0x0000000082a00000, 0x0000000082b00000|  0%| F|  |TAMS 0x0000000082a00000| PB 0x0000000082a00000| Untracked 
|  43|0x0000000082b00000, 0x0000000082b00000, 0x0000000082c00000|  0%| F|  |TAMS 0x0000000082b00000| PB 0x0000000082b00000| Untracked 
|  44|0x0000000082c00000, 0x0000000082c00000, 0x0000000082d00000|  0%| F|  |TAMS 0x0000000082c00000| PB 0x0000000082c00000| Untracked 
|  45|0x0000000082d00000, 0x0000000082e00000, 0x0000000082e00000|100%| O|  |TAMS 0x0000000082d00000| PB 0x0000000082d00000| Untracked 
|  46|0x0000000082e00000, 0x0000000082f00000, 0x0000000082f00000|100%| O|  |TAMS 0x0000000082e00000| PB 0x0000000082e00000| Untracked 
|  47|0x0000000082f00000, 0x0000000083000000, 0x0000000083000000|100%| O|  |TAMS 0x0000000082f00000| PB 0x0000000082f00000| Untracked 
|  48|0x0000000083000000, 0x0000000083100000, 0x0000000083100000|100%| O|  |TAMS 0x0000000083000000| PB 0x0000000083000000| Untracked 
|  49|0x0000000083100000, 0x0000000083100000, 0x0000000083200000|  0%| F|  |TAMS 0x0000000083100000| PB 0x0000000083100000| Untracked 
|  50|0x0000000083200000, 0x0000000083200000, 0x0000000083300000|  0%| F|  |TAMS 0x0000000083200000| PB 0x0000000083200000| Untracked 
|  51|0x0000000083300000, 0x0000000083300000, 0x0000000083400000|  0%| F|  |TAMS 0x0000000083300000| PB 0x0000000083300000| Untracked 
|  52|0x0000000083400000, 0x0000000083400000, 0x0000000083500000|  0%| F|  |TAMS 0x0000000083400000| PB 0x0000000083400000| Untracked 
|  53|0x0000000083500000, 0x0000000083500000, 0x0000000083600000|  0%| F|  |TAMS 0x0000000083500000| PB 0x0000000083500000| Untracked 
|  54|0x0000000083600000, 0x0000000083600000, 0x0000000083700000|  0%| F|  |TAMS 0x0000000083600000| PB 0x0000000083600000| Untracked 
|  55|0x0000000083700000, 0x00000000837cd640, 0x0000000083800000| 80%| S|CS|TAMS 0x0000000083700000| PB 0x0000000083700000| Complete 
|  56|0x0000000083800000, 0x0000000083900000, 0x0000000083900000|100%| S|CS|TAMS 0x0000000083800000| PB 0x0000000083800000| Complete 
|  57|0x0000000083900000, 0x0000000083a00000, 0x0000000083a00000|100%| S|CS|TAMS 0x0000000083900000| PB 0x0000000083900000| Complete 
|  58|0x0000000083a00000, 0x0000000083b00000, 0x0000000083b00000|100%| S|CS|TAMS 0x0000000083a00000| PB 0x0000000083a00000| Complete 
|  59|0x0000000083b00000, 0x0000000083b00000, 0x0000000083c00000|  0%| F|  |TAMS 0x0000000083b00000| PB 0x0000000083b00000| Untracked 
|  60|0x0000000083c00000, 0x0000000083c00000, 0x0000000083d00000|  0%| F|  |TAMS 0x0000000083c00000| PB 0x0000000083c00000| Untracked 
|  61|0x0000000083d00000, 0x0000000083d00000, 0x0000000083e00000|  0%| F|  |TAMS 0x0000000083d00000| PB 0x0000000083d00000| Untracked 
|  62|0x0000000083e00000, 0x0000000083e00000, 0x0000000083f00000|  0%| F|  |TAMS 0x0000000083e00000| PB 0x0000000083e00000| Untracked 
|  63|0x0000000083f00000, 0x0000000083f00000, 0x0000000084000000|  0%| F|  |TAMS 0x0000000083f00000| PB 0x0000000083f00000| Untracked 
|  64|0x0000000084000000, 0x0000000084000000, 0x0000000084100000|  0%| F|  |TAMS 0x0000000084000000| PB 0x0000000084000000| Untracked 
|  65|0x0000000084100000, 0x0000000084100000, 0x0000000084200000|  0%| F|  |TAMS 0x0000000084100000| PB 0x0000000084100000| Untracked 
|  66|0x0000000084200000, 0x0000000084200000, 0x0000000084300000|  0%| F|  |TAMS 0x0000000084200000| PB 0x0000000084200000| Untracked 
|  67|0x0000000084300000, 0x000000008436fa08, 0x0000000084400000| 43%| E|  |TAMS 0x0000000084300000| PB 0x0000000084300000| Complete 
|  68|0x0000000084400000, 0x0000000084500000, 0x0000000084500000|100%| E|CS|TAMS 0x0000000084400000| PB 0x0000000084400000| Complete 
|  69|0x0000000084500000, 0x0000000084600000, 0x0000000084600000|100%| E|CS|TAMS 0x0000000084500000| PB 0x0000000084500000| Complete 
|  70|0x0000000084600000, 0x0000000084700000, 0x0000000084700000|100%| E|CS|TAMS 0x0000000084600000| PB 0x0000000084600000| Complete 
|  71|0x0000000084700000, 0x0000000084800000, 0x0000000084800000|100%| E|CS|TAMS 0x0000000084700000| PB 0x0000000084700000| Complete 
|  72|0x0000000084800000, 0x0000000084900000, 0x0000000084900000|100%| E|CS|TAMS 0x0000000084800000| PB 0x0000000084800000| Complete 
|  73|0x0000000084900000, 0x0000000084a00000, 0x0000000084a00000|100%| E|CS|TAMS 0x0000000084900000| PB 0x0000000084900000| Complete 
|  74|0x0000000084a00000, 0x0000000084b00000, 0x0000000084b00000|100%| E|CS|TAMS 0x0000000084a00000| PB 0x0000000084a00000| Complete 
|  75|0x0000000084b00000, 0x0000000084c00000, 0x0000000084c00000|100%| E|CS|TAMS 0x0000000084b00000| PB 0x0000000084b00000| Complete 
|  76|0x0000000084c00000, 0x0000000084d00000, 0x0000000084d00000|100%| E|CS|TAMS 0x0000000084c00000| PB 0x0000000084c00000| Complete 
|  77|0x0000000084d00000, 0x0000000084e00000, 0x0000000084e00000|100%| E|CS|TAMS 0x0000000084d00000| PB 0x0000000084d00000| Complete 
|  78|0x0000000084e00000, 0x0000000084f00000, 0x0000000084f00000|100%| E|CS|TAMS 0x0000000084e00000| PB 0x0000000084e00000| Complete 
|  79|0x0000000084f00000, 0x0000000085000000, 0x0000000085000000|100%| E|CS|TAMS 0x0000000084f00000| PB 0x0000000084f00000| Complete 
|  80|0x0000000085000000, 0x0000000085100000, 0x0000000085100000|100%| E|CS|TAMS 0x0000000085000000| PB 0x0000000085000000| Complete 
|  81|0x0000000085100000, 0x0000000085200000, 0x0000000085200000|100%| E|CS|TAMS 0x0000000085100000| PB 0x0000000085100000| Complete 
|  82|0x0000000085200000, 0x0000000085300000, 0x0000000085300000|100%| E|CS|TAMS 0x0000000085200000| PB 0x0000000085200000| Complete 
|  83|0x0000000085300000, 0x0000000085400000, 0x0000000085400000|100%| E|CS|TAMS 0x0000000085300000| PB 0x0000000085300000| Complete 
|  84|0x0000000085400000, 0x0000000085500000, 0x0000000085500000|100%| E|CS|TAMS 0x0000000085400000| PB 0x0000000085400000| Complete 
|  85|0x0000000085500000, 0x0000000085600000, 0x0000000085600000|100%| E|CS|TAMS 0x0000000085500000| PB 0x0000000085500000| Complete 
|  86|0x0000000085600000, 0x0000000085700000, 0x0000000085700000|100%| E|CS|TAMS 0x0000000085600000| PB 0x0000000085600000| Complete 
|  87|0x0000000085700000, 0x0000000085800000, 0x0000000085800000|100%| E|CS|TAMS 0x0000000085700000| PB 0x0000000085700000| Complete 
|  88|0x0000000085800000, 0x0000000085900000, 0x0000000085900000|100%| E|CS|TAMS 0x0000000085800000| PB 0x0000000085800000| Complete 
|  89|0x0000000085900000, 0x0000000085a00000, 0x0000000085a00000|100%| E|CS|TAMS 0x0000000085900000| PB 0x0000000085900000| Complete 
|  90|0x0000000085a00000, 0x0000000085b00000, 0x0000000085b00000|100%| E|CS|TAMS 0x0000000085a00000| PB 0x0000000085a00000| Complete 
| 189|0x000000008bd00000, 0x000000008be00000, 0x000000008be00000|100%| E|CS|TAMS 0x000000008bd00000| PB 0x000000008bd00000| Complete 
| 190|0x000000008be00000, 0x000000008bf00000, 0x000000008bf00000|100%| E|CS|TAMS 0x000000008be00000| PB 0x000000008be00000| Complete 
| 191|0x000000008bf00000, 0x000000008c000000, 0x000000008c000000|100%| E|CS|TAMS 0x000000008bf00000| PB 0x000000008bf00000| Complete 
| 192|0x000000008c000000, 0x000000008c100000, 0x000000008c100000|100%| E|CS|TAMS 0x000000008c000000| PB 0x000000008c000000| Complete 
| 193|0x000000008c100000, 0x000000008c200000, 0x000000008c200000|100%| E|CS|TAMS 0x000000008c100000| PB 0x000000008c100000| Complete 
| 194|0x000000008c200000, 0x000000008c300000, 0x000000008c300000|100%| E|CS|TAMS 0x000000008c200000| PB 0x000000008c200000| Complete 
| 195|0x000000008c300000, 0x000000008c400000, 0x000000008c400000|100%| E|CS|TAMS 0x000000008c300000| PB 0x000000008c300000| Complete 
| 196|0x000000008c400000, 0x000000008c500000, 0x000000008c500000|100%| E|CS|TAMS 0x000000008c400000| PB 0x000000008c400000| Complete 
| 197|0x000000008c500000, 0x000000008c600000, 0x000000008c600000|100%| E|CS|TAMS 0x000000008c500000| PB 0x000000008c500000| Complete 
| 220|0x000000008dc00000, 0x000000008dd00000, 0x000000008dd00000|100%| E|CS|TAMS 0x000000008dc00000| PB 0x000000008dc00000| Complete 
| 221|0x000000008dd00000, 0x000000008de00000, 0x000000008de00000|100%| E|CS|TAMS 0x000000008dd00000| PB 0x000000008dd00000| Complete 

Card table byte_map: [0x0000021bec2c0000,0x0000021bec6c0000] _byte_map_base: 0x0000021bebec0000

Marking Bits: (CMBitMap*) 0x0000021bd9548c00
 Bits: [0x0000021bec6c0000, 0x0000021bee6c0000)

Polling page: 0x0000021bd7480000

Metaspace:

Usage:
  Non-class:     56.41 MB used.
      Class:      8.85 MB used.
       Both:     65.25 MB used.

Virtual space:
  Non-class space:       64.00 MB reserved,      57.25 MB ( 89%) committed,  1 nodes.
      Class space:        1.00 GB reserved,       9.62 MB ( <1%) committed,  1 nodes.
             Both:        1.06 GB reserved,      66.88 MB (  6%) committed. 

Chunk freelists:
   Non-Class:  6.41 MB
       Class:  6.25 MB
        Both:  12.66 MB

MaxMetaspaceSize: unlimited
CompressedClassSpaceSize: 1.00 GB
Initial GC threshold: 21.00 MB
Current GC threshold: 98.75 MB
CDS: off
 - commit_granule_bytes: 65536.
 - commit_granule_words: 8192.
 - virtual_space_node_default_size: 8388608.
 - enlarge_chunks_in_place: 1.
 - use_allocation_guard: 0.


Internal statistics:

num_allocs_failed_limit: 12.
num_arena_births: 3066.
num_arena_deaths: 0.
num_vsnodes_births: 2.
num_vsnodes_deaths: 0.
num_space_committed: 1070.
num_space_uncommitted: 0.
num_chunks_returned_to_freelist: 12.
num_chunks_taken_from_freelist: 5763.
num_chunk_merges: 12.
num_chunk_splits: 3749.
num_chunks_enlarged: 2315.
num_inconsistent_stats: 0.

CodeHeap 'non-profiled nmethods': size=119168Kb used=4221Kb max_used=4221Kb free=114946Kb
 bounds [0x0000021be41e0000, 0x0000021be4600000, 0x0000021beb640000]
CodeHeap 'profiled nmethods': size=119104Kb used=14792Kb max_used=14792Kb free=104311Kb
 bounds [0x0000021bdc640000, 0x0000021bdd4c0000, 0x0000021be3a90000]
CodeHeap 'non-nmethods': size=7488Kb used=3669Kb max_used=3709Kb free=3818Kb
 bounds [0x0000021be3a90000, 0x0000021be3e40000, 0x0000021be41e0000]
 total_blobs=8578 nmethods=7822 adapters=657
 compilation: enabled
              stopped_count=0, restarted_count=0
 full_count=0

Compilation events (20 events):
Event: 7.069 Thread 0x0000021bf18f2450 8373       1       org.gradle.internal.Deferrable$2::completeAndGet (5 bytes)
Event: 7.069 Thread 0x0000021bf18f2450 nmethod 8373 0x0000021be45f8b90 code [0x0000021be45f8d20, 0x0000021be45f8de8]
Event: 7.073 Thread 0x0000021bf18f2450 8375       3       org.gradle.api.internal.artifacts.transform.TransformExecutionResult$Builder$MixedInputAndProducedOutputResult$$Lambda/0x00000001009b25f0::<init> (10 bytes)
Event: 7.073 Thread 0x0000021bf18f2450 nmethod 8375 0x0000021bdd493690 code [0x0000021bdd493840, 0x0000021bdd4939f8]
Event: 7.073 Thread 0x0000021bf1a90fb0 8376       3       java.util.concurrent.locks.AbstractQueuedSynchronizer::acquireInterruptibly (36 bytes)
Event: 7.074 Thread 0x0000021bf1a90fb0 nmethod 8376 0x0000021bdd493a90 code [0x0000021bdd493ca0, 0x0000021bdd494220]
Event: 7.075 Thread 0x0000021bf1a90210 nmethod 8365 0x0000021be45f8e90 code [0x0000021be45f9060, 0x0000021be45f9550]
Event: 7.075 Thread 0x0000021bf1a90210 8367       4       com.google.common.collect.MapMakerInternalMap$Segment::getEntry (80 bytes)
Event: 7.077 Thread 0x0000021bf18f2450 8377       3       org.gradle.api.internal.artifacts.transform.TransformExecutionResult$Builder$MixedInputAndProducedOutputResult::resolveForWorkspace (37 bytes)
Event: 7.077 Thread 0x0000021bf1a91d50 8378       3       org.gradle.api.internal.artifacts.transform.TransformExecutionResult$Builder$MixedInputAndProducedOutputResult$$Lambda/0x00000001009ab280::<init> (10 bytes)
Event: 7.077 Thread 0x0000021bf1a91680 8379       3       org.gradle.api.internal.artifacts.transform.TransformExecutionResult$Builder$EntireInputArtifact::resolveForWorkspace (2 bytes)
Event: 7.077 Thread 0x0000021bf1a91680 nmethod 8379 0x0000021bdd494410 code [0x0000021bdd4945a0, 0x0000021bdd4946b0]
Event: 7.077 Thread 0x0000021bf1a91d50 nmethod 8378 0x0000021bdd494790 code [0x0000021bdd494940, 0x0000021bdd494af8]
Event: 7.078 Thread 0x0000021bf18f2450 nmethod 8377 0x0000021bdd494b90 code [0x0000021bdd494e60, 0x0000021bdd495e70]
Event: 7.082 Thread 0x0000021bf90c2940 nmethod 8287 0x0000021be45f9a10 code [0x0000021be45f9cc0, 0x0000021be45fb0c8]
Event: 7.082 Thread 0x0000021bf90c2940 8370       4       org.gradle.tooling.internal.provider.runner.ToolingApiBuildEventListenerFactory$1::progress (1 bytes)
Event: 7.082 Thread 0x0000021bf90c2940 nmethod 8370 0x0000021be45fbd10 code [0x0000021be45fbea0, 0x0000021be45fbf28]
Event: 7.082 Thread 0x0000021bf90c2940 8358       4       com.google.common.collect.MapMakerInternalMap$WeakKeyDummyValueSegment::self (5 bytes)
Event: 7.082 Thread 0x0000021bf90c2940 nmethod 8358 0x0000021be45fc010 code [0x0000021be45fc1a0, 0x0000021be45fc228]
Event: 7.082 Thread 0x0000021bf90c2940 8327       4       java.lang.invoke.Invokers$Holder::linkToTargetMethod (11 bytes)

GC Heap History (20 events):
Event: 3.499 GC heap before
{Heap before GC invocations=6 (full 0):
 garbage-first heap   total 87040K, used 64187K [0x0000000080000000, 0x0000000100000000)
  region size 1024K, 51 young (52224K), 11 survivors (11264K)
 Metaspace       used 34982K, committed 35840K, reserved 1114112K
  class space    used 4655K, committed 5056K, reserved 1048576K
}
Event: 3.504 GC heap after
{Heap after GC invocations=7 (full 0):
 garbage-first heap   total 87040K, used 27008K [0x0000000080000000, 0x0000000100000000)
  region size 1024K, 6 young (6144K), 6 survivors (6144K)
 Metaspace       used 34982K, committed 35840K, reserved 1114112K
  class space    used 4655K, committed 5056K, reserved 1048576K
}
Event: 3.532 GC heap before
{Heap before GC invocations=7 (full 0):
 garbage-first heap   total 87040K, used 29056K [0x0000000080000000, 0x0000000100000000)
  region size 1024K, 9 young (9216K), 6 survivors (6144K)
 Metaspace       used 35251K, committed 36096K, reserved 1114112K
  class space    used 4702K, committed 5120K, reserved 1048576K
}
Event: 3.535 GC heap after
{Heap after GC invocations=8 (full 0):
 garbage-first heap   total 87040K, used 27371K [0x0000000080000000, 0x0000000100000000)
  region size 1024K, 3 young (3072K), 3 survivors (3072K)
 Metaspace       used 35251K, committed 36096K, reserved 1114112K
  class space    used 4702K, committed 5120K, reserved 1048576K
}
Event: 4.137 GC heap before
{Heap before GC invocations=9 (full 0):
 garbage-first heap   total 87040K, used 75499K [0x0000000080000000, 0x0000000100000000)
  region size 1024K, 50 young (51200K), 3 survivors (3072K)
 Metaspace       used 43449K, committed 44672K, reserved 1114112K
  class space    used 5810K, committed 6400K, reserved 1048576K
}
Event: 4.141 GC heap after
{Heap after GC invocations=10 (full 0):
 garbage-first heap   total 87040K, used 30439K [0x0000000080000000, 0x0000000100000000)
  region size 1024K, 6 young (6144K), 6 survivors (6144K)
 Metaspace       used 43449K, committed 44672K, reserved 1114112K
  class space    used 5810K, committed 6400K, reserved 1048576K
}
Event: 4.512 GC heap before
{Heap before GC invocations=10 (full 0):
 garbage-first heap   total 87040K, used 74471K [0x0000000080000000, 0x0000000100000000)
  region size 1024K, 50 young (51200K), 6 survivors (6144K)
 Metaspace       used 46637K, committed 47936K, reserved 1114112K
  class space    used 6206K, committed 6848K, reserved 1048576K
}
Event: 4.517 GC heap after
{Heap after GC invocations=11 (full 0):
 garbage-first heap   total 87040K, used 33539K [0x0000000080000000, 0x0000000100000000)
  region size 1024K, 7 young (7168K), 7 survivors (7168K)
 Metaspace       used 46637K, committed 47936K, reserved 1114112K
  class space    used 6206K, committed 6848K, reserved 1048576K
}
Event: 4.968 GC heap before
{Heap before GC invocations=11 (full 0):
 garbage-first heap   total 87040K, used 74499K [0x0000000080000000, 0x0000000100000000)
  region size 1024K, 47 young (48128K), 7 survivors (7168K)
 Metaspace       used 50405K, committed 51840K, reserved 1114112K
  class space    used 6814K, committed 7552K, reserved 1048576K
}
Event: 4.974 GC heap after
{Heap after GC invocations=12 (full 0):
 garbage-first heap   total 87040K, used 35808K [0x0000000080000000, 0x0000000100000000)
  region size 1024K, 6 young (6144K), 6 survivors (6144K)
 Metaspace       used 50405K, committed 51840K, reserved 1114112K
  class space    used 6814K, committed 7552K, reserved 1048576K
}
Event: 5.426 GC heap before
{Heap before GC invocations=12 (full 0):
 garbage-first heap   total 87040K, used 76768K [0x0000000080000000, 0x0000000100000000)
  region size 1024K, 44 young (45056K), 6 survivors (6144K)
 Metaspace       used 56265K, committed 57792K, reserved 1114112K
  class space    used 7543K, committed 8320K, reserved 1048576K
}
Event: 5.431 GC heap after
{Heap after GC invocations=13 (full 0):
 garbage-first heap   total 104448K, used 37093K [0x0000000080000000, 0x0000000100000000)
  region size 1024K, 4 young (4096K), 4 survivors (4096K)
 Metaspace       used 56265K, committed 57792K, reserved 1114112K
  class space    used 7543K, committed 8320K, reserved 1048576K
}
Event: 5.754 GC heap before
{Heap before GC invocations=13 (full 0):
 garbage-first heap   total 104448K, used 55525K [0x0000000080000000, 0x0000000100000000)
  region size 1024K, 23 young (23552K), 4 survivors (4096K)
 Metaspace       used 58807K, committed 60288K, reserved 1114112K
  class space    used 7915K, committed 8640K, reserved 1048576K
}
Event: 5.758 GC heap after
{Heap after GC invocations=14 (full 0):
 garbage-first heap   total 104448K, used 38430K [0x0000000080000000, 0x0000000100000000)
  region size 1024K, 6 young (6144K), 6 survivors (6144K)
 Metaspace       used 58807K, committed 60288K, reserved 1114112K
  class space    used 7915K, committed 8640K, reserved 1048576K
}
Event: 6.599 GC heap before
{Heap before GC invocations=15 (full 0):
 garbage-first heap   total 104448K, used 90654K [0x0000000080000000, 0x0000000100000000)
  region size 1024K, 57 young (58368K), 6 survivors (6144K)
 Metaspace       used 65205K, committed 66880K, reserved 1114112K
  class space    used 8902K, committed 9728K, reserved 1048576K
}
Event: 6.605 GC heap after
{Heap after GC invocations=16 (full 0):
 garbage-first heap   total 104448K, used 42666K [0x0000000080000000, 0x0000000100000000)
  region size 1024K, 7 young (7168K), 7 survivors (7168K)
 Metaspace       used 65205K, committed 66880K, reserved 1114112K
  class space    used 8902K, committed 9728K, reserved 1048576K
}
Event: 6.947 GC heap before
{Heap before GC invocations=16 (full 0):
 garbage-first heap   total 104448K, used 89770K [0x0000000080000000, 0x0000000100000000)
  region size 1024K, 54 young (55296K), 7 survivors (7168K)
 Metaspace       used 66538K, committed 68160K, reserved 1114112K
  class space    used 9059K, committed 9856K, reserved 1048576K
}
Event: 6.953 GC heap after
{Heap after GC invocations=17 (full 0):
 garbage-first heap   total 104448K, used 46313K [0x0000000080000000, 0x0000000100000000)
  region size 1024K, 6 young (6144K), 6 survivors (6144K)
 Metaspace       used 66538K, committed 68160K, reserved 1114112K
  class space    used 9059K, committed 9856K, reserved 1048576K
}
Event: 7.045 GC heap before
{Heap before GC invocations=17 (full 0):
 garbage-first heap   total 104448K, used 89321K [0x0000000080000000, 0x0000000100000000)
  region size 1024K, 49 young (50176K), 6 survivors (6144K)
 Metaspace       used 66781K, committed 68416K, reserved 1114112K
  class space    used 9059K, committed 9856K, reserved 1048576K
}
Event: 7.048 GC heap after
{Heap after GC invocations=18 (full 0):
 garbage-first heap   total 104448K, used 47585K [0x0000000080000000, 0x0000000100000000)
  region size 1024K, 4 young (4096K), 4 survivors (4096K)
 Metaspace       used 66781K, committed 68416K, reserved 1114112K
  class space    used 9059K, committed 9856K, reserved 1048576K
}

Dll operation events (3 events):
Event: 0.009 Loaded shared library C:\Program Files\Android\Android Studio\jbr\bin\java.dll
Event: 0.016 Loaded shared library C:\Program Files\Android\Android Studio\jbr\bin\zip.dll
Event: 0.537 Loaded shared library C:\Program Files\Android\Android Studio\jbr\bin\verify.dll

Deoptimization events (20 events):
Event: 6.865 Thread 0x0000021bf71177f0 DEOPT PACKING pc=0x0000021bdd20e436 sp=0x000000f9852fddc0
Event: 6.865 Thread 0x0000021bf71177f0 DEOPT UNPACKING pc=0x0000021be3ae4e42 sp=0x000000f9852fd330 mode 0
Event: 6.870 Thread 0x0000021bf71177f0 DEOPT PACKING pc=0x0000021bdd20e436 sp=0x000000f9852fddc0
Event: 6.870 Thread 0x0000021bf71177f0 DEOPT UNPACKING pc=0x0000021be3ae4e42 sp=0x000000f9852fd330 mode 0
Event: 6.876 Thread 0x0000021bf71177f0 DEOPT PACKING pc=0x0000021bdd20e436 sp=0x000000f9852fddc0
Event: 6.876 Thread 0x0000021bf71177f0 DEOPT UNPACKING pc=0x0000021be3ae4e42 sp=0x000000f9852fd330 mode 0
Event: 6.881 Thread 0x0000021bf71177f0 DEOPT PACKING pc=0x0000021bdd20e436 sp=0x000000f9852fddc0
Event: 6.881 Thread 0x0000021bf71177f0 DEOPT UNPACKING pc=0x0000021be3ae4e42 sp=0x000000f9852fd330 mode 0
Event: 6.887 Thread 0x0000021bf71177f0 DEOPT PACKING pc=0x0000021bdd20e436 sp=0x000000f9852fddc0
Event: 6.887 Thread 0x0000021bf71177f0 DEOPT UNPACKING pc=0x0000021be3ae4e42 sp=0x000000f9852fd330 mode 0
Event: 6.973 Thread 0x0000021bf9281370 DEOPT PACKING pc=0x0000021bdcba1aa1 sp=0x000000f9888fd110
Event: 6.973 Thread 0x0000021bf9281370 DEOPT UNPACKING pc=0x0000021be3ae4e42 sp=0x000000f9888fc610 mode 0
Event: 7.050 Thread 0x0000021bfcbe89a0 Uncommon trap: trap_request=0xffffff45 fr.pc=0x0000021be45a102c relative=0x000000000000130c
Event: 7.050 Thread 0x0000021bfcbe89a0 Uncommon trap: reason=unstable_if action=reinterpret pc=0x0000021be45a102c method=java.util.concurrent.ConcurrentHashMap.transfer([Ljava/util/concurrent/ConcurrentHashMap$Node;[Ljava/util/concurrent/ConcurrentHashMap$Node;)V @ 347 c2
Event: 7.050 Thread 0x0000021bfcbe89a0 DEOPT PACKING pc=0x0000021be45a102c sp=0x000000f987bfddc0
Event: 7.050 Thread 0x0000021bfcbe89a0 DEOPT UNPACKING pc=0x0000021be3ae46a2 sp=0x000000f987bfdd50 mode 2
Event: 7.053 Thread 0x0000021bf7ec4a90 Uncommon trap: trap_request=0xffffff45 fr.pc=0x0000021be45a102c relative=0x000000000000130c
Event: 7.053 Thread 0x0000021bf7ec4a90 Uncommon trap: reason=unstable_if action=reinterpret pc=0x0000021be45a102c method=java.util.concurrent.ConcurrentHashMap.transfer([Ljava/util/concurrent/ConcurrentHashMap$Node;[Ljava/util/concurrent/ConcurrentHashMap$Node;)V @ 347 c2
Event: 7.053 Thread 0x0000021bf7ec4a90 DEOPT PACKING pc=0x0000021be45a102c sp=0x000000f9845f75a0
Event: 7.053 Thread 0x0000021bf7ec4a90 DEOPT UNPACKING pc=0x0000021be3ae46a2 sp=0x000000f9845f7530 mode 2

Classes loaded (20 events):
Event: 6.312 Loading class jdk/internal/access/JavaObjectInputFilterAccess
Event: 6.312 Loading class jdk/internal/access/JavaObjectInputFilterAccess done
Event: 6.312 Loading class java/lang/System$Logger$Level
Event: 6.312 Loading class java/lang/System$Logger$Level done
Event: 6.312 Loading class jdk/internal/event/DeserializationEvent
Event: 6.312 Loading class jdk/internal/event/DeserializationEvent done
Event: 6.313 Loading class java/io/ObjectInputStream$FieldValues
Event: 6.313 Loading class java/io/ObjectInputStream$GetField
Event: 6.313 Loading class java/io/ObjectInputStream$GetField done
Event: 6.313 Loading class java/io/ObjectInputStream$FieldValues done
Event: 6.318 Loading class sun/reflect/ReflectionFactory
Event: 6.318 Loading class sun/reflect/ReflectionFactory done
Event: 6.318 Loading class sun/reflect/ReflectionFactory$1
Event: 6.318 Loading class sun/reflect/ReflectionFactory$1 done
Event: 6.587 Loading class java/util/Collections$ReverseComparator
Event: 6.588 Loading class java/util/Collections$ReverseComparator done
Event: 6.588 Loading class java/util/Collections$ReverseComparator2
Event: 6.588 Loading class java/util/Collections$ReverseComparator2 done
Event: 7.016 Loading class java/lang/foreign/MemorySegment
Event: 7.017 Loading class java/lang/foreign/MemorySegment done

Classes unloaded (0 events):
No events

Classes redefined (0 events):
No events

Internal exceptions (20 events):
Event: 6.119 Thread 0x0000021bf7ec4a90 Implicit null exception at 0x0000021be449d643 to 0x0000021be449d97c
Event: 6.142 Thread 0x0000021bf7ec4a90 Exception <a 'java/lang/NoSuchMethodError'{0x00000000846a43b0}: 'java.lang.Object java.lang.invoke.DirectMethodHandle$Holder.invokeInterface(java.lang.Object, java.lang.Object, int)'> (0x00000000846a43b0) 
thrown [s\src\hotspot\share\interpreter\linkResolver.cpp, line 784]
Event: 6.213 Thread 0x0000021bf7ec4a90 Exception <a 'java/lang/NoSuchMethodError'{0x0000000084100c30}: 'java.lang.Object java.lang.invoke.DirectMethodHandle$Holder.invokeVirtual(java.lang.Object, java.lang.Object, java.lang.Object, java.lang.Object, java.lang.Object, java.lang.Object, java.lang.Object, java.lang.Object, java.lang.Object, java.lang.Object, java.lang.Object, java.lang.Object, java.lang.Object, java.lang.Object, java.lang.Object, java.lang.Object, java.lang.Object)'> (0x0000000084100c30) 
thrown [s\src\hotspot\share\interpreter\li
Event: 6.214 Thread 0x0000021bf7ec4a90 Exception <a 'java/lang/NoSuchMethodError'{0x0000000084106b00}: 'java.lang.Object java.lang.invoke.DirectMethodHandle$Holder.invokeSpecial(java.lang.Object, java.lang.Object, java.lang.Object, java.lang.Object, java.lang.Object, java.lang.Object, java.lang.Object, java.lang.Object, java.lang.Object, java.lang.Object, java.lang.Object, java.lang.Object, java.lang.Object, java.lang.Object, java.lang.Object, java.lang.Object, java.lang.Object, java.lang.Object)'> (0x0000000084106b00) 
thrown [s\src\hotspot\sh
Event: 6.214 Thread 0x0000021bf7ec4a90 Exception <a 'java/lang/NoSuchMethodError'{0x000000008410c058}: 'java.lang.Object java.lang.invoke.DelegatingMethodHandle$Holder.reinvoke_L(java.lang.Object, java.lang.Object, java.lang.Object, java.lang.Object, java.lang.Object, java.lang.Object, java.lang.Object, java.lang.Object, java.lang.Object, java.lang.Object, java.lang.Object, java.lang.Object, java.lang.Object, java.lang.Object, java.lang.Object, java.lang.Object, java.lang.Object)'> (0x000000008410c058) 
thrown [s\src\hotspot\share\interpreter\l
Event: 6.222 Thread 0x0000021bf7ec4a90 Exception <a 'java/lang/NoSuchMethodError'{0x00000000841c4cc8}: 'void java.lang.invoke.DirectMethodHandle$Holder.invokeStatic(java.lang.Object, java.lang.Object, java.lang.Object, java.lang.Object, java.lang.Object, java.lang.Object)'> (0x00000000841c4cc8) 
thrown [s\src\hotspot\share\interpreter\linkResolver.cpp, line 784]
Event: 6.288 Thread 0x0000021bf7ec4a90 Exception <a 'java/lang/NoSuchMethodError'{0x0000000083d32b70}: static Lorg/gradle/api/internal/catalog/DefaultVersionCatalog;.<clinit>()V> (0x0000000083d32b70) 
thrown [s\src\hotspot\share\prims\jni.cpp, line 1135]
Event: 6.293 Thread 0x0000021bf7ec4a90 Exception <a 'java/lang/NoSuchMethodError'{0x0000000083d83e98}: static [Ljava/lang/Object;.<clinit>()V> (0x0000000083d83e98) 
thrown [s\src\hotspot\share\prims\jni.cpp, line 1135]
Event: 6.294 Thread 0x0000021bf7ec4a90 Exception <a 'java/lang/NoSuchMethodError'{0x0000000083dab2c0}: static Lorg/gradle/api/internal/catalog/DependencyModel;.<clinit>()V> (0x0000000083dab2c0) 
thrown [s\src\hotspot\share\prims\jni.cpp, line 1135]
Event: 6.294 Thread 0x0000021bf7ec4a90 Exception <a 'java/lang/NoSuchMethodError'{0x0000000083daefa8}: static Lorg/gradle/api/internal/catalog/AbstractContextAwareModel;.<clinit>()V> (0x0000000083daefa8) 
thrown [s\src\hotspot\share\prims\jni.cpp, line 1135]
Event: 6.295 Thread 0x0000021bf7ec4a90 Exception <a 'java/lang/NoSuchMethodError'{0x0000000083dc8708}: static Lorg/gradle/api/internal/artifacts/dependencies/AbstractVersionConstraint;.<clinit>()V> (0x0000000083dc8708) 
thrown [s\src\hotspot\share\prims\jni.cpp, line 1135]
Event: 6.304 Thread 0x0000021bf7ec4a90 Exception <a 'java/lang/NoSuchMethodError'{0x0000000083c79a20}: static Lorg/gradle/api/internal/catalog/PluginModel;.<clinit>()V> (0x0000000083c79a20) 
thrown [s\src\hotspot\share\prims\jni.cpp, line 1135]
Event: 6.305 Thread 0x0000021bf7ec4a90 Exception <a 'java/lang/NoSuchMethodError'{0x0000000083c91528}: static Lorg/gradle/api/internal/catalog/VersionModel;.<clinit>()V> (0x0000000083c91528) 
thrown [s\src\hotspot\share\prims\jni.cpp, line 1135]
Event: 6.308 Thread 0x0000021bf7ec4a90 Exception <a 'java/lang/NoSuchMethodError'{0x0000000083cb3078}: 'void java.lang.invoke.DirectMethodHandle$Holder.invokeSpecial(java.lang.Object, java.lang.Object, java.lang.Object, int)'> (0x0000000083cb3078) 
thrown [s\src\hotspot\share\interpreter\linkResolver.cpp, line 784]
Event: 6.382 Thread 0x0000021bf7ec4a90 Exception <a 'java/lang/NoSuchMethodError'{0x00000000838af078}: 'int java.lang.invoke.DirectMethodHandle$Holder.invokeSpecialIFC(java.lang.Object, java.lang.Object, java.lang.Object)'> (0x00000000838af078) 
thrown [s\src\hotspot\share\interpreter\linkResolver.cpp, line 784]
Event: 6.429 Thread 0x0000021bf7ec4a90 Exception <a 'java/lang/NoSuchMethodError'{0x00000000834485f0}: 'java.lang.Object java.lang.invoke.DirectMethodHandle$Holder.invokeSpecial(java.lang.Object, java.lang.Object, java.lang.Object, java.lang.Object, java.lang.Object, long)'> (0x00000000834485f0) 
thrown [s\src\hotspot\share\interpreter\linkResolver.cpp, line 784]
Event: 6.430 Thread 0x0000021bf7ec4a90 Exception <a 'java/lang/NoSuchMethodError'{0x0000000083468328}: 'void java.lang.invoke.DirectMethodHandle$Holder.invokeStatic(java.lang.Object, java.lang.Object, java.lang.Object, int, java.lang.Object)'> (0x0000000083468328) 
thrown [s\src\hotspot\share\interpreter\linkResolver.cpp, line 784]
Event: 6.742 Thread 0x0000021bf7ec4a90 Exception <a 'java/lang/NoSuchMethodError'{0x000000008be3b2b0}: 'java.lang.Object java.lang.invoke.DirectMethodHandle$Holder.newInvokeSpecial(java.lang.Object, java.lang.Object, java.lang.Object, java.lang.Object, int, java.lang.Object)'> (0x000000008be3b2b0) 
thrown [s\src\hotspot\share\interpreter\linkResolver.cpp, line 784]
Event: 6.743 Thread 0x0000021bf7ec4a90 Exception <a 'java/lang/NoSuchMethodError'{0x000000008be43b60}: 'java.lang.Object java.lang.invoke.Invokers$Holder.linkToTargetMethod(java.lang.Object, java.lang.Object, java.lang.Object, int, java.lang.Object, java.lang.Object)'> (0x000000008be43b60) 
thrown [s\src\hotspot\share\interpreter\linkResolver.cpp, line 784]
Event: 6.935 Thread 0x0000021bf7ec4a90 Exception <a 'java/lang/NoSuchMethodError'{0x0000000083aacde0}: 'java.lang.Object java.lang.invoke.DirectMethodHandle$Holder.invokeSpecialIFC(java.lang.Object, java.lang.Object, java.lang.Object)'> (0x0000000083aacde0) 
thrown [s\src\hotspot\share\interpreter\linkResolver.cpp, line 784]

ZGC Phase Switch (0 events):
No events

VM Operations (20 events):
Event: 6.320 Executing VM operation: HandshakeAllThreads (Deoptimize)
Event: 6.320 Executing VM operation: HandshakeAllThreads (Deoptimize) done
Event: 6.596 Executing VM operation: ICBufferFull
Event: 6.596 Executing VM operation: ICBufferFull done
Event: 6.599 Executing VM operation: G1CollectForAllocation (G1 Evacuation Pause)
Event: 6.605 Executing VM operation: G1CollectForAllocation (G1 Evacuation Pause) done
Event: 6.632 Executing VM operation: HandshakeAllThreads (Deoptimize)
Event: 6.632 Executing VM operation: HandshakeAllThreads (Deoptimize) done
Event: 6.720 Executing VM operation: ICBufferFull
Event: 6.720 Executing VM operation: ICBufferFull done
Event: 6.823 Executing VM operation: ICBufferFull
Event: 6.823 Executing VM operation: ICBufferFull done
Event: 6.908 Executing VM operation: ICBufferFull
Event: 6.909 Executing VM operation: ICBufferFull done
Event: 6.947 Executing VM operation: G1CollectForAllocation (G1 Evacuation Pause)
Event: 6.953 Executing VM operation: G1CollectForAllocation (G1 Evacuation Pause) done
Event: 7.040 Executing VM operation: ICBufferFull
Event: 7.040 Executing VM operation: ICBufferFull done
Event: 7.045 Executing VM operation: G1CollectForAllocation (G1 Evacuation Pause)
Event: 7.048 Executing VM operation: G1CollectForAllocation (G1 Evacuation Pause) done

Memory protections (0 events):
No events

Nmethod flushes (20 events):
Event: 5.781 Thread 0x0000021bf168e550 flushing  nmethod 0x0000021be420ce10
Event: 5.781 Thread 0x0000021bf168e550 flushing  nmethod 0x0000021be4372410
Event: 5.781 Thread 0x0000021bf168e550 flushing  nmethod 0x0000021be4373610
Event: 5.781 Thread 0x0000021bf168e550 flushing  nmethod 0x0000021be43ce510
Event: 5.781 Thread 0x0000021bf168e550 flushing  nmethod 0x0000021bdc667090
Event: 5.781 Thread 0x0000021bf168e550 flushing  nmethod 0x0000021bdc76a490
Event: 5.781 Thread 0x0000021bf168e550 flushing  nmethod 0x0000021bdc7ca410
Event: 5.781 Thread 0x0000021bf168e550 flushing  nmethod 0x0000021bdc7ce810
Event: 5.781 Thread 0x0000021bf168e550 flushing  nmethod 0x0000021bdc7cef10
Event: 5.781 Thread 0x0000021bf168e550 flushing  nmethod 0x0000021bdc7cf790
Event: 5.781 Thread 0x0000021bf168e550 flushing  nmethod 0x0000021bdc7d0210
Event: 5.781 Thread 0x0000021bf168e550 flushing  nmethod 0x0000021bdc7d2890
Event: 5.781 Thread 0x0000021bf168e550 flushing  nmethod 0x0000021bdc853510
Event: 5.781 Thread 0x0000021bf168e550 flushing  nmethod 0x0000021bdc99b310
Event: 5.781 Thread 0x0000021bf168e550 flushing  nmethod 0x0000021bdc99ff90
Event: 5.781 Thread 0x0000021bf168e550 flushing  nmethod 0x0000021bdca21f10
Event: 5.781 Thread 0x0000021bf168e550 flushing  nmethod 0x0000021bdca22b10
Event: 5.781 Thread 0x0000021bf168e550 flushing  nmethod 0x0000021bdca25390
Event: 5.781 Thread 0x0000021bf168e550 flushing  nmethod 0x0000021bdcbdbd10
Event: 5.781 Thread 0x0000021bf168e550 flushing  nmethod 0x0000021bdccb4d90

Events (20 events):
Event: 6.791 Thread 0x0000021bf7ec4a90 Thread added: 0x0000021bfcbef930
Event: 6.874 Thread 0x0000021bf18f2450 Thread added: 0x0000021bf1a90210
Event: 6.936 Thread 0x0000021bf7ec4a90 Thread added: 0x0000021bfcbe89a0
Event: 6.936 Thread 0x0000021bf7ec4a90 Thread added: 0x0000021bfcbed1d0
Event: 6.937 Thread 0x0000021bf7ec4a90 Thread added: 0x0000021bfcbebe20
Event: 6.938 Thread 0x0000021bf7ec4a90 Thread added: 0x0000021bfcbec4b0
Event: 6.939 Thread 0x0000021bf7ec4a90 Thread added: 0x0000021bfcbecb40
Event: 6.940 Thread 0x0000021bf7ec4a90 Thread added: 0x0000021bfcbeec10
Event: 6.940 Thread 0x0000021bf7ec4a90 Thread added: 0x0000021bfcbed860
Event: 6.941 Thread 0x0000021bf7ec4a90 Thread added: 0x0000021bfcbe96c0
Event: 6.941 Thread 0x0000021bf7ec4a90 Thread added: 0x0000021bf927d1d0
Event: 6.941 Thread 0x0000021bf7ec4a90 Thread added: 0x0000021bf92847f0
Event: 6.942 Thread 0x0000021bf7ec4a90 Thread added: 0x0000021bf927d860
Event: 6.942 Thread 0x0000021bf7ec4a90 Thread added: 0x0000021bf927def0
Event: 6.943 Thread 0x0000021bf7ec4a90 Thread added: 0x0000021bf9281a00
Event: 6.944 Thread 0x0000021bf7ec4a90 Thread added: 0x0000021bf9281370
Event: 6.944 Thread 0x0000021bf7ec4a90 Thread added: 0x0000021bf9283440
Event: 7.049 Thread 0x0000021bf18f2450 Thread added: 0x0000021bf90c2940
Event: 7.055 Thread 0x0000021bf1a90210 Thread added: 0x0000021bf90c4b50
Event: 7.055 Thread 0x0000021bf1a90210 Thread added: 0x0000021bf90c5220


Dynamic libraries:
0x00007ff691290000 - 0x00007ff69129a000 	C:\Program Files\Android\Android Studio\jbr\bin\java.exe
0x00007ffc779b0000 - 0x00007ffc77bc7000 	C:\Windows\SYSTEM32\ntdll.dll
0x00007ffc76690000 - 0x00007ffc76754000 	C:\Windows\System32\KERNEL32.DLL
0x00007ffc74d80000 - 0x00007ffc7512c000 	C:\Windows\System32\KERNELBASE.dll
0x00007ffc75220000 - 0x00007ffc75331000 	C:\Windows\System32\ucrtbase.dll
0x00007ffc6fcd0000 - 0x00007ffc6fce8000 	C:\Program Files\Android\Android Studio\jbr\bin\jli.dll
0x00007ffc21cb0000 - 0x00007ffc21ccb000 	C:\Program Files\Android\Android Studio\jbr\bin\VCRUNTIME140.dll
0x00007ffc75890000 - 0x00007ffc75a3e000 	C:\Windows\System32\USER32.dll
0x00007ffc751f0000 - 0x00007ffc75216000 	C:\Windows\System32\win32u.dll
0x00007ffc60db0000 - 0x00007ffc61043000 	C:\Windows\WinSxS\amd64_microsoft.windows.common-controls_6595b64144ccf1df_6.0.22621.3672_none_2713b9d173822955\COMCTL32.dll
0x00007ffc76600000 - 0x00007ffc76629000 	C:\Windows\System32\GDI32.dll
0x00007ffc760c0000 - 0x00007ffc76167000 	C:\Windows\System32\msvcrt.dll
0x00007ffc755d0000 - 0x00007ffc756e9000 	C:\Windows\System32\gdi32full.dll
0x00007ffc753c0000 - 0x00007ffc7545a000 	C:\Windows\System32\msvcp_win.dll
0x00007ffc772a0000 - 0x00007ffc772d1000 	C:\Windows\System32\IMM32.DLL
0x00007ffc44ad0000 - 0x00007ffc44adc000 	C:\Program Files\Android\Android Studio\jbr\bin\vcruntime140_1.dll
0x00007ffc2a590000 - 0x00007ffc2a61d000 	C:\Program Files\Android\Android Studio\jbr\bin\msvcp140.dll
0x00007ffb98860000 - 0x00007ffb994ea000 	C:\Program Files\Android\Android Studio\jbr\bin\server\jvm.dll
0x00007ffc770e0000 - 0x00007ffc77192000 	C:\Windows\System32\ADVAPI32.dll
0x00007ffc77670000 - 0x00007ffc7771a000 	C:\Windows\System32\sechost.dll
0x00007ffc74ce0000 - 0x00007ffc74d08000 	C:\Windows\System32\bcrypt.dll
0x00007ffc75750000 - 0x00007ffc75865000 	C:\Windows\System32\RPCRT4.dll
0x00007ffc75fc0000 - 0x00007ffc76031000 	C:\Windows\System32\WS2_32.dll
0x00007ffc745a0000 - 0x00007ffc745ed000 	C:\Windows\SYSTEM32\POWRPROF.dll
0x00007ffc6e490000 - 0x00007ffc6e4c4000 	C:\Windows\SYSTEM32\WINMM.dll
0x00007ffc6b1e0000 - 0x00007ffc6b1ea000 	C:\Windows\SYSTEM32\VERSION.dll
0x00007ffc74530000 - 0x00007ffc74543000 	C:\Windows\SYSTEM32\UMPDC.dll
0x00007ffc73d10000 - 0x00007ffc73d28000 	C:\Windows\SYSTEM32\kernel.appcore.dll
0x00007ffc43a70000 - 0x00007ffc43a7a000 	C:\Program Files\Android\Android Studio\jbr\bin\jimage.dll
0x00007ffc72210000 - 0x00007ffc72442000 	C:\Windows\SYSTEM32\DBGHELP.DLL
0x00007ffc772e0000 - 0x00007ffc77668000 	C:\Windows\System32\combase.dll
0x00007ffc75ee0000 - 0x00007ffc75fb7000 	C:\Windows\System32\OLEAUT32.dll
0x00007ffc51f10000 - 0x00007ffc51f42000 	C:\Windows\SYSTEM32\dbgcore.DLL
0x00007ffc75340000 - 0x00007ffc753bb000 	C:\Windows\System32\bcryptPrimitives.dll
0x00007ffc6fd10000 - 0x00007ffc6fd1e000 	C:\Program Files\Android\Android Studio\jbr\bin\instrument.dll
0x00007ffc1f8b0000 - 0x00007ffc1f8d0000 	C:\Program Files\Android\Android Studio\jbr\bin\java.dll
0x00007ffbfe830000 - 0x00007ffbfe848000 	C:\Program Files\Android\Android Studio\jbr\bin\zip.dll
0x00007ffc76880000 - 0x00007ffc770dc000 	C:\Windows\System32\SHELL32.dll
0x00007ffc72bf0000 - 0x00007ffc734e7000 	C:\Windows\SYSTEM32\windows.storage.dll
0x00007ffc72ab0000 - 0x00007ffc72bef000 	C:\Windows\SYSTEM32\wintypes.dll
0x00007ffc771a0000 - 0x00007ffc77294000 	C:\Windows\System32\SHCORE.dll
0x00007ffc765a0000 - 0x00007ffc765fe000 	C:\Windows\System32\shlwapi.dll
0x00007ffc74c10000 - 0x00007ffc74c31000 	C:\Windows\SYSTEM32\profapi.dll
0x00007ffc32980000 - 0x00007ffc32990000 	C:\Program Files\Android\Android Studio\jbr\bin\net.dll
0x00007ffc707e0000 - 0x00007ffc70916000 	C:\Windows\SYSTEM32\WINHTTP.dll
0x00007ffc74180000 - 0x00007ffc741e9000 	C:\Windows\system32\mswsock.dll
0x00007ffbda1b0000 - 0x00007ffbda1c6000 	C:\Program Files\Android\Android Studio\jbr\bin\nio.dll
0x00007ffc2a9f0000 - 0x00007ffc2aa00000 	C:\Program Files\Android\Android Studio\jbr\bin\verify.dll
0x00007ffc643f0000 - 0x00007ffc64417000 	C:\Users\LENOVO\.gradle\native\c067742578af261105cb4f569cf0c3c89f3d7b1fecec35dd04571415982c5e48\windows-amd64\native-platform.dll
0x00007ffc2a440000 - 0x00007ffc2a584000 	C:\Users\LENOVO\.gradle\native\100fb08df4bc3b14c8652ba06237920a3bd2aa13389f12d3474272988ae205f9\windows-amd64\native-platform-file-events.dll
0x00007ffc21d30000 - 0x00007ffc21d39000 	C:\Program Files\Android\Android Studio\jbr\bin\management.dll
0x00007ffc1f8a0000 - 0x00007ffc1f8ab000 	C:\Program Files\Android\Android Studio\jbr\bin\management_ext.dll
0x00007ffc75ed0000 - 0x00007ffc75ed8000 	C:\Windows\System32\PSAPI.DLL
0x00007ffc74460000 - 0x00007ffc7447b000 	C:\Windows\SYSTEM32\CRYPTSP.dll
0x00007ffc73c70000 - 0x00007ffc73ca5000 	C:\Windows\system32\rsaenh.dll
0x00007ffc742f0000 - 0x00007ffc74318000 	C:\Windows\SYSTEM32\USERENV.dll
0x00007ffc74450000 - 0x00007ffc7445c000 	C:\Windows\SYSTEM32\CRYPTBASE.dll
0x00007ffc73760000 - 0x00007ffc7378d000 	C:\Windows\SYSTEM32\IPHLPAPI.DLL
0x00007ffc75ec0000 - 0x00007ffc75ec9000 	C:\Windows\System32\NSI.dll
0x00007ffc23980000 - 0x00007ffc23989000 	C:\Program Files\Android\Android Studio\jbr\bin\extnet.dll
0x00007ffbfaec0000 - 0x00007ffbfaec8000 	C:\Windows\system32\wshunix.dll

dbghelp: loaded successfully - version: 4.0.5 - missing functions: none
symbol engine: initialized successfully - sym options: 0x614 - pdb path: .;C:\Program Files\Android\Android Studio\jbr\bin;C:\Windows\SYSTEM32;C:\Windows\WinSxS\amd64_microsoft.windows.common-controls_6595b64144ccf1df_6.0.22621.3672_none_2713b9d173822955;C:\Program Files\Android\Android Studio\jbr\bin\server;C:\Users\LENOVO\.gradle\native\c067742578af261105cb4f569cf0c3c89f3d7b1fecec35dd04571415982c5e48\windows-amd64;C:\Users\LENOVO\.gradle\native\100fb08df4bc3b14c8652ba06237920a3bd2aa13389f12d3474272988ae205f9\windows-amd64

VM Arguments:
jvm_args: --add-opens=java.base/java.util=ALL-UNNAMED --add-opens=java.base/java.lang=ALL-UNNAMED --add-opens=java.base/java.lang.invoke=ALL-UNNAMED --add-opens=java.prefs/java.util.prefs=ALL-UNNAMED --add-exports=jdk.compiler/com.sun.tools.javac.api=ALL-UNNAMED --add-exports=jdk.compiler/com.sun.tools.javac.util=ALL-UNNAMED --add-opens=java.base/java.nio.charset=ALL-UNNAMED --add-opens=java.base/java.net=ALL-UNNAMED --add-opens=java.base/java.util.concurrent.atomic=ALL-UNNAMED -Xmx2048m -Dfile.encoding=UTF-8 -Duser.country=ID -Duser.language=en -Duser.variant -javaagent:C:\Users\LENOVO\.gradle\wrapper\dists\gradle-8.10.2-bin\a04bxjujx95o3nb99gddekhwo\gradle-8.10.2\lib\agents\gradle-instrumentation-agent-8.10.2.jar 
java_command: org.gradle.launcher.daemon.bootstrap.GradleDaemon 8.10.2
java_class_path (initial): C:\Users\LENOVO\.gradle\wrapper\dists\gradle-8.10.2-bin\a04bxjujx95o3nb99gddekhwo\gradle-8.10.2\lib\gradle-daemon-main-8.10.2.jar
Launcher Type: SUN_STANDARD

[Global flags]
     intx CICompilerCount                          = 12                                        {product} {ergonomic}
     uint ConcGCThreads                            = 3                                         {product} {ergonomic}
     uint G1ConcRefinementThreads                  = 13                                        {product} {ergonomic}
   size_t G1HeapRegionSize                         = 1048576                                   {product} {ergonomic}
    uintx GCDrainStackTargetSize                   = 64                                        {product} {ergonomic}
   size_t InitialHeapSize                          = 232783872                                 {product} {ergonomic}
   size_t MarkStackSize                            = 4194304                                   {product} {ergonomic}
   size_t MaxHeapSize                              = 2147483648                                {product} {command line}
   size_t MaxNewSize                               = 1287651328                                {product} {ergonomic}
   size_t MinHeapDeltaBytes                        = 1048576                                   {product} {ergonomic}
   size_t MinHeapSize                              = 8388608                                   {product} {ergonomic}
    uintx NonNMethodCodeHeapSize                   = 7602480                                {pd product} {ergonomic}
    uintx NonProfiledCodeHeapSize                  = 122027880                              {pd product} {ergonomic}
    uintx ProfiledCodeHeapSize                     = 122027880                              {pd product} {ergonomic}
    uintx ReservedCodeCacheSize                    = 251658240                              {pd product} {ergonomic}
     bool SegmentedCodeCache                       = true                                      {product} {ergonomic}
   size_t SoftMaxHeapSize                          = 2147483648                             {manageable} {ergonomic}
     bool UseCompressedOops                        = true                           {product lp64_product} {ergonomic}
     bool UseG1GC                                  = true                                      {product} {ergonomic}
     bool UseLargePagesIndividualAllocation        = false                                  {pd product} {ergonomic}

Logging:
Log output configuration:
 #0: stdout all=warning uptime,level,tags foldmultilines=false
 #1: stderr all=off uptime,level,tags foldmultilines=false

Environment Variables:
PATH=C:\Program Files (x86)\VMware\VMware Workstation\bin\;C:\Program Files (x86)\Embarcadero\Studio\23.0\bin;C:\Users\Public\Documents\Embarcadero\Studio\23.0\Bpl;C:\Program Files (x86)\Embarcadero\Studio\23.0\bin64;C:\Users\Public\Documents\Embarcadero\Studio\23.0\Bpl\Win64;C:\Program Files\Common Files\Oracle\Java\javapath;C:\Program Files (x86)\Common Files\Oracle\Java\java8path;C:\Program Files (x86)\Common Files\Oracle\Java\javapath;C:\Windows\system32;C:\Windows;C:\Windows\System32\Wbem;C:\Windows\System32\WindowsPowerShell\v1.0\;C:\Windows\System32\OpenSSH\;C:\Program Files\nodejs\;C:\Program Files\Git\cmd;C:\Program Files\Tesseract-OCR;C:\Users\LENOVO\AppData\Local\Android\Sdk\cmdline-tools\bin;C:\Program Files\Java\jdk-22\bin;C:\Program Files (x86)\Windows Kits\10\Windows Performance Toolkit\;C:\composer;C:\Users\LENOVO\.config\herd\bin\nvm;C:\Program Files\nodejs;C:\laragon\bin\php\php-8.3.10-Win32-vs16-x64;C:\laragon\bin\mongodb\bin;C:\Program Files\dotnet\;C:\Program Files\PuTTY\;C:\Program Files\MATLAB\R2024b\bin;C:\laragon\bin;C:\laragon\bin\apache\httpd-2.4.54-win64-VS16\bin;C:\laragon\bin\composer;C:\laragon\bin\git\bin;C:\laragon\bin\git\cmd;C:\laragon\bin\git\mingw64\bin;C:\laragon\bin\git\usr\bin;C:\laragon\bin\laragon\utils;C:\laragon\bin\mysql\mysql-8.0.30-winx64\bin;C:\laragon\bin\nginx\nginx-1.22.0;C:\laragon\bin\ngrok;C:\laragon\bin\nodejs\node-v22.6.0-win-x64;C:\laragon\bin\notepad++;C:\laragon\bin\php\php-8.3.10-Win32-vs16-x64;C:\laragon\bin\python\python-3.10;C:\laragon\bin\python\python-3.10\Scripts;C:\laragon\bin\redis\redis-x64-5.0.14.1;C:\laragon\bin\telnet;C:\laragon\bin\yarn\bin;C:\laragon\usr\bin;C:\Users\LENOVO\AppData\Local\Yarn\config\global\node_modules\.bin;C:\Users\LENOVO\AppData\Roaming\Composer\vendor\bin;C:\Users\LENOVO\AppData\Roaming\npm;C:\Program Files\Common Files\Oracle\Java\javapath;C:\Program Files (x86)\Common Files\Oracle\Java;C:\Users\LENOVO\AppData\Local\Programs\Microsoft VS Code\bin;C:\Program Files\JetBrains\PyCharm 2024.2.3\bin;;C:\Program Files\JetBrains\PyCharm Community Edition 2024.2.3\bin;;C:\Users\LENOVO\.dotnet\tools;C:\Users\LENOVO\AppData\Local\GitHubDesktop\bin;C:\Users\LENOVO\AppData\Local\Muse Hub\lib
USERNAME=LENOVO
OS=Windows_NT
PROCESSOR_IDENTIFIER=AMD64 Family 25 Model 80 Stepping 0, AuthenticAMD
TMP=C:\Users\LENOVO\AppData\Local\Temp
TEMP=C:\Users\LENOVO\AppData\Local\Temp




Periodic native trim disabled

JNI global refs:
JNI global refs: 39, weak refs: 8

JNI global refs memory usage: 835, weak refs: 833

Process memory usage:
Resident Set Size: 336064K (2% of 14513528K total physical memory with 2920132K free physical memory)

OOME stack traces (most recent first):
Classloader memory used:
Loader org.gradle.internal.classloader.VisitableURLClassLoader                         : 33524K
Loader bootstrap                                                                       : 22847K
Loader org.gradle.initialization.MixInLegacyTypesClassLoader                           : 9501K
Loader jdk.internal.loader.ClassLoaders$PlatformClassLoader                            : 512K
Loader jdk.internal.loader.ClassLoaders$AppClassLoader                                 : 234K
Loader org.gradle.internal.classloader.VisitableURLClassLoader                         : 105K
Loader jdk.internal.reflect.DelegatingClassLoader                                      : 96216B

Classes loaded by more than one classloader:
Class Program                                                                         : loaded 3 times (x 68B)
Class org.gradle.internal.classloader.ClassLoaderHierarchy                            : loaded 2 times (x 66B)
Class org.gradle.api.internal.classpath.ManifestUtil                                  : loaded 2 times (x 67B)
Class org.gradle.internal.classloader.DefaultClassLoaderFactory                       : loaded 2 times (x 78B)
Class org.gradle.internal.classloader.ClassLoaderVisitor                              : loaded 2 times (x 72B)
Class org.gradle.api.internal.classpath.EffectiveClassPath                            : loaded 2 times (x 86B)
Class org.gradle.api.internal.DefaultClassPathProvider                                : loaded 2 times (x 72B)
Class [Lorg.gradle.api.internal.ClassPathProvider;                                    : loaded 2 times (x 65B)
Class org.gradle.api.internal.ClassPathProvider                                       : loaded 2 times (x 66B)
Class org.gradle.internal.service.UnknownServiceException                             : loaded 2 times (x 79B)
Class org.gradle.internal.classpath.TransformedClassPath                              : loaded 2 times (x 92B)
Class org.gradle.internal.classloader.InstrumentingClassLoader                        : loaded 2 times (x 66B)
Class org.gradle.internal.service.ServiceLocator                                      : loaded 2 times (x 66B)
Class org.gradle.internal.InternalTransformer                                         : loaded 2 times (x 66B)
Class org.gradle.internal.classloader.ClasspathUtil$1                                 : loaded 2 times (x 72B)
Class org.gradle.api.internal.classpath.DefaultModuleRegistry$DefaultModule           : loaded 2 times (x 82B)
Class org.gradle.api.internal.classpath.Module                                        : loaded 2 times (x 66B)
Class org.gradle.api.internal.classpath.UnknownModuleException                        : loaded 2 times (x 78B)
Class org.gradle.api.internal.DefaultClassPathRegistry                                : loaded 2 times (x 72B)
Class org.gradle.api.internal.ClassPathRegistry                                       : loaded 2 times (x 66B)
Class org.gradle.internal.classpath.DefaultClassPath$ImmutableUniqueList              : loaded 2 times (x 195B)
Class org.gradle.internal.classloader.FilteringClassLoader                            : loaded 2 times (x 101B)
Class Settings_gradle$1                                                               : loaded 2 times (x 70B)
Class org.gradle.internal.classpath.ClassPath                                         : loaded 2 times (x 66B)
Class org.gradle.api.UncheckedIOException                                             : loaded 2 times (x 78B)
Class org.gradle.internal.installation.GradleInstallation$1                           : loaded 2 times (x 71B)
Class org.gradle.api.internal.classpath.ModuleRegistry                                : loaded 2 times (x 66B)
Class org.gradle.api.internal.classpath.DefaultModuleRegistry                         : loaded 2 times (x 82B)
Class org.gradle.internal.service.ServiceLookupException                              : loaded 2 times (x 78B)
Class org.gradle.internal.classloader.ClassLoaderFactory                              : loaded 2 times (x 66B)
Class org.gradle.internal.service.CachingServiceLocator                               : loaded 2 times (x 78B)
Class org.gradle.internal.classloader.ClasspathUtil                                   : loaded 2 times (x 67B)
Class org.gradle.api.specs.Spec                                                       : loaded 2 times (x 66B)
Class org.gradle.internal.classloader.VisitableURLClassLoader$InstrumentingVisitableURLClassLoader: loaded 2 times (x 119B)
Class org.gradle.internal.classloader.VisitableURLClassLoader$Spec                    : loaded 2 times (x 70B)
Class org.gradle.internal.classpath.DefaultClassPath                                  : loaded 2 times (x 86B)
Class org.gradle.internal.classloader.ClassLoaderSpec                                 : loaded 2 times (x 67B)
Class Settings_gradle$1$1                                                             : loaded 2 times (x 70B)
Class org.gradle.internal.classloader.VisitableURLClassLoader                         : loaded 2 times (x 113B)
Class Settings_gradle                                                                 : loaded 2 times (x 124B)
Class org.gradle.internal.Cast                                                        : loaded 2 times (x 67B)
Class org.gradle.api.Action                                                           : loaded 2 times (x 66B)
Class org.gradle.internal.classpath.DefaultClassPath$ImmutableUniqueList$Builder      : loaded 2 times (x 71B)
Class org.gradle.api.GradleException                                                  : loaded 2 times (x 78B)
Class org.gradle.internal.IoActions                                                   : loaded 2 times (x 67B)
Class org.gradle.internal.classloader.SystemClassLoaderSpec                           : loaded 2 times (x 67B)
Class org.gradle.api.internal.classpath.GlobalCacheRootsProvider                      : loaded 2 times (x 66B)
Class org.gradle.internal.installation.CurrentGradleInstallationLocator               : loaded 2 times (x 67B)
Class org.gradle.internal.service.DefaultServiceLocator                               : loaded 2 times (x 79B)
Class org.gradle.internal.installation.CurrentGradleInstallation                      : loaded 2 times (x 69B)
Class org.gradle.util.internal.GUtil                                                  : loaded 2 times (x 67B)
Class org.gradle.internal.installation.GradleInstallation                             : loaded 2 times (x 71B)

---------------  S Y S T E M  ---------------

OS:
 Windows 11 , 64 bit Build 22621 (10.0.22621.3672)
OS uptime: 0 days 1:38 hours
Hyper-V role detected

CPU: total 16 (initial active 16) (16 cores per cpu, 2 threads per core) family 25 model 80 stepping 0 microcode 0x0, cx8, cmov, fxsr, ht, mmx, 3dnowpref, sse, sse2, sse3, ssse3, sse4a, sse4.1, sse4.2, popcnt, lzcnt, tsc, tscinvbit, avx, avx2, aes, erms, clmul, bmi1, bmi2, adx, sha, fma, vzeroupper, clflush, clflushopt, hv, rdtscp, rdpid, fsrm, f16c, cet_ss
Processor Information for processor 0
  Max Mhz: 2000, Current Mhz: 1808, Mhz Limit: 2000
Processor Information for processor 1
  Max Mhz: 2000, Current Mhz: 1808, Mhz Limit: 2000
Processor Information for processor 2
  Max Mhz: 2000, Current Mhz: 1808, Mhz Limit: 2000
Processor Information for processor 3
  Max Mhz: 2000, Current Mhz: 1808, Mhz Limit: 2000
Processor Information for processor 4
  Max Mhz: 2000, Current Mhz: 1808, Mhz Limit: 2000
Processor Information for processor 5
  Max Mhz: 2000, Current Mhz: 1808, Mhz Limit: 2000
Processor Information for processor 6
  Max Mhz: 2000, Current Mhz: 1808, Mhz Limit: 2000
Processor Information for processor 7
  Max Mhz: 2000, Current Mhz: 1808, Mhz Limit: 2000
Processor Information for processor 8
  Max Mhz: 2000, Current Mhz: 1808, Mhz Limit: 2000
Processor Information for processor 9
  Max Mhz: 2000, Current Mhz: 1808, Mhz Limit: 2000
Processor Information for processor 10
  Max Mhz: 2000, Current Mhz: 1808, Mhz Limit: 2000
Processor Information for processor 11
  Max Mhz: 2000, Current Mhz: 1808, Mhz Limit: 2000
Processor Information for processor 12
  Max Mhz: 2000, Current Mhz: 1808, Mhz Limit: 2000
Processor Information for processor 13
  Max Mhz: 2000, Current Mhz: 1808, Mhz Limit: 2000
Processor Information for processor 14
  Max Mhz: 2000, Current Mhz: 2000, Mhz Limit: 2000
Processor Information for processor 15
  Max Mhz: 2000, Current Mhz: 1808, Mhz Limit: 2000

Memory: 4k page, system-wide physical 14173M (2851M free)
TotalPageFile size 16221M (AvailPageFile size 5M)
current process WorkingSet (physical memory assigned to process): 328M, peak: 330M
current process commit charge ("private bytes"): 378M, peak: 398M

vm_info: OpenJDK 64-Bit Server VM (21.0.5+-12932927-b750.29) for windows-amd64 JRE (21.0.5+-12932927-b750.29), built on 2025-01-17T02:01:10Z by "builder" with MS VC++ 16.10 / 16.11 (VS2019)

END.
