#
# There is insufficient memory for the Java Runtime Environment to continue.
# Native memory allocation (malloc) failed to allocate 32744 bytes. Error detail: Chunk::new
# Possible reasons:
#   The system is out of physical RAM or swap space
#   This process is running with CompressedOops enabled, and the Java Heap may be blocking the growth of the native heap
# Possible solutions:
#   Reduce memory load on the system
#   Increase physical memory or swap space
#   Check if swap backing store is full
#   Decrease Java heap size (-Xmx/-Xms)
#   Decrease number of Java threads
#   Decrease Java thread stack sizes (-Xss)
#   Set larger code cache with -XX:ReservedCodeCacheSize=
#   JVM is running with Unscaled Compressed Oops mode in which the Java heap is
#     placed in the first 4GB address space. The Java Heap base address is the
#     maximum limit for the native heap growth. Please use -XX:HeapBaseMinAddress
#     to set the Java Heap base and to place the Java Heap above 4GB virtual address.
# This output file may be truncated or incomplete.
#
#  Out of Memory Error (arena.cpp:168), pid=12188, tid=18172
#
# JRE version: OpenJDK Runtime Environment (21.0.5) (build 21.0.5+-12932927-b750.29)
# Java VM: OpenJDK 64-Bit Server VM (21.0.5+-12932927-b750.29, mixed mode, tiered, compressed oops, compressed class ptrs, g1 gc, windows-amd64)
# No core dump will be written. Minidumps are not enabled by default on client versions of Windows
#

---------------  S U M M A R Y ------------

Command Line: --add-opens=java.base/java.util=ALL-UNNAMED --add-opens=java.base/java.lang=ALL-UNNAMED --add-opens=java.base/java.lang.invoke=ALL-UNNAMED --add-opens=java.prefs/java.util.prefs=ALL-UNNAMED --add-exports=jdk.compiler/com.sun.tools.javac.api=ALL-UNNAMED --add-exports=jdk.compiler/com.sun.tools.javac.util=ALL-UNNAMED --add-opens=java.base/java.nio.charset=ALL-UNNAMED --add-opens=java.base/java.net=ALL-UNNAMED --add-opens=java.base/java.util.concurrent.atomic=ALL-UNNAMED -Xmx2048m -Dfile.encoding=UTF-8 -Duser.country=ID -Duser.language=en -Duser.variant -javaagent:C:\Users\LENOVO\.gradle\wrapper\dists\gradle-8.10.2-bin\a04bxjujx95o3nb99gddekhwo\gradle-8.10.2\lib\agents\gradle-instrumentation-agent-8.10.2.jar org.gradle.launcher.daemon.bootstrap.GradleDaemon 8.10.2

Host: AMD Ryzen 7 7730U with Radeon Graphics         , 16 cores, 13G,  Windows 11 , 64 bit Build 22621 (10.0.22621.3672)
Time: Sun May 11 10:34:13 2025 SE Asia Standard Time elapsed time: 23.207851 seconds (0d 0h 0m 23s)

---------------  T H R E A D  ---------------

Current thread (0x000001d3c79f7ef0):  JavaThread "C2 CompilerThread1" daemon [_thread_in_native, id=18172, stack(0x000000b755a00000,0x000000b755b00000) (1024K)]


Current CompileTask:
C2:23207 14299       4       org.gradle.cache.internal.btree.BTreePersistentIndexedCache::access$1200 (10 bytes)

Stack: [0x000000b755a00000,0x000000b755b00000]
Native frames: (J=compiled Java code, j=interpreted, Vv=VM code, C=native code)
V  [jvm.dll+0x6cfb29]
V  [jvm.dll+0x85ded3]
V  [jvm.dll+0x86042e]
V  [jvm.dll+0x860b13]
V  [jvm.dll+0x27e6b6]
V  [jvm.dll+0xbff6d]
V  [jvm.dll+0xc04a3]
V  [jvm.dll+0x659ead]
V  [jvm.dll+0x65a03b]
V  [jvm.dll+0x660327]
V  [jvm.dll+0x6612a2]
V  [jvm.dll+0x65f68e]
V  [jvm.dll+0x247adf]
V  [jvm.dll+0x247231]
V  [jvm.dll+0x1c5ee4]
V  [jvm.dll+0x25697c]
V  [jvm.dll+0x254ec6]
V  [jvm.dll+0x3f0ce6]
V  [jvm.dll+0x806368]
V  [jvm.dll+0x6ce3fd]
C  [ucrtbase.dll+0x29333]
C  [KERNEL32.DLL+0x1257d]
C  [ntdll.dll+0x5af28]


---------------  P R O C E S S  ---------------

Threads class SMR info:
_java_thread_list=0x000001d3c72a0ed0, length=41, elements={
0x000001d3a4e31820, 0x000001d3bf229670, 0x000001d3bf22a320, 0x000001d3bf22f770,
0x000001d3bf22d610, 0x000001d3bf22e060, 0x000001d3bf209d80, 0x000001d3bf20a7d0,
0x000001d3bf20b260, 0x000001d3bf2cef80, 0x000001d3bf4b80f0, 0x000001d3c55fb020,
0x000001d3c5982330, 0x000001d3c4fc75b0, 0x000001d3c4fc8950, 0x000001d3c598b1a0,
0x000001d3c594d840, 0x000001d3c594c490, 0x000001d3c594cb20, 0x000001d3c594b770,
0x000001d3c594ebf0, 0x000001d3c96ca620, 0x000001d3c49357e0, 0x000001d3c7f63210,
0x000001d3c7f65970, 0x000001d3c8084ce0, 0x000001d3c808a230, 0x000001d3c8086720,
0x000001d3c8084650, 0x000001d3c8085a00, 0x000001d3c808a8c0, 0x000001d3c8086db0,
0x000001d3c8089510, 0x000001d3c808bc70, 0x000001d3c8087440, 0x000001d3c8087ad0,
0x000001d3c79f7ef0, 0x000001d3c79f4f40, 0x000001d3c79f6a80, 0x000001d3c79f7150,
0x000001d3c79f7820
}

Java Threads: ( => current thread )
  0x000001d3a4e31820 JavaThread "main"                              [_thread_blocked, id=19552, stack(0x000000b752600000,0x000000b752700000) (1024K)]
  0x000001d3bf229670 JavaThread "Reference Handler"          daemon [_thread_blocked, id=21500, stack(0x000000b752e00000,0x000000b752f00000) (1024K)]
  0x000001d3bf22a320 JavaThread "Finalizer"                  daemon [_thread_blocked, id=19796, stack(0x000000b752f00000,0x000000b753000000) (1024K)]
  0x000001d3bf22f770 JavaThread "Signal Dispatcher"          daemon [_thread_blocked, id=20748, stack(0x000000b753000000,0x000000b753100000) (1024K)]
  0x000001d3bf22d610 JavaThread "Attach Listener"            daemon [_thread_blocked, id=21384, stack(0x000000b753100000,0x000000b753200000) (1024K)]
  0x000001d3bf22e060 JavaThread "Service Thread"             daemon [_thread_blocked, id=9836, stack(0x000000b753200000,0x000000b753300000) (1024K)]
  0x000001d3bf209d80 JavaThread "Monitor Deflation Thread"   daemon [_thread_blocked, id=14048, stack(0x000000b753300000,0x000000b753400000) (1024K)]
  0x000001d3bf20a7d0 JavaThread "C2 CompilerThread0"         daemon [_thread_in_native, id=1540, stack(0x000000b753400000,0x000000b753500000) (1024K)]
  0x000001d3bf20b260 JavaThread "C1 CompilerThread0"         daemon [_thread_blocked, id=9060, stack(0x000000b753500000,0x000000b753600000) (1024K)]
  0x000001d3bf2cef80 JavaThread "Common-Cleaner"             daemon [_thread_blocked, id=21788, stack(0x000000b753600000,0x000000b753700000) (1024K)]
  0x000001d3bf4b80f0 JavaThread "Notification Thread"        daemon [_thread_blocked, id=10800, stack(0x000000b753900000,0x000000b753a00000) (1024K)]
  0x000001d3c55fb020 JavaThread "Daemon health stats"               [_thread_blocked, id=7452, stack(0x000000b753c00000,0x000000b753d00000) (1024K)]
  0x000001d3c5982330 JavaThread "Incoming local TCP Connector on port 49872"        [_thread_in_native, id=15208, stack(0x000000b754200000,0x000000b754300000) (1024K)]
  0x000001d3c4fc75b0 JavaThread "Daemon periodic checks"            [_thread_blocked, id=21940, stack(0x000000b754300000,0x000000b754400000) (1024K)]
  0x000001d3c4fc8950 JavaThread "Daemon"                            [_thread_blocked, id=9284, stack(0x000000b754400000,0x000000b754500000) (1024K)]
  0x000001d3c598b1a0 JavaThread "Daemon worker"                     [_thread_in_vm, id=12148, stack(0x000000b754700000,0x000000b754800000) (1024K)]
  0x000001d3c594d840 JavaThread "Cache worker for journal cache (C:\Users\LENOVO\.gradle\caches\journal-1)"        [_thread_blocked, id=10400, stack(0x000000b755400000,0x000000b755500000) (1024K)]
  0x000001d3c594c490 JavaThread "File lock request listener"        [_thread_in_native, id=19584, stack(0x000000b755500000,0x000000b755600000) (1024K)]
  0x000001d3c594cb20 JavaThread "Cache worker for file hash cache (C:\Users\LENOVO\.gradle\caches\8.10.2\fileHashes)"        [_thread_blocked, id=11736, stack(0x000000b755600000,0x000000b755700000) (1024K)]
  0x000001d3c594b770 JavaThread "File watcher server"        daemon [_thread_in_native, id=9960, stack(0x000000b755c00000,0x000000b755d00000) (1024K)]
  0x000001d3c594ebf0 JavaThread "File watcher consumer"      daemon [_thread_blocked, id=21164, stack(0x000000b755d00000,0x000000b755e00000) (1024K)]
  0x000001d3c96ca620 JavaThread "Cache worker for file content cache (C:\Users\LENOVO\.gradle\caches\8.10.2\fileContent)"        [_thread_blocked, id=12236, stack(0x000000b755f00000,0x000000b756000000) (1024K)]
  0x000001d3c49357e0 JavaThread "Memory manager"                    [_thread_blocked, id=16784, stack(0x000000b756100000,0x000000b756200000) (1024K)]
  0x000001d3c7f63210 JavaThread "pool-3-thread-1"                   [_thread_blocked, id=6840, stack(0x000000b755800000,0x000000b755900000) (1024K)]
  0x000001d3c7f65970 JavaThread "included builds"                   [_thread_blocked, id=14464, stack(0x000000b759100000,0x000000b759200000) (1024K)]
  0x000001d3c8084ce0 JavaThread "VFS cleanup"                       [_thread_blocked, id=22408, stack(0x000000b754800000,0x000000b754900000) (1024K)]
  0x000001d3c808a230 JavaThread "Handler for socket connection from /127.0.0.1:49872 to /127.0.0.1:49886"        [_thread_in_native, id=19436, stack(0x000000b753700000,0x000000b753800000) (1024K)]
  0x000001d3c8086720 JavaThread "Cancel handler"                    [_thread_blocked, id=10192, stack(0x000000b753800000,0x000000b753900000) (1024K)]
  0x000001d3c8084650 JavaThread "Asynchronous log dispatcher for DefaultDaemonConnection: socket connection from /127.0.0.1:49872 to /127.0.0.1:49886"        [_thread_blocked, id=15660, stack(0x000000b753a00000,0x000000b753b00000) (1024K)]
  0x000001d3c8085a00 JavaThread "Stdin handler"                     [_thread_blocked, id=13000, stack(0x000000b754100000,0x000000b754200000) (1024K)]
  0x000001d3c808a8c0 JavaThread "Daemon client event forwarder"        [_thread_blocked, id=3056, stack(0x000000b754500000,0x000000b754600000) (1024K)]
  0x000001d3c8086db0 JavaThread "Cache worker for file hash cache (C:\Users\LENOVO\AndroidStudioProjects\FragmentFerdilan\.gradle\8.10.2\fileHashes)"        [_thread_blocked, id=14344, stack(0x000000b754600000,0x000000b754700000) (1024K)]
  0x000001d3c8089510 JavaThread "Cache worker for Build Output Cleanup Cache (C:\Users\LENOVO\AndroidStudioProjects\FragmentFerdilan\.gradle\buildOutputCleanup)"        [_thread_blocked, id=18592, stack(0x000000b754900000,0x000000b754a00000) (1024K)]
  0x000001d3c808bc70 JavaThread "Cache worker for checksums cache (C:\Users\LENOVO\AndroidStudioProjects\FragmentFerdilan\.gradle\8.10.2\checksums)"        [_thread_blocked, id=2288, stack(0x000000b754a00000,0x000000b754b00000) (1024K)]
  0x000001d3c8087440 JavaThread "Cache worker for cache directory md-rule (C:\Users\LENOVO\.gradle\caches\8.10.2\md-rule)"        [_thread_blocked, id=2868, stack(0x000000b755700000,0x000000b755800000) (1024K)]
  0x000001d3c8087ad0 JavaThread "Cache worker for cache directory md-supplier (C:\Users\LENOVO\.gradle\caches\8.10.2\md-supplier)"        [_thread_blocked, id=22240, stack(0x000000b755900000,0x000000b755a00000) (1024K)]
=>0x000001d3c79f7ef0 JavaThread "C2 CompilerThread1"         daemon [_thread_in_native, id=18172, stack(0x000000b755a00000,0x000000b755b00000) (1024K)]
  0x000001d3c79f4f40 JavaThread "C2 CompilerThread2"         daemon [_thread_in_native, id=17088, stack(0x000000b755b00000,0x000000b755c00000) (1024K)]
  0x000001d3c79f6a80 JavaThread "C2 CompilerThread3"         daemon [_thread_in_native, id=1104, stack(0x000000b755e00000,0x000000b755f00000) (1024K)]
  0x000001d3c79f7150 JavaThread "C1 CompilerThread1"         daemon [_thread_blocked, id=17488, stack(0x000000b756000000,0x000000b756100000) (1024K)]
  0x000001d3c79f7820 JavaThread "C2 CompilerThread4"         daemon [_thread_in_vm, id=14164, stack(0x000000b756200000,0x000000b756300000) (1024K)]
Total: 41

Other Threads:
  0x000001d3bf1bd650 VMThread "VM Thread"                           [id=21296, stack(0x000000b752d00000,0x000000b752e00000) (1024K)]
  0x000001d3befb7eb0 WatcherThread "VM Periodic Task Thread"        [id=22012, stack(0x000000b752c00000,0x000000b752d00000) (1024K)]
  0x000001d3a4e89320 WorkerThread "GC Thread#0"                     [id=22340, stack(0x000000b752700000,0x000000b752800000) (1024K)]
  0x000001d3bfbe2f50 WorkerThread "GC Thread#1"                     [id=2096, stack(0x000000b753d00000,0x000000b753e00000) (1024K)]
  0x000001d3bfbe32f0 WorkerThread "GC Thread#2"                     [id=14624, stack(0x000000b753e00000,0x000000b753f00000) (1024K)]
  0x000001d3bfbe3690 WorkerThread "GC Thread#3"                     [id=15824, stack(0x000000b753f00000,0x000000b754000000) (1024K)]
  0x000001d3bfbe3a30 WorkerThread "GC Thread#4"                     [id=18316, stack(0x000000b754000000,0x000000b754100000) (1024K)]
  0x000001d3c5186530 WorkerThread "GC Thread#5"                     [id=4592, stack(0x000000b753b00000,0x000000b753c00000) (1024K)]
  0x000001d3c54af0b0 WorkerThread "GC Thread#6"                     [id=15308, stack(0x000000b754b00000,0x000000b754c00000) (1024K)]
  0x000001d3c54ae5d0 WorkerThread "GC Thread#7"                     [id=16268, stack(0x000000b754c00000,0x000000b754d00000) (1024K)]
  0x000001d3c54ae970 WorkerThread "GC Thread#8"                     [id=20080, stack(0x000000b754d00000,0x000000b754e00000) (1024K)]
  0x000001d3c54aed10 WorkerThread "GC Thread#9"                     [id=2172, stack(0x000000b754e00000,0x000000b754f00000) (1024K)]
  0x000001d3c54aff30 WorkerThread "GC Thread#10"                    [id=3756, stack(0x000000b754f00000,0x000000b755000000) (1024K)]
  0x000001d3c54af450 WorkerThread "GC Thread#11"                    [id=13656, stack(0x000000b755000000,0x000000b755100000) (1024K)]
  0x000001d3c54af7f0 WorkerThread "GC Thread#12"                    [id=21284, stack(0x000000b755100000,0x000000b755200000) (1024K)]
  0x000001d3a4e9a300 ConcurrentGCThread "G1 Main Marker"            [id=11848, stack(0x000000b752800000,0x000000b752900000) (1024K)]
  0x000001d3a4e9ae00 WorkerThread "G1 Conc#0"                       [id=8860, stack(0x000000b752900000,0x000000b752a00000) (1024K)]
  0x000001d3c54afb90 WorkerThread "G1 Conc#1"                       [id=17508, stack(0x000000b755200000,0x000000b755300000) (1024K)]
  0x000001d3c5870e70 WorkerThread "G1 Conc#2"                       [id=22448, stack(0x000000b755300000,0x000000b755400000) (1024K)]
  0x000001d3a4eee880 ConcurrentGCThread "G1 Refine#0"               [id=20864, stack(0x000000b752a00000,0x000000b752b00000) (1024K)]
  0x000001d3bee8ac20 ConcurrentGCThread "G1 Service"                [id=1876, stack(0x000000b752b00000,0x000000b752c00000) (1024K)]
Total: 21

Threads with active compile tasks:
C2 CompilerThread0  23232 14224       4       org.gradle.internal.operations.DefaultBuildOperationRunner::execute (147 bytes)
C1 CompilerThread0  23232 14370       3       org.gradle.internal.component.external.model.maven.DefaultMavenModuleResolveMetadata::filterDependencies (217 bytes)
C2 CompilerThread1  23232 14299       4       org.gradle.cache.internal.btree.BTreePersistentIndexedCache::access$1200 (10 bytes)
C2 CompilerThread2  23232 14297       4       org.gradle.cache.internal.btree.FreeListBlockStore::read (12 bytes)
C2 CompilerThread3  23232 14300       4       org.gradle.cache.internal.btree.BTreePersistentIndexedCache::load (40 bytes)
C1 CompilerThread1  23232 14372       3       org.gradle.internal.component.external.model.DefaultConfigurationMetadata$1::create (5 bytes)
C2 CompilerThread4  23232 14350       4       org.gradle.api.internal.attributes.DefaultMutableAttributeContainer::keySet (25 bytes)
Total: 7

VM state: not at safepoint (normal execution)

VM Mutex/Monitor currently owned by a thread:  ([mutex/lock_event])
[0x00007ffb9940bd60] CompiledIC_lock - owner thread: 0x0000000000000000

Heap address: 0x0000000080000000, size: 2048 MB, Compressed Oops mode: 32-bit

CDS archive(s) not mapped
Compressed class space mapped at: 0x0000000100000000-0x0000000140000000, reserved size: 1073741824
Narrow klass base: 0x0000000000000000, Narrow klass shift: 3, Narrow klass range: 0x140000000

GC Precious Log:
 CardTable entry size: 512
 Card Set container configuration: InlinePtr #cards 5 size 8 Array Of Cards #cards 12 size 40 Howl #buckets 4 coarsen threshold 1843 Howl Bitmap #cards 512 size 80 coarsen threshold 460 Card regions per heap region 1 cards per card region 2048
 CPUs: 16 total, 16 available
 Memory: 14173M
 Large Page Support: Disabled
 NUMA Support: Disabled
 Compressed Oops: Enabled (32-bit)
 Heap Region Size: 1M
 Heap Min Capacity: 8M
 Heap Initial Capacity: 222M
 Heap Max Capacity: 2G
 Pre-touch: Disabled
 Parallel Workers: 13
 Concurrent Workers: 3
 Concurrent Refinement Workers: 13
 Periodic GC: Disabled

Heap:
 garbage-first heap   total 192512K, used 145922K [0x0000000080000000, 0x0000000100000000)
  region size 1024K, 55 young (56320K), 7 survivors (7168K)
 Metaspace       used 114631K, committed 116736K, reserved 1179648K
  class space    used 15122K, committed 16192K, reserved 1048576K

Heap Regions: E=young(eden), S=young(survivor), O=old, HS=humongous(starts), HC=humongous(continues), CS=collection set, F=free, TAMS=top-at-mark-start, PB=parsable bottom
|   0|0x0000000080000000, 0x0000000080100000, 0x0000000080100000|100%| O|  |TAMS 0x0000000080000000| PB 0x0000000080000000| Untracked 
|   1|0x0000000080100000, 0x0000000080200000, 0x0000000080200000|100%|HS|  |TAMS 0x0000000080100000| PB 0x0000000080100000| Complete 
|   2|0x0000000080200000, 0x0000000080300000, 0x0000000080300000|100%|HC|  |TAMS 0x0000000080200000| PB 0x0000000080200000| Complete 
|   3|0x0000000080300000, 0x0000000080400000, 0x0000000080400000|100%|HC|  |TAMS 0x0000000080300000| PB 0x0000000080300000| Complete 
|   4|0x0000000080400000, 0x0000000080500000, 0x0000000080500000|100%|HC|  |TAMS 0x0000000080400000| PB 0x0000000080400000| Complete 
|   5|0x0000000080500000, 0x0000000080600000, 0x0000000080600000|100%| O|  |TAMS 0x0000000080500000| PB 0x0000000080500000| Untracked 
|   6|0x0000000080600000, 0x0000000080700000, 0x0000000080700000|100%| O|  |TAMS 0x0000000080600000| PB 0x0000000080600000| Untracked 
|   7|0x0000000080700000, 0x0000000080800000, 0x0000000080800000|100%| O|  |TAMS 0x0000000080700000| PB 0x0000000080700000| Untracked 
|   8|0x0000000080800000, 0x0000000080900000, 0x0000000080900000|100%|HS|  |TAMS 0x0000000080800000| PB 0x0000000080800000| Complete 
|   9|0x0000000080900000, 0x0000000080a00000, 0x0000000080a00000|100%| O|  |TAMS 0x0000000080900000| PB 0x0000000080900000| Untracked 
|  10|0x0000000080a00000, 0x0000000080b00000, 0x0000000080b00000|100%| O|  |TAMS 0x0000000080a00000| PB 0x0000000080a00000| Untracked 
|  11|0x0000000080b00000, 0x0000000080c00000, 0x0000000080c00000|100%| O|  |TAMS 0x0000000080b00000| PB 0x0000000080b00000| Untracked 
|  12|0x0000000080c00000, 0x0000000080d00000, 0x0000000080d00000|100%| O|  |TAMS 0x0000000080c00000| PB 0x0000000080c00000| Untracked 
|  13|0x0000000080d00000, 0x0000000080e00000, 0x0000000080e00000|100%| O|  |TAMS 0x0000000080d00000| PB 0x0000000080d00000| Untracked 
|  14|0x0000000080e00000, 0x0000000080f00000, 0x0000000080f00000|100%| O|  |TAMS 0x0000000080e00000| PB 0x0000000080e00000| Untracked 
|  15|0x0000000080f00000, 0x0000000081000000, 0x0000000081000000|100%| O|  |TAMS 0x0000000080f00000| PB 0x0000000080f00000| Untracked 
|  16|0x0000000081000000, 0x0000000081100000, 0x0000000081100000|100%| O|  |TAMS 0x0000000081000000| PB 0x0000000081000000| Untracked 
|  17|0x0000000081100000, 0x0000000081200000, 0x0000000081200000|100%| O|  |TAMS 0x0000000081100000| PB 0x0000000081100000| Untracked 
|  18|0x0000000081200000, 0x0000000081300000, 0x0000000081300000|100%| O|  |TAMS 0x0000000081200000| PB 0x0000000081200000| Untracked 
|  19|0x0000000081300000, 0x0000000081400000, 0x0000000081400000|100%| O|  |TAMS 0x0000000081300000| PB 0x0000000081300000| Untracked 
|  20|0x0000000081400000, 0x0000000081500000, 0x0000000081500000|100%| O|  |TAMS 0x0000000081400000| PB 0x0000000081400000| Untracked 
|  21|0x0000000081500000, 0x0000000081600000, 0x0000000081600000|100%| O|  |TAMS 0x0000000081500000| PB 0x0000000081500000| Untracked 
|  22|0x0000000081600000, 0x0000000081700000, 0x0000000081700000|100%| O|  |TAMS 0x0000000081600000| PB 0x0000000081600000| Untracked 
|  23|0x0000000081700000, 0x0000000081800000, 0x0000000081800000|100%| O|  |TAMS 0x0000000081700000| PB 0x0000000081700000| Untracked 
|  24|0x0000000081800000, 0x0000000081900000, 0x0000000081900000|100%| O|  |TAMS 0x0000000081800000| PB 0x0000000081800000| Untracked 
|  25|0x0000000081900000, 0x0000000081a00000, 0x0000000081a00000|100%| O|  |TAMS 0x0000000081900000| PB 0x0000000081900000| Untracked 
|  26|0x0000000081a00000, 0x0000000081b00000, 0x0000000081b00000|100%| O|  |TAMS 0x0000000081a00000| PB 0x0000000081a00000| Untracked 
|  27|0x0000000081b00000, 0x0000000081c00000, 0x0000000081c00000|100%| O|  |TAMS 0x0000000081b00000| PB 0x0000000081b00000| Untracked 
|  28|0x0000000081c00000, 0x0000000081d00000, 0x0000000081d00000|100%| O|  |TAMS 0x0000000081c00000| PB 0x0000000081c00000| Untracked 
|  29|0x0000000081d00000, 0x0000000081e00000, 0x0000000081e00000|100%| O|  |TAMS 0x0000000081d00000| PB 0x0000000081d00000| Untracked 
|  30|0x0000000081e00000, 0x0000000081f00000, 0x0000000081f00000|100%| O|  |TAMS 0x0000000081e00000| PB 0x0000000081e00000| Untracked 
|  31|0x0000000081f00000, 0x0000000082000000, 0x0000000082000000|100%| O|  |TAMS 0x0000000081f00000| PB 0x0000000081f00000| Untracked 
|  32|0x0000000082000000, 0x0000000082100000, 0x0000000082100000|100%| O|  |TAMS 0x0000000082000000| PB 0x0000000082000000| Untracked 
|  33|0x0000000082100000, 0x0000000082200000, 0x0000000082200000|100%| O|  |TAMS 0x0000000082100000| PB 0x0000000082100000| Untracked 
|  34|0x0000000082200000, 0x0000000082300000, 0x0000000082300000|100%| O|  |TAMS 0x0000000082200000| PB 0x0000000082200000| Untracked 
|  35|0x0000000082300000, 0x0000000082400000, 0x0000000082400000|100%| O|  |TAMS 0x0000000082300000| PB 0x0000000082300000| Untracked 
|  36|0x0000000082400000, 0x0000000082500000, 0x0000000082500000|100%| O|  |TAMS 0x0000000082400000| PB 0x0000000082400000| Untracked 
|  37|0x0000000082500000, 0x0000000082600000, 0x0000000082600000|100%| O|  |TAMS 0x0000000082500000| PB 0x0000000082500000| Untracked 
|  38|0x0000000082600000, 0x0000000082700000, 0x0000000082700000|100%| O|  |TAMS 0x0000000082600000| PB 0x0000000082600000| Untracked 
|  39|0x0000000082700000, 0x0000000082800000, 0x0000000082800000|100%|HS|  |TAMS 0x0000000082700000| PB 0x0000000082700000| Complete 
|  40|0x0000000082800000, 0x0000000082900000, 0x0000000082900000|100%|HS|  |TAMS 0x0000000082800000| PB 0x0000000082800000| Complete 
|  41|0x0000000082900000, 0x0000000082a00000, 0x0000000082a00000|100%|HS|  |TAMS 0x0000000082900000| PB 0x0000000082900000| Complete 
|  42|0x0000000082a00000, 0x0000000082b00000, 0x0000000082b00000|100%|HS|  |TAMS 0x0000000082a00000| PB 0x0000000082a00000| Complete 
|  43|0x0000000082b00000, 0x0000000082c00000, 0x0000000082c00000|100%| O|  |TAMS 0x0000000082b00000| PB 0x0000000082b00000| Untracked 
|  44|0x0000000082c00000, 0x0000000082d00000, 0x0000000082d00000|100%| O|  |TAMS 0x0000000082c00000| PB 0x0000000082c00000| Untracked 
|  45|0x0000000082d00000, 0x0000000082e00000, 0x0000000082e00000|100%| O|  |TAMS 0x0000000082d00000| PB 0x0000000082d00000| Untracked 
|  46|0x0000000082e00000, 0x0000000082f00000, 0x0000000082f00000|100%| O|  |TAMS 0x0000000082e00000| PB 0x0000000082e00000| Untracked 
|  47|0x0000000082f00000, 0x0000000083000000, 0x0000000083000000|100%| O|  |TAMS 0x0000000082f00000| PB 0x0000000082f00000| Untracked 
|  48|0x0000000083000000, 0x0000000083100000, 0x0000000083100000|100%|HS|  |TAMS 0x0000000083000000| PB 0x0000000083000000| Complete 
|  49|0x0000000083100000, 0x0000000083200000, 0x0000000083200000|100%|HS|  |TAMS 0x0000000083100000| PB 0x0000000083100000| Complete 
|  50|0x0000000083200000, 0x0000000083300000, 0x0000000083300000|100%| O|  |TAMS 0x0000000083200000| PB 0x0000000083200000| Untracked 
|  51|0x0000000083300000, 0x0000000083400000, 0x0000000083400000|100%| O|  |TAMS 0x0000000083300000| PB 0x0000000083300000| Untracked 
|  52|0x0000000083400000, 0x0000000083500000, 0x0000000083500000|100%| O|  |TAMS 0x0000000083400000| PB 0x0000000083400000| Untracked 
|  53|0x0000000083500000, 0x0000000083600000, 0x0000000083600000|100%| O|  |TAMS 0x0000000083500000| PB 0x0000000083500000| Untracked 
|  54|0x0000000083600000, 0x0000000083700000, 0x0000000083700000|100%| O|  |TAMS 0x0000000083600000| PB 0x0000000083600000| Untracked 
|  55|0x0000000083700000, 0x0000000083800000, 0x0000000083800000|100%| O|  |TAMS 0x0000000083700000| PB 0x0000000083700000| Untracked 
|  56|0x0000000083800000, 0x0000000083900000, 0x0000000083900000|100%| O|  |TAMS 0x0000000083800000| PB 0x0000000083800000| Untracked 
|  57|0x0000000083900000, 0x0000000083a00000, 0x0000000083a00000|100%|HS|  |TAMS 0x0000000083900000| PB 0x0000000083900000| Complete 
|  58|0x0000000083a00000, 0x0000000083b00000, 0x0000000083b00000|100%| O|  |TAMS 0x0000000083a00000| PB 0x0000000083a00000| Untracked 
|  59|0x0000000083b00000, 0x0000000083c00000, 0x0000000083c00000|100%| O|  |TAMS 0x0000000083b00000| PB 0x0000000083b00000| Untracked 
|  60|0x0000000083c00000, 0x0000000083c00000, 0x0000000083d00000|  0%| F|  |TAMS 0x0000000083c00000| PB 0x0000000083c00000| Untracked 
|  61|0x0000000083d00000, 0x0000000083d00000, 0x0000000083e00000|  0%| F|  |TAMS 0x0000000083d00000| PB 0x0000000083d00000| Untracked 
|  62|0x0000000083e00000, 0x0000000083e00000, 0x0000000083f00000|  0%| F|  |TAMS 0x0000000083e00000| PB 0x0000000083e00000| Untracked 
|  63|0x0000000083f00000, 0x0000000084000000, 0x0000000084000000|100%| O|  |TAMS 0x0000000083f00000| PB 0x0000000083f00000| Untracked 
|  64|0x0000000084000000, 0x0000000084100000, 0x0000000084100000|100%| O|  |TAMS 0x0000000084000000| PB 0x0000000084000000| Untracked 
|  65|0x0000000084100000, 0x0000000084200000, 0x0000000084200000|100%| O|  |TAMS 0x0000000084100000| PB 0x0000000084100000| Untracked 
|  66|0x0000000084200000, 0x0000000084300000, 0x0000000084300000|100%| O|  |TAMS 0x0000000084200000| PB 0x0000000084200000| Untracked 
|  67|0x0000000084300000, 0x0000000084400000, 0x0000000084400000|100%| O|  |TAMS 0x0000000084300000| PB 0x0000000084300000| Untracked 
|  68|0x0000000084400000, 0x0000000084500000, 0x0000000084500000|100%| O|  |TAMS 0x0000000084400000| PB 0x0000000084400000| Untracked 
|  69|0x0000000084500000, 0x0000000084600000, 0x0000000084600000|100%| O|  |TAMS 0x0000000084500000| PB 0x0000000084500000| Untracked 
|  70|0x0000000084600000, 0x0000000084700000, 0x0000000084700000|100%| O|  |TAMS 0x0000000084600000| PB 0x0000000084600000| Untracked 
|  71|0x0000000084700000, 0x0000000084800000, 0x0000000084800000|100%| O|  |TAMS 0x0000000084700000| PB 0x0000000084700000| Untracked 
|  72|0x0000000084800000, 0x0000000084900000, 0x0000000084900000|100%| O|  |TAMS 0x0000000084800000| PB 0x0000000084800000| Untracked 
|  73|0x0000000084900000, 0x0000000084a00000, 0x0000000084a00000|100%| O|  |TAMS 0x0000000084900000| PB 0x0000000084900000| Untracked 
|  74|0x0000000084a00000, 0x0000000084b00000, 0x0000000084b00000|100%| O|  |TAMS 0x0000000084a00000| PB 0x0000000084a00000| Untracked 
|  75|0x0000000084b00000, 0x0000000084c00000, 0x0000000084c00000|100%| O|  |TAMS 0x0000000084b00000| PB 0x0000000084b00000| Untracked 
|  76|0x0000000084c00000, 0x0000000084d00000, 0x0000000084d00000|100%| O|  |TAMS 0x0000000084c00000| PB 0x0000000084c00000| Untracked 
|  77|0x0000000084d00000, 0x0000000084e00000, 0x0000000084e00000|100%| O|  |TAMS 0x0000000084d00000| PB 0x0000000084d00000| Untracked 
|  78|0x0000000084e00000, 0x0000000084f00000, 0x0000000084f00000|100%| O|  |TAMS 0x0000000084e00000| PB 0x0000000084e00000| Untracked 
|  79|0x0000000084f00000, 0x0000000085000000, 0x0000000085000000|100%| O|  |TAMS 0x0000000084f00000| PB 0x0000000084f00000| Untracked 
|  80|0x0000000085000000, 0x0000000085100000, 0x0000000085100000|100%| O|  |TAMS 0x0000000085000000| PB 0x0000000085000000| Untracked 
|  81|0x0000000085100000, 0x0000000085200000, 0x0000000085200000|100%| O|  |TAMS 0x0000000085100000| PB 0x0000000085100000| Untracked 
|  82|0x0000000085200000, 0x0000000085300000, 0x0000000085300000|100%| O|  |TAMS 0x0000000085200000| PB 0x0000000085200000| Untracked 
|  83|0x0000000085300000, 0x0000000085400000, 0x0000000085400000|100%| O|  |TAMS 0x0000000085300000| PB 0x0000000085300000| Untracked 
|  84|0x0000000085400000, 0x0000000085500000, 0x0000000085500000|100%| O|  |TAMS 0x0000000085400000| PB 0x0000000085400000| Untracked 
|  85|0x0000000085500000, 0x00000000855a17f0, 0x0000000085600000| 63%| O|  |TAMS 0x0000000085500000| PB 0x0000000085500000| Untracked 
|  86|0x0000000085600000, 0x0000000085600000, 0x0000000085700000|  0%| F|  |TAMS 0x0000000085600000| PB 0x0000000085600000| Untracked 
|  87|0x0000000085700000, 0x0000000085700000, 0x0000000085800000|  0%| F|  |TAMS 0x0000000085700000| PB 0x0000000085700000| Untracked 
|  88|0x0000000085800000, 0x0000000085800000, 0x0000000085900000|  0%| F|  |TAMS 0x0000000085800000| PB 0x0000000085800000| Untracked 
|  89|0x0000000085900000, 0x0000000085900000, 0x0000000085a00000|  0%| F|  |TAMS 0x0000000085900000| PB 0x0000000085900000| Untracked 
|  90|0x0000000085a00000, 0x0000000085a00000, 0x0000000085b00000|  0%| F|  |TAMS 0x0000000085a00000| PB 0x0000000085a00000| Untracked 
|  91|0x0000000085b00000, 0x0000000085b00000, 0x0000000085c00000|  0%| F|  |TAMS 0x0000000085b00000| PB 0x0000000085b00000| Untracked 
|  92|0x0000000085c00000, 0x0000000085cdf060, 0x0000000085d00000| 87%| S|CS|TAMS 0x0000000085c00000| PB 0x0000000085c00000| Complete 
|  93|0x0000000085d00000, 0x0000000085e00000, 0x0000000085e00000|100%| S|CS|TAMS 0x0000000085d00000| PB 0x0000000085d00000| Complete 
|  94|0x0000000085e00000, 0x0000000085f00000, 0x0000000085f00000|100%| S|CS|TAMS 0x0000000085e00000| PB 0x0000000085e00000| Complete 
|  95|0x0000000085f00000, 0x0000000086000000, 0x0000000086000000|100%| S|CS|TAMS 0x0000000085f00000| PB 0x0000000085f00000| Complete 
|  96|0x0000000086000000, 0x0000000086100000, 0x0000000086100000|100%| S|CS|TAMS 0x0000000086000000| PB 0x0000000086000000| Complete 
|  97|0x0000000086100000, 0x0000000086200000, 0x0000000086200000|100%| S|CS|TAMS 0x0000000086100000| PB 0x0000000086100000| Complete 
|  98|0x0000000086200000, 0x0000000086200000, 0x0000000086300000|  0%| F|  |TAMS 0x0000000086200000| PB 0x0000000086200000| Untracked 
|  99|0x0000000086300000, 0x0000000086300000, 0x0000000086400000|  0%| F|  |TAMS 0x0000000086300000| PB 0x0000000086300000| Untracked 
| 100|0x0000000086400000, 0x0000000086400000, 0x0000000086500000|  0%| F|  |TAMS 0x0000000086400000| PB 0x0000000086400000| Untracked 
| 101|0x0000000086500000, 0x0000000086500000, 0x0000000086600000|  0%| F|  |TAMS 0x0000000086500000| PB 0x0000000086500000| Untracked 
| 102|0x0000000086600000, 0x0000000086600000, 0x0000000086700000|  0%| F|  |TAMS 0x0000000086600000| PB 0x0000000086600000| Untracked 
| 103|0x0000000086700000, 0x0000000086800000, 0x0000000086800000|100%| S|CS|TAMS 0x0000000086700000| PB 0x0000000086700000| Complete 
| 104|0x0000000086800000, 0x0000000086800000, 0x0000000086900000|  0%| F|  |TAMS 0x0000000086800000| PB 0x0000000086800000| Untracked 
| 105|0x0000000086900000, 0x0000000086900000, 0x0000000086a00000|  0%| F|  |TAMS 0x0000000086900000| PB 0x0000000086900000| Untracked 
| 106|0x0000000086a00000, 0x0000000086a00000, 0x0000000086b00000|  0%| F|  |TAMS 0x0000000086a00000| PB 0x0000000086a00000| Untracked 
| 107|0x0000000086b00000, 0x0000000086b00000, 0x0000000086c00000|  0%| F|  |TAMS 0x0000000086b00000| PB 0x0000000086b00000| Untracked 
| 108|0x0000000086c00000, 0x0000000086c00000, 0x0000000086d00000|  0%| F|  |TAMS 0x0000000086c00000| PB 0x0000000086c00000| Untracked 
| 109|0x0000000086d00000, 0x0000000086d00000, 0x0000000086e00000|  0%| F|  |TAMS 0x0000000086d00000| PB 0x0000000086d00000| Untracked 
| 110|0x0000000086e00000, 0x0000000086e00000, 0x0000000086f00000|  0%| F|  |TAMS 0x0000000086e00000| PB 0x0000000086e00000| Untracked 
| 111|0x0000000086f00000, 0x0000000086f00000, 0x0000000087000000|  0%| F|  |TAMS 0x0000000086f00000| PB 0x0000000086f00000| Untracked 
| 112|0x0000000087000000, 0x0000000087000000, 0x0000000087100000|  0%| F|  |TAMS 0x0000000087000000| PB 0x0000000087000000| Untracked 
| 113|0x0000000087100000, 0x0000000087100000, 0x0000000087200000|  0%| F|  |TAMS 0x0000000087100000| PB 0x0000000087100000| Untracked 
| 114|0x0000000087200000, 0x0000000087200000, 0x0000000087300000|  0%| F|  |TAMS 0x0000000087200000| PB 0x0000000087200000| Untracked 
| 115|0x0000000087300000, 0x0000000087300000, 0x0000000087400000|  0%| F|  |TAMS 0x0000000087300000| PB 0x0000000087300000| Untracked 
| 116|0x0000000087400000, 0x0000000087400000, 0x0000000087500000|  0%| F|  |TAMS 0x0000000087400000| PB 0x0000000087400000| Untracked 
| 117|0x0000000087500000, 0x0000000087500000, 0x0000000087600000|  0%| F|  |TAMS 0x0000000087500000| PB 0x0000000087500000| Untracked 
| 118|0x0000000087600000, 0x0000000087600000, 0x0000000087700000|  0%| F|  |TAMS 0x0000000087600000| PB 0x0000000087600000| Untracked 
| 119|0x0000000087700000, 0x0000000087700000, 0x0000000087800000|  0%| F|  |TAMS 0x0000000087700000| PB 0x0000000087700000| Untracked 
| 120|0x0000000087800000, 0x0000000087800000, 0x0000000087900000|  0%| F|  |TAMS 0x0000000087800000| PB 0x0000000087800000| Untracked 
| 121|0x0000000087900000, 0x0000000087900000, 0x0000000087a00000|  0%| F|  |TAMS 0x0000000087900000| PB 0x0000000087900000| Untracked 
| 122|0x0000000087a00000, 0x0000000087a00000, 0x0000000087b00000|  0%| F|  |TAMS 0x0000000087a00000| PB 0x0000000087a00000| Untracked 
| 123|0x0000000087b00000, 0x0000000087b00000, 0x0000000087c00000|  0%| F|  |TAMS 0x0000000087b00000| PB 0x0000000087b00000| Untracked 
| 124|0x0000000087c00000, 0x0000000087c00000, 0x0000000087d00000|  0%| F|  |TAMS 0x0000000087c00000| PB 0x0000000087c00000| Untracked 
| 125|0x0000000087d00000, 0x0000000087d00000, 0x0000000087e00000|  0%| F|  |TAMS 0x0000000087d00000| PB 0x0000000087d00000| Untracked 
| 126|0x0000000087e00000, 0x0000000087e00000, 0x0000000087f00000|  0%| F|  |TAMS 0x0000000087e00000| PB 0x0000000087e00000| Untracked 
| 127|0x0000000087f00000, 0x0000000087f00000, 0x0000000088000000|  0%| F|  |TAMS 0x0000000087f00000| PB 0x0000000087f00000| Untracked 
| 128|0x0000000088000000, 0x0000000088000000, 0x0000000088100000|  0%| F|  |TAMS 0x0000000088000000| PB 0x0000000088000000| Untracked 
| 129|0x0000000088100000, 0x0000000088100000, 0x0000000088200000|  0%| F|  |TAMS 0x0000000088100000| PB 0x0000000088100000| Untracked 
| 130|0x0000000088200000, 0x0000000088200000, 0x0000000088300000|  0%| F|  |TAMS 0x0000000088200000| PB 0x0000000088200000| Untracked 
| 131|0x0000000088300000, 0x0000000088300000, 0x0000000088400000|  0%| F|  |TAMS 0x0000000088300000| PB 0x0000000088300000| Untracked 
| 132|0x0000000088400000, 0x0000000088480000, 0x0000000088500000| 50%| E|  |TAMS 0x0000000088400000| PB 0x0000000088400000| Complete 
| 133|0x0000000088500000, 0x0000000088600000, 0x0000000088600000|100%| E|CS|TAMS 0x0000000088500000| PB 0x0000000088500000| Complete 
| 134|0x0000000088600000, 0x0000000088700000, 0x0000000088700000|100%| E|CS|TAMS 0x0000000088600000| PB 0x0000000088600000| Complete 
| 135|0x0000000088700000, 0x0000000088800000, 0x0000000088800000|100%| E|CS|TAMS 0x0000000088700000| PB 0x0000000088700000| Complete 
| 136|0x0000000088800000, 0x0000000088900000, 0x0000000088900000|100%| E|CS|TAMS 0x0000000088800000| PB 0x0000000088800000| Complete 
| 137|0x0000000088900000, 0x0000000088a00000, 0x0000000088a00000|100%| E|CS|TAMS 0x0000000088900000| PB 0x0000000088900000| Complete 
| 138|0x0000000088a00000, 0x0000000088b00000, 0x0000000088b00000|100%| E|CS|TAMS 0x0000000088a00000| PB 0x0000000088a00000| Complete 
| 139|0x0000000088b00000, 0x0000000088c00000, 0x0000000088c00000|100%| E|CS|TAMS 0x0000000088b00000| PB 0x0000000088b00000| Complete 
| 140|0x0000000088c00000, 0x0000000088d00000, 0x0000000088d00000|100%| E|CS|TAMS 0x0000000088c00000| PB 0x0000000088c00000| Complete 
| 141|0x0000000088d00000, 0x0000000088e00000, 0x0000000088e00000|100%| E|CS|TAMS 0x0000000088d00000| PB 0x0000000088d00000| Complete 
| 142|0x0000000088e00000, 0x0000000088f00000, 0x0000000088f00000|100%| E|CS|TAMS 0x0000000088e00000| PB 0x0000000088e00000| Complete 
| 143|0x0000000088f00000, 0x0000000089000000, 0x0000000089000000|100%| E|CS|TAMS 0x0000000088f00000| PB 0x0000000088f00000| Complete 
| 144|0x0000000089000000, 0x0000000089100000, 0x0000000089100000|100%| E|CS|TAMS 0x0000000089000000| PB 0x0000000089000000| Complete 
| 145|0x0000000089100000, 0x0000000089200000, 0x0000000089200000|100%| E|CS|TAMS 0x0000000089100000| PB 0x0000000089100000| Complete 
| 146|0x0000000089200000, 0x0000000089300000, 0x0000000089300000|100%| E|CS|TAMS 0x0000000089200000| PB 0x0000000089200000| Complete 
| 147|0x0000000089300000, 0x0000000089400000, 0x0000000089400000|100%| E|CS|TAMS 0x0000000089300000| PB 0x0000000089300000| Complete 
| 148|0x0000000089400000, 0x0000000089500000, 0x0000000089500000|100%| E|CS|TAMS 0x0000000089400000| PB 0x0000000089400000| Complete 
| 149|0x0000000089500000, 0x0000000089600000, 0x0000000089600000|100%| E|CS|TAMS 0x0000000089500000| PB 0x0000000089500000| Complete 
| 150|0x0000000089600000, 0x0000000089700000, 0x0000000089700000|100%| E|CS|TAMS 0x0000000089600000| PB 0x0000000089600000| Complete 
| 151|0x0000000089700000, 0x0000000089800000, 0x0000000089800000|100%| E|CS|TAMS 0x0000000089700000| PB 0x0000000089700000| Complete 
| 152|0x0000000089800000, 0x0000000089900000, 0x0000000089900000|100%| E|CS|TAMS 0x0000000089800000| PB 0x0000000089800000| Complete 
| 153|0x0000000089900000, 0x0000000089a00000, 0x0000000089a00000|100%| E|CS|TAMS 0x0000000089900000| PB 0x0000000089900000| Complete 
| 154|0x0000000089a00000, 0x0000000089b00000, 0x0000000089b00000|100%| E|CS|TAMS 0x0000000089a00000| PB 0x0000000089a00000| Complete 
| 155|0x0000000089b00000, 0x0000000089c00000, 0x0000000089c00000|100%| E|CS|TAMS 0x0000000089b00000| PB 0x0000000089b00000| Complete 
| 156|0x0000000089c00000, 0x0000000089d00000, 0x0000000089d00000|100%| E|CS|TAMS 0x0000000089c00000| PB 0x0000000089c00000| Complete 
| 157|0x0000000089d00000, 0x0000000089e00000, 0x0000000089e00000|100%| E|CS|TAMS 0x0000000089d00000| PB 0x0000000089d00000| Complete 
| 158|0x0000000089e00000, 0x0000000089f00000, 0x0000000089f00000|100%| E|CS|TAMS 0x0000000089e00000| PB 0x0000000089e00000| Complete 
| 159|0x0000000089f00000, 0x000000008a000000, 0x000000008a000000|100%| E|CS|TAMS 0x0000000089f00000| PB 0x0000000089f00000| Complete 
| 160|0x000000008a000000, 0x000000008a100000, 0x000000008a100000|100%| E|CS|TAMS 0x000000008a000000| PB 0x000000008a000000| Complete 
| 161|0x000000008a100000, 0x000000008a200000, 0x000000008a200000|100%| E|CS|TAMS 0x000000008a100000| PB 0x000000008a100000| Complete 
| 162|0x000000008a200000, 0x000000008a300000, 0x000000008a300000|100%| E|CS|TAMS 0x000000008a200000| PB 0x000000008a200000| Complete 
| 163|0x000000008a300000, 0x000000008a400000, 0x000000008a400000|100%| E|CS|TAMS 0x000000008a300000| PB 0x000000008a300000| Complete 
| 164|0x000000008a400000, 0x000000008a500000, 0x000000008a500000|100%| E|  |TAMS 0x000000008a400000| PB 0x000000008a400000| Complete 
| 165|0x000000008a500000, 0x000000008a600000, 0x000000008a600000|100%| E|CS|TAMS 0x000000008a500000| PB 0x000000008a500000| Complete 
| 166|0x000000008a600000, 0x000000008a700000, 0x000000008a700000|100%| E|CS|TAMS 0x000000008a600000| PB 0x000000008a600000| Complete 
| 167|0x000000008a700000, 0x000000008a800000, 0x000000008a800000|100%| E|CS|TAMS 0x000000008a700000| PB 0x000000008a700000| Complete 
| 168|0x000000008a800000, 0x000000008a900000, 0x000000008a900000|100%| E|CS|TAMS 0x000000008a800000| PB 0x000000008a800000| Complete 
| 169|0x000000008a900000, 0x000000008aa00000, 0x000000008aa00000|100%| E|CS|TAMS 0x000000008a900000| PB 0x000000008a900000| Complete 
| 189|0x000000008bd00000, 0x000000008be00000, 0x000000008be00000|100%| E|CS|TAMS 0x000000008bd00000| PB 0x000000008bd00000| Complete 
| 190|0x000000008be00000, 0x000000008bf00000, 0x000000008bf00000|100%| E|CS|TAMS 0x000000008be00000| PB 0x000000008be00000| Complete 
| 191|0x000000008bf00000, 0x000000008c000000, 0x000000008c000000|100%| E|CS|TAMS 0x000000008bf00000| PB 0x000000008bf00000| Complete 
| 192|0x000000008c000000, 0x000000008c100000, 0x000000008c100000|100%| E|CS|TAMS 0x000000008c000000| PB 0x000000008c000000| Complete 
| 193|0x000000008c100000, 0x000000008c200000, 0x000000008c200000|100%| E|CS|TAMS 0x000000008c100000| PB 0x000000008c100000| Complete 
| 194|0x000000008c200000, 0x000000008c300000, 0x000000008c300000|100%| E|CS|TAMS 0x000000008c200000| PB 0x000000008c200000| Complete 
| 195|0x000000008c300000, 0x000000008c400000, 0x000000008c400000|100%| E|CS|TAMS 0x000000008c300000| PB 0x000000008c300000| Complete 
| 196|0x000000008c400000, 0x000000008c500000, 0x000000008c500000|100%| E|CS|TAMS 0x000000008c400000| PB 0x000000008c400000| Complete 
| 221|0x000000008dd00000, 0x000000008de00000, 0x000000008de00000|100%| E|CS|TAMS 0x000000008dd00000| PB 0x000000008dd00000| Complete 
|2039|0x00000000ff700000, 0x00000000ff800000, 0x00000000ff800000|100%| O|  |TAMS 0x00000000ff700000| PB 0x00000000ff700000| Untracked 
|2040|0x00000000ff800000, 0x00000000ff900000, 0x00000000ff900000|100%| O|  |TAMS 0x00000000ff800000| PB 0x00000000ff800000| Untracked 
|2041|0x00000000ff900000, 0x00000000ffa00000, 0x00000000ffa00000|100%| O|  |TAMS 0x00000000ff900000| PB 0x00000000ff900000| Untracked 
|2042|0x00000000ffa00000, 0x00000000ffb00000, 0x00000000ffb00000|100%| O|  |TAMS 0x00000000ffa00000| PB 0x00000000ffa00000| Untracked 
|2043|0x00000000ffb00000, 0x00000000ffc00000, 0x00000000ffc00000|100%| O|  |TAMS 0x00000000ffb00000| PB 0x00000000ffb00000| Untracked 
|2044|0x00000000ffc00000, 0x00000000ffd00000, 0x00000000ffd00000|100%| O|  |TAMS 0x00000000ffc00000| PB 0x00000000ffc00000| Untracked 
|2045|0x00000000ffd00000, 0x00000000ffe00000, 0x00000000ffe00000|100%| O|  |TAMS 0x00000000ffd00000| PB 0x00000000ffd00000| Untracked 
|2046|0x00000000ffe00000, 0x00000000fff00000, 0x00000000fff00000|100%| E|CS|TAMS 0x00000000ffe00000| PB 0x00000000ffe00000| Complete 
|2047|0x00000000fff00000, 0x0000000100000000, 0x0000000100000000|100%| E|CS|TAMS 0x00000000fff00000| PB 0x00000000fff00000| Complete 

Card table byte_map: [0x000001d3b9b10000,0x000001d3b9f10000] _byte_map_base: 0x000001d3b9710000

Marking Bits: (CMBitMap*) 0x000001d3a4e89a20
 Bits: [0x000001d3b9f10000, 0x000001d3bbf10000)

Polling page: 0x000001d3a4ef0000

Metaspace:

Usage:
  Non-class:     97.18 MB used.
      Class:     14.77 MB used.
       Both:    111.95 MB used.

Virtual space:
  Non-class space:      128.00 MB reserved,      98.25 MB ( 77%) committed,  2 nodes.
      Class space:        1.00 GB reserved,      15.81 MB (  2%) committed,  1 nodes.
             Both:        1.12 GB reserved,     114.06 MB ( 10%) committed. 

Chunk freelists:
   Non-Class:  13.42 MB
       Class:  75.00 KB
        Both:  13.50 MB

MaxMetaspaceSize: unlimited
CompressedClassSpaceSize: 1.00 GB
Initial GC threshold: 21.00 MB
Current GC threshold: 176.38 MB
CDS: off
 - commit_granule_bytes: 65536.
 - commit_granule_words: 8192.
 - virtual_space_node_default_size: 8388608.
 - enlarge_chunks_in_place: 1.
 - use_allocation_guard: 0.


Internal statistics:

num_allocs_failed_limit: 9.
num_arena_births: 4146.
num_arena_deaths: 0.
num_vsnodes_births: 3.
num_vsnodes_deaths: 0.
num_space_committed: 1823.
num_space_uncommitted: 0.
num_chunks_returned_to_freelist: 9.
num_chunks_taken_from_freelist: 8889.
num_chunk_merges: 9.
num_chunk_splits: 5869.
num_chunks_enlarged: 3760.
num_inconsistent_stats: 0.

CodeHeap 'non-profiled nmethods': size=119168Kb used=7762Kb max_used=7762Kb free=111406Kb
 bounds [0x000001d3b12f0000, 0x000001d3b1a90000, 0x000001d3b8750000]
CodeHeap 'profiled nmethods': size=119104Kb used=23881Kb max_used=23881Kb free=95223Kb
 bounds [0x000001d3a9750000, 0x000001d3aaeb0000, 0x000001d3b0ba0000]
CodeHeap 'non-nmethods': size=7488Kb used=2659Kb max_used=3829Kb free=4828Kb
 bounds [0x000001d3b0ba0000, 0x000001d3b0f70000, 0x000001d3b12f0000]
 total_blobs=13535 nmethods=12689 adapters=749
 compilation: enabled
              stopped_count=0, restarted_count=0
 full_count=0

Compilation events (20 events):
Event: 23.183 Thread 0x000001d3bf20b260 nmethod 14336 0x000001d3aae84c10 code [0x000001d3aae84de0, 0x000001d3aae850e8]
Event: 23.183 Thread 0x000001d3bf20b260 14339       3       org.gradle.api.internal.artifacts.dependencies.DefaultResolvedVersionConstraint::<init> (171 bytes)
Event: 23.183 Thread 0x000001d3c79f7150 14338       3       org.gradle.api.internal.artifacts.dependencies.DefaultResolvedVersionConstraint::<init> (30 bytes)
Event: 23.184 Thread 0x000001d3c79f7150 nmethod 14338 0x000001d3aae85210 code [0x000001d3aae85400, 0x000001d3aae85870]
Event: 23.184 Thread 0x000001d3c79f7150 14340       3       org.gradle.api.internal.artifacts.dependencies.DefaultResolvedVersionConstraint::doComputeIsDynamic (36 bytes)
Event: 23.184 Thread 0x000001d3c79f7150 nmethod 14340 0x000001d3aae85a10 code [0x000001d3aae85be0, 0x000001d3aae85f28]
Event: 23.185 Thread 0x000001d3bf20b260 nmethod 14339 0x000001d3aae86010 code [0x000001d3aae86340, 0x000001d3aae87758]
Event: 23.190 Thread 0x000001d3bf20b260 14341       3       org.gradle.api.internal.artifacts.ivyservice.resolveengine.graph.selectors.SelectorStateResolverResults::replaceExistingResolutionsWithBetterResult (107 bytes)
Event: 23.190 Thread 0x000001d3c79f7150 14342       3       org.gradle.api.internal.artifacts.ivyservice.resolveengine.graph.builder.ComponentState::getVersion (10 bytes)
Event: 23.190 Thread 0x000001d3c79f7150 nmethod 14342 0x000001d3aae87e10 code [0x000001d3aae87fc0, 0x000001d3aae88130]
Event: 23.191 Thread 0x000001d3bf20b260 nmethod 14341 0x000001d3aae88210 code [0x000001d3aae88480, 0x000001d3aae88e70]
Event: 23.197 Thread 0x000001d3c79f7150 14346       3       org.gradle.api.internal.artifacts.ivyservice.ivyresolve.ComponentSelectionRulesProcessor::apply (27 bytes)
Event: 23.197 Thread 0x000001d3c79f7150 nmethod 14346 0x000001d3aae89390 code [0x000001d3aae89540, 0x000001d3aae89718]
Event: 23.197 Thread 0x000001d3c79f7820 14311       4       java.util.AbstractSequentialList::iterator (5 bytes)
Event: 23.201 Thread 0x000001d3c79f7150 14347       3       org.gradle.api.internal.artifacts.ivyservice.modulecache.ModuleMetadataSerializer$Reader::readMavenDependencies (39 bytes)
Event: 23.202 Thread 0x000001d3c79f7150 nmethod 14347 0x000001d3aae89810 code [0x000001d3aae89a60, 0x000001d3aae8a2f0]
Event: 23.202 Thread 0x000001d3c79f7820 nmethod 14311 0x000001d3b1a80f90 code [0x000001d3b1a81140, 0x000001d3b1a813c0]
Event: 23.202 Thread 0x000001d3c79f7820 14334       4       com.google.common.collect.ImmutableList$Builder::<init> (6 bytes)
Event: 23.203 Thread 0x000001d3c79f7820 nmethod 14334 0x000001d3b1a81590 code [0x000001d3b1a81720, 0x000001d3b1a81900]
Event: 23.203 Thread 0x000001d3c79f7820 14312       4       java.util.AbstractList::listIterator (6 bytes)

GC Heap History (20 events):
Event: 8.772 GC heap before
{Heap before GC invocations=25 (full 0):
 garbage-first heap   total 129024K, used 114159K [0x0000000080000000, 0x0000000100000000)
  region size 1024K, 51 young (52224K), 7 survivors (7168K)
 Metaspace       used 84306K, committed 86144K, reserved 1179648K
  class space    used 11232K, committed 12160K, reserved 1048576K
}
Event: 8.778 GC heap after
{Heap after GC invocations=26 (full 0):
 garbage-first heap   total 129024K, used 73580K [0x0000000080000000, 0x0000000100000000)
  region size 1024K, 5 young (5120K), 5 survivors (5120K)
 Metaspace       used 84306K, committed 86144K, reserved 1179648K
  class space    used 11232K, committed 12160K, reserved 1048576K
}
Event: 9.016 GC heap before
{Heap before GC invocations=26 (full 0):
 garbage-first heap   total 129024K, used 110444K [0x0000000080000000, 0x0000000100000000)
  region size 1024K, 42 young (43008K), 5 survivors (5120K)
 Metaspace       used 87332K, committed 89216K, reserved 1179648K
  class space    used 11631K, committed 12608K, reserved 1048576K
}
Event: 9.020 GC heap after
{Heap after GC invocations=27 (full 0):
 garbage-first heap   total 155648K, used 75361K [0x0000000080000000, 0x0000000100000000)
  region size 1024K, 2 young (2048K), 2 survivors (2048K)
 Metaspace       used 87332K, committed 89216K, reserved 1179648K
  class space    used 11631K, committed 12608K, reserved 1048576K
}
Event: 9.496 GC heap before
{Heap before GC invocations=27 (full 0):
 garbage-first heap   total 155648K, used 138849K [0x0000000080000000, 0x0000000100000000)
  region size 1024K, 63 young (64512K), 2 survivors (2048K)
 Metaspace       used 92347K, committed 94272K, reserved 1179648K
  class space    used 12463K, committed 13440K, reserved 1048576K
}
Event: 9.499 GC heap after
{Heap after GC invocations=28 (full 0):
 garbage-first heap   total 155648K, used 77195K [0x0000000080000000, 0x0000000100000000)
  region size 1024K, 4 young (4096K), 4 survivors (4096K)
 Metaspace       used 92347K, committed 94272K, reserved 1179648K
  class space    used 12463K, committed 13440K, reserved 1048576K
}
Event: 10.001 GC heap before
{Heap before GC invocations=28 (full 0):
 garbage-first heap   total 155648K, used 141707K [0x0000000080000000, 0x0000000100000000)
  region size 1024K, 67 young (68608K), 4 survivors (4096K)
 Metaspace       used 97620K, committed 99584K, reserved 1179648K
  class space    used 13226K, committed 14208K, reserved 1048576K
}
Event: 10.006 GC heap after
{Heap after GC invocations=29 (full 0):
 garbage-first heap   total 155648K, used 80683K [0x0000000080000000, 0x0000000100000000)
  region size 1024K, 8 young (8192K), 8 survivors (8192K)
 Metaspace       used 97620K, committed 99584K, reserved 1179648K
  class space    used 13226K, committed 14208K, reserved 1048576K
}
Event: 10.562 GC heap before
{Heap before GC invocations=30 (full 0):
 garbage-first heap   total 155648K, used 135979K [0x0000000080000000, 0x0000000100000000)
  region size 1024K, 63 young (64512K), 8 survivors (8192K)
 Metaspace       used 101923K, committed 103936K, reserved 1179648K
  class space    used 13834K, committed 14848K, reserved 1048576K
}
Event: 10.569 GC heap after
{Heap after GC invocations=31 (full 0):
 garbage-first heap   total 155648K, used 84978K [0x0000000080000000, 0x0000000100000000)
  region size 1024K, 8 young (8192K), 8 survivors (8192K)
 Metaspace       used 101923K, committed 103936K, reserved 1179648K
  class space    used 13834K, committed 14848K, reserved 1048576K
}
Event: 11.057 GC heap before
{Heap before GC invocations=31 (full 0):
 garbage-first heap   total 155648K, used 141298K [0x0000000080000000, 0x0000000100000000)
  region size 1024K, 59 young (60416K), 8 survivors (8192K)
 Metaspace       used 106138K, committed 108288K, reserved 1179648K
  class space    used 14297K, committed 15360K, reserved 1048576K
}
Event: 11.067 GC heap after
{Heap after GC invocations=32 (full 0):
 garbage-first heap   total 159744K, used 90592K [0x0000000080000000, 0x0000000100000000)
  region size 1024K, 8 young (8192K), 8 survivors (8192K)
 Metaspace       used 106138K, committed 108288K, reserved 1179648K
  class space    used 14297K, committed 15360K, reserved 1048576K
}
Event: 11.208 GC heap before
{Heap before GC invocations=32 (full 0):
 garbage-first heap   total 159744K, used 141792K [0x0000000080000000, 0x0000000100000000)
  region size 1024K, 58 young (59392K), 8 survivors (8192K)
 Metaspace       used 106186K, committed 108288K, reserved 1179648K
  class space    used 14301K, committed 15360K, reserved 1048576K
}
Event: 11.213 GC heap after
{Heap after GC invocations=33 (full 0):
 garbage-first heap   total 159744K, used 93378K [0x0000000080000000, 0x0000000100000000)
  region size 1024K, 5 young (5120K), 5 survivors (5120K)
 Metaspace       used 106186K, committed 108288K, reserved 1179648K
  class space    used 14301K, committed 15360K, reserved 1048576K
}
Event: 11.457 GC heap before
{Heap before GC invocations=34 (full 0):
 garbage-first heap   total 159744K, used 143554K [0x0000000080000000, 0x0000000100000000)
  region size 1024K, 55 young (56320K), 5 survivors (5120K)
 Metaspace       used 106502K, committed 108608K, reserved 1179648K
  class space    used 14347K, committed 15360K, reserved 1048576K
}
Event: 11.460 GC heap after
{Heap after GC invocations=35 (full 0):
 garbage-first heap   total 159744K, used 96383K [0x0000000080000000, 0x0000000100000000)
  region size 1024K, 6 young (6144K), 6 survivors (6144K)
 Metaspace       used 106502K, committed 108608K, reserved 1179648K
  class space    used 14347K, committed 15360K, reserved 1048576K
}
Event: 11.672 GC heap before
{Heap before GC invocations=35 (full 0):
 garbage-first heap   total 159744K, used 142463K [0x0000000080000000, 0x0000000100000000)
  region size 1024K, 52 young (53248K), 6 survivors (6144K)
 Metaspace       used 106827K, committed 108928K, reserved 1179648K
  class space    used 14383K, committed 15424K, reserved 1048576K
}
Event: 11.677 GC heap after
{Heap after GC invocations=36 (full 0):
 garbage-first heap   total 192512K, used 96466K [0x0000000080000000, 0x0000000100000000)
  region size 1024K, 5 young (5120K), 5 survivors (5120K)
 Metaspace       used 106827K, committed 108928K, reserved 1179648K
  class space    used 14383K, committed 15424K, reserved 1048576K
}
Event: 12.087 GC heap before
{Heap before GC invocations=36 (full 0):
 garbage-first heap   total 192512K, used 174290K [0x0000000080000000, 0x0000000100000000)
  region size 1024K, 82 young (83968K), 5 survivors (5120K)
 Metaspace       used 111814K, committed 113984K, reserved 1179648K
  class space    used 14885K, committed 15936K, reserved 1048576K
}
Event: 12.091 GC heap after
{Heap after GC invocations=37 (full 0):
 garbage-first heap   total 192512K, used 98818K [0x0000000080000000, 0x0000000100000000)
  region size 1024K, 7 young (7168K), 7 survivors (7168K)
 Metaspace       used 111814K, committed 113984K, reserved 1179648K
  class space    used 14885K, committed 15936K, reserved 1048576K
}

Dll operation events (3 events):
Event: 0.010 Loaded shared library C:\Program Files\Android\Android Studio\jbr\bin\java.dll
Event: 0.017 Loaded shared library C:\Program Files\Android\Android Studio\jbr\bin\zip.dll
Event: 0.539 Loaded shared library C:\Program Files\Android\Android Studio\jbr\bin\verify.dll

Deoptimization events (20 events):
Event: 23.131 Thread 0x000001d3c598b1a0 DEOPT PACKING pc=0x000001d3aa95eda1 sp=0x000000b7547f70f0
Event: 23.131 Thread 0x000001d3c598b1a0 DEOPT UNPACKING pc=0x000001d3b0bf4e42 sp=0x000000b7547f65f0 mode 0
Event: 23.180 Thread 0x000001d3c598b1a0 DEOPT PACKING pc=0x000001d3aa95eda1 sp=0x000000b7547f6530
Event: 23.180 Thread 0x000001d3c598b1a0 DEOPT UNPACKING pc=0x000001d3b0bf4e42 sp=0x000000b7547f5a30 mode 0
Event: 23.188 Thread 0x000001d3c598b1a0 Uncommon trap: trap_request=0xffffffbe fr.pc=0x000001d3b19abe98 relative=0x00000000000003f8
Event: 23.188 Thread 0x000001d3c598b1a0 Uncommon trap: reason=profile_predicate action=maybe_recompile pc=0x000001d3b19abe98 method=java.util.Collections.indexedBinarySearch(Ljava/util/List;Ljava/lang/Object;Ljava/util/Comparator;)I @ 15 c2
Event: 23.188 Thread 0x000001d3c598b1a0 DEOPT PACKING pc=0x000001d3b19abe98 sp=0x000000b7547f7c90
Event: 23.188 Thread 0x000001d3c598b1a0 DEOPT UNPACKING pc=0x000001d3b0bf46a2 sp=0x000000b7547f7bc0 mode 2
Event: 23.190 Thread 0x000001d3c598b1a0 Uncommon trap: trap_request=0xffffffbe fr.pc=0x000001d3b19abe98 relative=0x00000000000003f8
Event: 23.190 Thread 0x000001d3c598b1a0 Uncommon trap: reason=profile_predicate action=maybe_recompile pc=0x000001d3b19abe98 method=java.util.Collections.indexedBinarySearch(Ljava/util/List;Ljava/lang/Object;Ljava/util/Comparator;)I @ 15 c2
Event: 23.190 Thread 0x000001d3c598b1a0 DEOPT PACKING pc=0x000001d3b19abe98 sp=0x000000b7547f7c90
Event: 23.190 Thread 0x000001d3c598b1a0 DEOPT UNPACKING pc=0x000001d3b0bf46a2 sp=0x000000b7547f7bc0 mode 2
Event: 23.193 Thread 0x000001d3c598b1a0 Uncommon trap: trap_request=0xffffffbe fr.pc=0x000001d3b19abe98 relative=0x00000000000003f8
Event: 23.193 Thread 0x000001d3c598b1a0 Uncommon trap: reason=profile_predicate action=maybe_recompile pc=0x000001d3b19abe98 method=java.util.Collections.indexedBinarySearch(Ljava/util/List;Ljava/lang/Object;Ljava/util/Comparator;)I @ 15 c2
Event: 23.193 Thread 0x000001d3c598b1a0 DEOPT PACKING pc=0x000001d3b19abe98 sp=0x000000b7547f7c90
Event: 23.193 Thread 0x000001d3c598b1a0 DEOPT UNPACKING pc=0x000001d3b0bf46a2 sp=0x000000b7547f7bc0 mode 2
Event: 23.193 Thread 0x000001d3c598b1a0 Uncommon trap: trap_request=0xffffffbe fr.pc=0x000001d3b19abe98 relative=0x00000000000003f8
Event: 23.193 Thread 0x000001d3c598b1a0 Uncommon trap: reason=profile_predicate action=maybe_recompile pc=0x000001d3b19abe98 method=java.util.Collections.indexedBinarySearch(Ljava/util/List;Ljava/lang/Object;Ljava/util/Comparator;)I @ 15 c2
Event: 23.193 Thread 0x000001d3c598b1a0 DEOPT PACKING pc=0x000001d3b19abe98 sp=0x000000b7547f7c90
Event: 23.193 Thread 0x000001d3c598b1a0 DEOPT UNPACKING pc=0x000001d3b0bf46a2 sp=0x000000b7547f7bc0 mode 2

Classes loaded (20 events):
Event: 11.966 Loading class java/time/temporal/TemporalQueries$4
Event: 11.966 Loading class java/time/temporal/TemporalQueries$4 done
Event: 11.967 Loading class java/time/temporal/TemporalQueries$5
Event: 11.967 Loading class java/time/temporal/TemporalQueries$5 done
Event: 11.967 Loading class java/time/temporal/TemporalQueries$6
Event: 11.967 Loading class java/time/temporal/TemporalQueries$6 done
Event: 11.967 Loading class java/time/temporal/TemporalQueries$7
Event: 11.967 Loading class java/time/temporal/TemporalQueries$7 done
Event: 11.967 Loading class java/time/LocalDate$1
Event: 11.967 Loading class java/time/LocalDate$1 done
Event: 11.980 Loading class java/util/concurrent/LinkedBlockingDeque$Itr
Event: 11.981 Loading class java/util/concurrent/LinkedBlockingDeque$AbstractItr
Event: 11.981 Loading class java/util/concurrent/LinkedBlockingDeque$AbstractItr done
Event: 11.981 Loading class java/util/concurrent/LinkedBlockingDeque$Itr done
Event: 12.049 Loading class java/util/concurrent/CompletableFuture$AsyncRun
Event: 12.050 Loading class java/util/concurrent/CompletableFuture$AsyncRun done
Event: 12.050 Loading class java/util/concurrent/ForkJoinTask$Aux
Event: 12.050 Loading class java/util/concurrent/ForkJoinTask$Aux done
Event: 22.941 Loading class jdk/internal/math/FormattedFPDecimal
Event: 22.942 Loading class jdk/internal/math/FormattedFPDecimal done

Classes unloaded (0 events):
No events

Classes redefined (0 events):
No events

Internal exceptions (20 events):
Event: 12.073 Thread 0x000001d3c8084ce0 Exception <a 'sun/nio/fs/WindowsException'{0x0000000086c28160}> (0x0000000086c28160) 
thrown [s\src\hotspot\share\prims\jni.cpp, line 535]
Event: 12.073 Thread 0x000001d3c8084ce0 Exception <a 'sun/nio/fs/WindowsException'{0x0000000086c28c90}> (0x0000000086c28c90) 
thrown [s\src\hotspot\share\prims\jni.cpp, line 535]
Event: 12.073 Thread 0x000001d3c8084ce0 Exception <a 'sun/nio/fs/WindowsException'{0x0000000086c29818}> (0x0000000086c29818) 
thrown [s\src\hotspot\share\prims\jni.cpp, line 535]
Event: 12.073 Thread 0x000001d3c8084ce0 Exception <a 'sun/nio/fs/WindowsException'{0x0000000086c601d8}> (0x0000000086c601d8) 
thrown [s\src\hotspot\share\prims\jni.cpp, line 535]
Event: 12.073 Thread 0x000001d3c8084ce0 Exception <a 'sun/nio/fs/WindowsException'{0x0000000086c60d28}> (0x0000000086c60d28) 
thrown [s\src\hotspot\share\prims\jni.cpp, line 535]
Event: 12.073 Thread 0x000001d3c8084ce0 Exception <a 'sun/nio/fs/WindowsException'{0x0000000086c618d0}> (0x0000000086c618d0) 
thrown [s\src\hotspot\share\prims\jni.cpp, line 535]
Event: 12.074 Thread 0x000001d3c8084ce0 Exception <a 'sun/nio/fs/WindowsException'{0x0000000086c8ac20}> (0x0000000086c8ac20) 
thrown [s\src\hotspot\share\prims\jni.cpp, line 535]
Event: 12.074 Thread 0x000001d3c8084ce0 Exception <a 'sun/nio/fs/WindowsException'{0x0000000086c8b768}> (0x0000000086c8b768) 
thrown [s\src\hotspot\share\prims\jni.cpp, line 535]
Event: 12.074 Thread 0x000001d3c8084ce0 Exception <a 'sun/nio/fs/WindowsException'{0x0000000086c8c2f8}> (0x0000000086c8c2f8) 
thrown [s\src\hotspot\share\prims\jni.cpp, line 535]
Event: 12.075 Thread 0x000001d3c8084ce0 Exception <a 'sun/nio/fs/WindowsException'{0x0000000086cafee0}> (0x0000000086cafee0) 
thrown [s\src\hotspot\share\prims\jni.cpp, line 535]
Event: 12.075 Thread 0x000001d3c8084ce0 Exception <a 'sun/nio/fs/WindowsException'{0x0000000086cb0a48}> (0x0000000086cb0a48) 
thrown [s\src\hotspot\share\prims\jni.cpp, line 535]
Event: 12.075 Thread 0x000001d3c8084ce0 Exception <a 'sun/nio/fs/WindowsException'{0x0000000086cb15f8}> (0x0000000086cb15f8) 
thrown [s\src\hotspot\share\prims\jni.cpp, line 535]
Event: 12.075 Thread 0x000001d3c8084ce0 Exception <a 'sun/nio/fs/WindowsException'{0x0000000086cd9658}> (0x0000000086cd9658) 
thrown [s\src\hotspot\share\prims\jni.cpp, line 535]
Event: 22.985 Thread 0x000001d3c598b1a0 Exception <a 'sun/nio/fs/WindowsException'{0x0000000089f2fe20}> (0x0000000089f2fe20) 
thrown [s\src\hotspot\share\prims\jni.cpp, line 535]
Event: 22.986 Thread 0x000001d3c598b1a0 Exception <a 'sun/nio/fs/WindowsException'{0x0000000089f31300}> (0x0000000089f31300) 
thrown [s\src\hotspot\share\prims\jni.cpp, line 535]
Event: 22.986 Thread 0x000001d3c598b1a0 Exception <a 'sun/nio/fs/WindowsException'{0x0000000089f327d0}> (0x0000000089f327d0) 
thrown [s\src\hotspot\share\prims\jni.cpp, line 535]
Event: 22.986 Thread 0x000001d3c598b1a0 Exception <a 'sun/nio/fs/WindowsException'{0x0000000089f33c90}> (0x0000000089f33c90) 
thrown [s\src\hotspot\share\prims\jni.cpp, line 535]
Event: 23.041 Thread 0x000001d3c598b1a0 Exception <a 'sun/nio/fs/WindowsException'{0x0000000088ee8c68}> (0x0000000088ee8c68) 
thrown [s\src\hotspot\share\prims\jni.cpp, line 535]
Event: 23.041 Thread 0x000001d3c598b1a0 Exception <a 'sun/nio/fs/WindowsException'{0x0000000088eea370}> (0x0000000088eea370) 
thrown [s\src\hotspot\share\prims\jni.cpp, line 535]
Event: 23.042 Thread 0x000001d3c598b1a0 Exception <a 'sun/nio/fs/WindowsException'{0x0000000088eedbd8}> (0x0000000088eedbd8) 
thrown [s\src\hotspot\share\prims\jni.cpp, line 535]

ZGC Phase Switch (0 events):
No events

VM Operations (20 events):
Event: 11.974 Executing VM operation: HandshakeAllThreads (Deoptimize)
Event: 11.974 Executing VM operation: HandshakeAllThreads (Deoptimize) done
Event: 11.987 Executing VM operation: HandshakeAllThreads (Deoptimize)
Event: 11.996 Executing VM operation: HandshakeAllThreads (Deoptimize) done
Event: 11.999 Executing VM operation: HandshakeAllThreads (Deoptimize)
Event: 11.999 Executing VM operation: HandshakeAllThreads (Deoptimize) done
Event: 12.047 Executing VM operation: ICBufferFull
Event: 12.047 Executing VM operation: ICBufferFull done
Event: 12.087 Executing VM operation: G1CollectForAllocation (G1 Evacuation Pause)
Event: 12.091 Executing VM operation: G1CollectForAllocation (G1 Evacuation Pause) done
Event: 12.211 Executing VM operation: HandshakeAllThreads (Deoptimize)
Event: 12.211 Executing VM operation: HandshakeAllThreads (Deoptimize) done
Event: 13.218 Executing VM operation: Cleanup
Event: 13.218 Executing VM operation: Cleanup done
Event: 15.246 Executing VM operation: Cleanup
Event: 15.246 Executing VM operation: Cleanup done
Event: 16.259 Executing VM operation: Cleanup
Event: 16.259 Executing VM operation: Cleanup done
Event: 23.100 Executing VM operation: ICBufferFull
Event: 23.100 Executing VM operation: ICBufferFull done

Memory protections (0 events):
No events

Nmethod flushes (20 events):
Event: 11.265 Thread 0x000001d3bf1bd650 flushing  nmethod 0x000001d3aa36e910
Event: 11.265 Thread 0x000001d3bf1bd650 flushing  nmethod 0x000001d3aa61ef90
Event: 11.265 Thread 0x000001d3bf1bd650 flushing  nmethod 0x000001d3b1477490
Event: 11.265 Thread 0x000001d3bf1bd650 flushing  nmethod 0x000001d3b161d090
Event: 11.265 Thread 0x000001d3bf1bd650 flushing  nmethod 0x000001d3b179a790
Event: 11.265 Thread 0x000001d3bf1bd650 flushing  nmethod 0x000001d3a97a4710
Event: 11.265 Thread 0x000001d3bf1bd650 flushing  nmethod 0x000001d3a9862a10
Event: 11.265 Thread 0x000001d3bf1bd650 flushing  nmethod 0x000001d3a9946490
Event: 11.265 Thread 0x000001d3bf1bd650 flushing  nmethod 0x000001d3a9948090
Event: 11.265 Thread 0x000001d3bf1bd650 flushing  nmethod 0x000001d3a9948790
Event: 11.265 Thread 0x000001d3bf1bd650 flushing  nmethod 0x000001d3a9948e90
Event: 11.265 Thread 0x000001d3bf1bd650 flushing  nmethod 0x000001d3a9a98f10
Event: 11.265 Thread 0x000001d3bf1bd650 flushing  nmethod 0x000001d3a9bd2f10
Event: 11.265 Thread 0x000001d3bf1bd650 flushing  nmethod 0x000001d3a9bd3790
Event: 11.265 Thread 0x000001d3bf1bd650 flushing  nmethod 0x000001d3a9dbf890
Event: 11.265 Thread 0x000001d3bf1bd650 flushing  nmethod 0x000001d3a9e29b90
Event: 11.265 Thread 0x000001d3bf1bd650 flushing  nmethod 0x000001d3a9ea2410
Event: 11.265 Thread 0x000001d3bf1bd650 flushing  nmethod 0x000001d3aa16c590
Event: 11.265 Thread 0x000001d3bf1bd650 flushing  nmethod 0x000001d3aa274710
Event: 11.265 Thread 0x000001d3bf1bd650 flushing  nmethod 0x000001d3aa3ca290

Events (20 events):
Event: 12.201 Thread 0x000001d3bf6a1c10 Thread exited: 0x000001d3bf6a1c10
Event: 12.213 Thread 0x000001d3c4d2ad50 Thread exited: 0x000001d3c4d2ad50
Event: 13.703 Thread 0x000001d3c4c8c720 Thread exited: 0x000001d3c4c8c720
Event: 13.703 Thread 0x000001d3bf450a60 Thread exited: 0x000001d3bf450a60
Event: 14.701 Thread 0x000001d3bf41e270 Thread exited: 0x000001d3bf41e270
Event: 22.927 Thread 0x000001d3c4fc8950 Thread added: 0x000001d3c808a230
Event: 22.931 Thread 0x000001d3c4fc8950 Thread added: 0x000001d3c8086720
Event: 22.941 Thread 0x000001d3c598b1a0 Thread added: 0x000001d3c8084650
Event: 22.943 Thread 0x000001d3c598b1a0 Thread added: 0x000001d3c8085a00
Event: 22.943 Thread 0x000001d3c598b1a0 Thread added: 0x000001d3c808a8c0
Event: 22.957 Thread 0x000001d3c598b1a0 Thread added: 0x000001d3c8086db0
Event: 22.961 Thread 0x000001d3c598b1a0 Thread added: 0x000001d3c8089510
Event: 22.976 Thread 0x000001d3c598b1a0 Thread added: 0x000001d3c808bc70
Event: 22.980 Thread 0x000001d3c598b1a0 Thread added: 0x000001d3c8087440
Event: 22.982 Thread 0x000001d3c598b1a0 Thread added: 0x000001d3c8087ad0
Event: 23.038 Thread 0x000001d3bf20a7d0 Thread added: 0x000001d3c79f7ef0
Event: 23.044 Thread 0x000001d3bf20b260 Thread added: 0x000001d3c79f4f40
Event: 23.062 Thread 0x000001d3c79f4f40 Thread added: 0x000001d3c79f6a80
Event: 23.155 Thread 0x000001d3bf20b260 Thread added: 0x000001d3c79f7150
Event: 23.197 Thread 0x000001d3c79f7150 Thread added: 0x000001d3c79f7820


Dynamic libraries:
0x00007ff691290000 - 0x00007ff69129a000 	C:\Program Files\Android\Android Studio\jbr\bin\java.exe
0x00007ffc779b0000 - 0x00007ffc77bc7000 	C:\Windows\SYSTEM32\ntdll.dll
0x00007ffc76690000 - 0x00007ffc76754000 	C:\Windows\System32\KERNEL32.DLL
0x00007ffc74d80000 - 0x00007ffc7512c000 	C:\Windows\System32\KERNELBASE.dll
0x00007ffc75220000 - 0x00007ffc75331000 	C:\Windows\System32\ucrtbase.dll
0x00007ffc21cb0000 - 0x00007ffc21ccb000 	C:\Program Files\Android\Android Studio\jbr\bin\VCRUNTIME140.dll
0x00007ffc2a440000 - 0x00007ffc2a458000 	C:\Program Files\Android\Android Studio\jbr\bin\jli.dll
0x00007ffc75890000 - 0x00007ffc75a3e000 	C:\Windows\System32\USER32.dll
0x00007ffc60db0000 - 0x00007ffc61043000 	C:\Windows\WinSxS\amd64_microsoft.windows.common-controls_6595b64144ccf1df_6.0.22621.3672_none_2713b9d173822955\COMCTL32.dll
0x00007ffc751f0000 - 0x00007ffc75216000 	C:\Windows\System32\win32u.dll
0x00007ffc760c0000 - 0x00007ffc76167000 	C:\Windows\System32\msvcrt.dll
0x00007ffc76600000 - 0x00007ffc76629000 	C:\Windows\System32\GDI32.dll
0x00007ffc755d0000 - 0x00007ffc756e9000 	C:\Windows\System32\gdi32full.dll
0x00007ffc753c0000 - 0x00007ffc7545a000 	C:\Windows\System32\msvcp_win.dll
0x00007ffc772a0000 - 0x00007ffc772d1000 	C:\Windows\System32\IMM32.DLL
0x00007ffc44ad0000 - 0x00007ffc44adc000 	C:\Program Files\Android\Android Studio\jbr\bin\vcruntime140_1.dll
0x00007ffc28d20000 - 0x00007ffc28dad000 	C:\Program Files\Android\Android Studio\jbr\bin\msvcp140.dll
0x00007ffb98860000 - 0x00007ffb994ea000 	C:\Program Files\Android\Android Studio\jbr\bin\server\jvm.dll
0x00007ffc770e0000 - 0x00007ffc77192000 	C:\Windows\System32\ADVAPI32.dll
0x00007ffc77670000 - 0x00007ffc7771a000 	C:\Windows\System32\sechost.dll
0x00007ffc74ce0000 - 0x00007ffc74d08000 	C:\Windows\System32\bcrypt.dll
0x00007ffc75750000 - 0x00007ffc75865000 	C:\Windows\System32\RPCRT4.dll
0x00007ffc75fc0000 - 0x00007ffc76031000 	C:\Windows\System32\WS2_32.dll
0x00007ffc745a0000 - 0x00007ffc745ed000 	C:\Windows\SYSTEM32\POWRPROF.dll
0x00007ffc6e490000 - 0x00007ffc6e4c4000 	C:\Windows\SYSTEM32\WINMM.dll
0x00007ffc6b1e0000 - 0x00007ffc6b1ea000 	C:\Windows\SYSTEM32\VERSION.dll
0x00007ffc74530000 - 0x00007ffc74543000 	C:\Windows\SYSTEM32\UMPDC.dll
0x00007ffc73d10000 - 0x00007ffc73d28000 	C:\Windows\SYSTEM32\kernel.appcore.dll
0x00007ffc43a70000 - 0x00007ffc43a7a000 	C:\Program Files\Android\Android Studio\jbr\bin\jimage.dll
0x00007ffc72210000 - 0x00007ffc72442000 	C:\Windows\SYSTEM32\DBGHELP.DLL
0x00007ffc772e0000 - 0x00007ffc77668000 	C:\Windows\System32\combase.dll
0x00007ffc75ee0000 - 0x00007ffc75fb7000 	C:\Windows\System32\OLEAUT32.dll
0x00007ffc51f10000 - 0x00007ffc51f42000 	C:\Windows\SYSTEM32\dbgcore.DLL
0x00007ffc75340000 - 0x00007ffc753bb000 	C:\Windows\System32\bcryptPrimitives.dll
0x00007ffc5eb70000 - 0x00007ffc5eb7e000 	C:\Program Files\Android\Android Studio\jbr\bin\instrument.dll
0x00007ffc1f8b0000 - 0x00007ffc1f8d0000 	C:\Program Files\Android\Android Studio\jbr\bin\java.dll
0x00007ffbfe830000 - 0x00007ffbfe848000 	C:\Program Files\Android\Android Studio\jbr\bin\zip.dll
0x00007ffc76880000 - 0x00007ffc770dc000 	C:\Windows\System32\SHELL32.dll
0x00007ffc72bf0000 - 0x00007ffc734e7000 	C:\Windows\SYSTEM32\windows.storage.dll
0x00007ffc72ab0000 - 0x00007ffc72bef000 	C:\Windows\SYSTEM32\wintypes.dll
0x00007ffc771a0000 - 0x00007ffc77294000 	C:\Windows\System32\SHCORE.dll
0x00007ffc765a0000 - 0x00007ffc765fe000 	C:\Windows\System32\shlwapi.dll
0x00007ffc74c10000 - 0x00007ffc74c31000 	C:\Windows\SYSTEM32\profapi.dll
0x00007ffc32980000 - 0x00007ffc32990000 	C:\Program Files\Android\Android Studio\jbr\bin\net.dll
0x00007ffc707e0000 - 0x00007ffc70916000 	C:\Windows\SYSTEM32\WINHTTP.dll
0x00007ffc74180000 - 0x00007ffc741e9000 	C:\Windows\system32\mswsock.dll
0x00007ffbda1b0000 - 0x00007ffbda1c6000 	C:\Program Files\Android\Android Studio\jbr\bin\nio.dll
0x00007ffc2a9f0000 - 0x00007ffc2aa00000 	C:\Program Files\Android\Android Studio\jbr\bin\verify.dll
0x00007ffc643f0000 - 0x00007ffc64417000 	C:\Users\LENOVO\.gradle\native\c067742578af261105cb4f569cf0c3c89f3d7b1fecec35dd04571415982c5e48\windows-amd64\native-platform.dll
0x00007ffc28bd0000 - 0x00007ffc28d14000 	C:\Users\LENOVO\.gradle\native\100fb08df4bc3b14c8652ba06237920a3bd2aa13389f12d3474272988ae205f9\windows-amd64\native-platform-file-events.dll
0x00007ffc6fcd0000 - 0x00007ffc6fcd9000 	C:\Program Files\Android\Android Studio\jbr\bin\management.dll
0x00007ffc6c230000 - 0x00007ffc6c23b000 	C:\Program Files\Android\Android Studio\jbr\bin\management_ext.dll
0x00007ffc75ed0000 - 0x00007ffc75ed8000 	C:\Windows\System32\PSAPI.DLL
0x00007ffc74460000 - 0x00007ffc7447b000 	C:\Windows\SYSTEM32\CRYPTSP.dll
0x00007ffc73c70000 - 0x00007ffc73ca5000 	C:\Windows\system32\rsaenh.dll
0x00007ffc742f0000 - 0x00007ffc74318000 	C:\Windows\SYSTEM32\USERENV.dll
0x00007ffc74450000 - 0x00007ffc7445c000 	C:\Windows\SYSTEM32\CRYPTBASE.dll
0x00007ffc73760000 - 0x00007ffc7378d000 	C:\Windows\SYSTEM32\IPHLPAPI.DLL
0x00007ffc75ec0000 - 0x00007ffc75ec9000 	C:\Windows\System32\NSI.dll
0x00007ffc6fce0000 - 0x00007ffc6fce9000 	C:\Program Files\Android\Android Studio\jbr\bin\extnet.dll
0x00007ffbfaec0000 - 0x00007ffbfaec8000 	C:\Windows\system32\wshunix.dll

dbghelp: loaded successfully - version: 4.0.5 - missing functions: none
symbol engine: initialized successfully - sym options: 0x614 - pdb path: .;C:\Program Files\Android\Android Studio\jbr\bin;C:\Windows\SYSTEM32;C:\Windows\WinSxS\amd64_microsoft.windows.common-controls_6595b64144ccf1df_6.0.22621.3672_none_2713b9d173822955;C:\Program Files\Android\Android Studio\jbr\bin\server;C:\Users\LENOVO\.gradle\native\c067742578af261105cb4f569cf0c3c89f3d7b1fecec35dd04571415982c5e48\windows-amd64;C:\Users\LENOVO\.gradle\native\100fb08df4bc3b14c8652ba06237920a3bd2aa13389f12d3474272988ae205f9\windows-amd64

VM Arguments:
jvm_args: --add-opens=java.base/java.util=ALL-UNNAMED --add-opens=java.base/java.lang=ALL-UNNAMED --add-opens=java.base/java.lang.invoke=ALL-UNNAMED --add-opens=java.prefs/java.util.prefs=ALL-UNNAMED --add-exports=jdk.compiler/com.sun.tools.javac.api=ALL-UNNAMED --add-exports=jdk.compiler/com.sun.tools.javac.util=ALL-UNNAMED --add-opens=java.base/java.nio.charset=ALL-UNNAMED --add-opens=java.base/java.net=ALL-UNNAMED --add-opens=java.base/java.util.concurrent.atomic=ALL-UNNAMED -Xmx2048m -Dfile.encoding=UTF-8 -Duser.country=ID -Duser.language=en -Duser.variant -javaagent:C:\Users\LENOVO\.gradle\wrapper\dists\gradle-8.10.2-bin\a04bxjujx95o3nb99gddekhwo\gradle-8.10.2\lib\agents\gradle-instrumentation-agent-8.10.2.jar 
java_command: org.gradle.launcher.daemon.bootstrap.GradleDaemon 8.10.2
java_class_path (initial): C:\Users\LENOVO\.gradle\wrapper\dists\gradle-8.10.2-bin\a04bxjujx95o3nb99gddekhwo\gradle-8.10.2\lib\gradle-daemon-main-8.10.2.jar
Launcher Type: SUN_STANDARD

[Global flags]
     intx CICompilerCount                          = 12                                        {product} {ergonomic}
     uint ConcGCThreads                            = 3                                         {product} {ergonomic}
     uint G1ConcRefinementThreads                  = 13                                        {product} {ergonomic}
   size_t G1HeapRegionSize                         = 1048576                                   {product} {ergonomic}
    uintx GCDrainStackTargetSize                   = 64                                        {product} {ergonomic}
   size_t InitialHeapSize                          = 232783872                                 {product} {ergonomic}
   size_t MarkStackSize                            = 4194304                                   {product} {ergonomic}
   size_t MaxHeapSize                              = 2147483648                                {product} {command line}
   size_t MaxNewSize                               = 1287651328                                {product} {ergonomic}
   size_t MinHeapDeltaBytes                        = 1048576                                   {product} {ergonomic}
   size_t MinHeapSize                              = 8388608                                   {product} {ergonomic}
    uintx NonNMethodCodeHeapSize                   = 7602480                                {pd product} {ergonomic}
    uintx NonProfiledCodeHeapSize                  = 122027880                              {pd product} {ergonomic}
    uintx ProfiledCodeHeapSize                     = 122027880                              {pd product} {ergonomic}
    uintx ReservedCodeCacheSize                    = 251658240                              {pd product} {ergonomic}
     bool SegmentedCodeCache                       = true                                      {product} {ergonomic}
   size_t SoftMaxHeapSize                          = 2147483648                             {manageable} {ergonomic}
     bool UseCompressedOops                        = true                           {product lp64_product} {ergonomic}
     bool UseG1GC                                  = true                                      {product} {ergonomic}
     bool UseLargePagesIndividualAllocation        = false                                  {pd product} {ergonomic}

Logging:
Log output configuration:
 #0: stdout all=warning uptime,level,tags foldmultilines=false
 #1: stderr all=off uptime,level,tags foldmultilines=false

Environment Variables:
PATH=C:\Program Files (x86)\VMware\VMware Workstation\bin\;C:\Program Files (x86)\Embarcadero\Studio\23.0\bin;C:\Users\Public\Documents\Embarcadero\Studio\23.0\Bpl;C:\Program Files (x86)\Embarcadero\Studio\23.0\bin64;C:\Users\Public\Documents\Embarcadero\Studio\23.0\Bpl\Win64;C:\Program Files\Common Files\Oracle\Java\javapath;C:\Program Files (x86)\Common Files\Oracle\Java\java8path;C:\Program Files (x86)\Common Files\Oracle\Java\javapath;C:\Windows\system32;C:\Windows;C:\Windows\System32\Wbem;C:\Windows\System32\WindowsPowerShell\v1.0\;C:\Windows\System32\OpenSSH\;C:\Program Files\nodejs\;C:\Program Files\Git\cmd;C:\Program Files\Tesseract-OCR;C:\Users\LENOVO\AppData\Local\Android\Sdk\cmdline-tools\bin;C:\Program Files\Java\jdk-22\bin;C:\Program Files (x86)\Windows Kits\10\Windows Performance Toolkit\;C:\composer;C:\Users\LENOVO\.config\herd\bin\nvm;C:\Program Files\nodejs;C:\laragon\bin\php\php-8.3.10-Win32-vs16-x64;C:\laragon\bin\mongodb\bin;C:\Program Files\dotnet\;C:\Program Files\PuTTY\;C:\Program Files\MATLAB\R2024b\bin;C:\laragon\bin;C:\laragon\bin\apache\httpd-2.4.54-win64-VS16\bin;C:\laragon\bin\composer;C:\laragon\bin\git\bin;C:\laragon\bin\git\cmd;C:\laragon\bin\git\mingw64\bin;C:\laragon\bin\git\usr\bin;C:\laragon\bin\laragon\utils;C:\laragon\bin\mysql\mysql-8.0.30-winx64\bin;C:\laragon\bin\nginx\nginx-1.22.0;C:\laragon\bin\ngrok;C:\laragon\bin\nodejs\node-v22.6.0-win-x64;C:\laragon\bin\notepad++;C:\laragon\bin\php\php-8.3.10-Win32-vs16-x64;C:\laragon\bin\python\python-3.10;C:\laragon\bin\python\python-3.10\Scripts;C:\laragon\bin\redis\redis-x64-5.0.14.1;C:\laragon\bin\telnet;C:\laragon\bin\yarn\bin;C:\laragon\usr\bin;C:\Users\LENOVO\AppData\Local\Yarn\config\global\node_modules\.bin;C:\Users\LENOVO\AppData\Roaming\Composer\vendor\bin;C:\Users\LENOVO\AppData\Roaming\npm;C:\Program Files\Common Files\Oracle\Java\javapath;C:\Program Files (x86)\Common Files\Oracle\Java;C:\Users\LENOVO\AppData\Local\Programs\Microsoft VS Code\bin;C:\Program Files\JetBrains\PyCharm 2024.2.3\bin;;C:\Program Files\JetBrains\PyCharm Community Edition 2024.2.3\bin;;C:\Users\LENOVO\.dotnet\tools;C:\Users\LENOVO\AppData\Local\GitHubDesktop\bin;C:\Users\LENOVO\AppData\Local\Muse Hub\lib
USERNAME=LENOVO
OS=Windows_NT
PROCESSOR_IDENTIFIER=AMD64 Family 25 Model 80 Stepping 0, AuthenticAMD
TMP=C:\Users\LENOVO\AppData\Local\Temp
TEMP=C:\Users\LENOVO\AppData\Local\Temp




Periodic native trim disabled

JNI global refs:
JNI global refs: 41, weak refs: 5

JNI global refs memory usage: 835, weak refs: 833

Process memory usage:
Resident Set Size: 504632K (3% of 14513528K total physical memory with 3006904K free physical memory)

OOME stack traces (most recent first):
Classloader memory used:
Loader org.gradle.internal.classloader.VisitableURLClassLoader                         : 40680K
Loader org.gradle.internal.classloader.VisitableURLClassLoader$InstrumentingVisitableURLClassLoader: 32187K
Loader bootstrap                                                                       : 28983K
Loader org.gradle.initialization.MixInLegacyTypesClassLoader                           : 11568K
Loader jdk.internal.loader.ClassLoaders$PlatformClassLoader                            : 520K
Loader jdk.internal.reflect.DelegatingClassLoader                                      : 314K
Loader jdk.internal.loader.ClassLoaders$AppClassLoader                                 : 234K
Loader org.gradle.internal.classloader.VisitableURLClassLoader                         : 159K
Loader sun.reflect.misc.MethodUtil                                                     : 2992B


[error occurred during error reporting (Classloader stats), id 0xe0000001, Out of Memory Error (s\src\hotspot\share\memory\arena.cpp:168)]
---------------  S Y S T E M  ---------------

OS:
 Windows 11 , 64 bit Build 22621 (10.0.22621.3672)
OS uptime: 0 days 1:42 hours
Hyper-V role detected

CPU: total 16 (initial active 16) (16 cores per cpu, 2 threads per core) family 25 model 80 stepping 0 microcode 0x0, cx8, cmov, fxsr, ht, mmx, 3dnowpref, sse, sse2, sse3, ssse3, sse4a, sse4.1, sse4.2, popcnt, lzcnt, tsc, tscinvbit, avx, avx2, aes, erms, clmul, bmi1, bmi2, adx, sha, fma, vzeroupper, clflush, clflushopt, hv, rdtscp, rdpid, fsrm, f16c, cet_ss
Processor Information for processor 0
  Max Mhz: 2000, Current Mhz: 1808, Mhz Limit: 2000
Processor Information for processor 1
  Max Mhz: 2000, Current Mhz: 2000, Mhz Limit: 2000
Processor Information for processor 2
  Max Mhz: 2000, Current Mhz: 1808, Mhz Limit: 2000
Processor Information for processor 3
  Max Mhz: 2000, Current Mhz: 1808, Mhz Limit: 2000
Processor Information for processor 4
  Max Mhz: 2000, Current Mhz: 1808, Mhz Limit: 2000
Processor Information for processor 5
  Max Mhz: 2000, Current Mhz: 2000, Mhz Limit: 2000
Processor Information for processor 6
  Max Mhz: 2000, Current Mhz: 1808, Mhz Limit: 2000
Processor Information for processor 7
  Max Mhz: 2000, Current Mhz: 2000, Mhz Limit: 2000
Processor Information for processor 8
  Max Mhz: 2000, Current Mhz: 1808, Mhz Limit: 2000
Processor Information for processor 9
  Max Mhz: 2000, Current Mhz: 2000, Mhz Limit: 2000
Processor Information for processor 10
  Max Mhz: 2000, Current Mhz: 1808, Mhz Limit: 2000
Processor Information for processor 11
  Max Mhz: 2000, Current Mhz: 1808, Mhz Limit: 2000
Processor Information for processor 12
  Max Mhz: 2000, Current Mhz: 1808, Mhz Limit: 2000
Processor Information for processor 13
  Max Mhz: 2000, Current Mhz: 2000, Mhz Limit: 2000
Processor Information for processor 14
  Max Mhz: 2000, Current Mhz: 2000, Mhz Limit: 2000
Processor Information for processor 15
  Max Mhz: 2000, Current Mhz: 1808, Mhz Limit: 2000

Memory: 4k page, system-wide physical 14173M (2934M free)
TotalPageFile size 16221M (AvailPageFile size 2M)
current process WorkingSet (physical memory assigned to process): 493M, peak: 497M
current process commit charge ("private bytes"): 542M, peak: 552M

vm_info: OpenJDK 64-Bit Server VM (21.0.5+-12932927-b750.29) for windows-amd64 JRE (21.0.5+-12932927-b750.29), built on 2025-01-17T02:01:10Z by "builder" with MS VC++ 16.10 / 16.11 (VS2019)

END.
